mkdir -p build/devices
mkdir -p build/filesys
mkdir -p build/lib
mkdir -p build/lib/kernel
mkdir -p build/lib/user
mkdir -p build/tests/filesys/base
mkdir -p build/tests/filesys/extended
mkdir -p build/tests/userprog
mkdir -p build/tests/vm
mkdir -p build/threads
mkdir -p build/userprog
mkdir -p build/vm
cp ../Makefile.build build/Makefile
cd build && make grade
make[1]: Entering directory `/home/19a/pintos/src/filesys/build'
gcc -m32 -E -nostdinc -I../.. -I../../lib -I../../lib/kernel -P ../../threads/kernel.lds.S > threads/kernel.lds.s
gcc -m32 -c ../../threads/init.c -o threads/init.o -g -msoft-float -O -nostdinc -I../.. -I../../lib -I../../lib/kernel -Wall -W -Wstrict-prototypes -Wmissing-prototypes -Wsystem-headers -DUSERPROG -DFILESYS -DVM -MMD -MF threads/init.d
gcc -m32 -c ../../threads/thread.c -o threads/thread.o -g -msoft-float -O -nostdinc -I../.. -I../../lib -I../../lib/kernel -Wall -W -Wstrict-prototypes -Wmissing-prototypes -Wsystem-headers -DUSERPROG -DFILESYS -DVM -MMD -MF threads/thread.d
gcc -m32 -c ../../threads/switch.S -o threads/switch.o -Wa,--gstabs -nostdinc -I../.. -I../../lib -I../../lib/kernel -DUSERPROG -DFILESYS -DVM -MMD -MF threads/switch.d
gcc -m32 -c ../../threads/interrupt.c -o threads/interrupt.o -g -msoft-float -O -nostdinc -I../.. -I../../lib -I../../lib/kernel -Wall -W -Wstrict-prototypes -Wmissing-prototypes -Wsystem-headers -DUSERPROG -DFILESYS -DVM -MMD -MF threads/interrupt.d
gcc -m32 -c ../../threads/intr-stubs.S -o threads/intr-stubs.o -Wa,--gstabs -nostdinc -I../.. -I../../lib -I../../lib/kernel -DUSERPROG -DFILESYS -DVM -MMD -MF threads/intr-stubs.d
gcc -m32 -c ../../threads/synch.c -o threads/synch.o -g -msoft-float -O -nostdinc -I../.. -I../../lib -I../../lib/kernel -Wall -W -Wstrict-prototypes -Wmissing-prototypes -Wsystem-headers -DUSERPROG -DFILESYS -DVM -MMD -MF threads/synch.d
gcc -m32 -c ../../threads/palloc.c -o threads/palloc.o -g -msoft-float -O -nostdinc -I../.. -I../../lib -I../../lib/kernel -Wall -W -Wstrict-prototypes -Wmissing-prototypes -Wsystem-headers -DUSERPROG -DFILESYS -DVM -MMD -MF threads/palloc.d
gcc -m32 -c ../../threads/malloc.c -o threads/malloc.o -g -msoft-float -O -nostdinc -I../.. -I../../lib -I../../lib/kernel -Wall -W -Wstrict-prototypes -Wmissing-prototypes -Wsystem-headers -DUSERPROG -DFILESYS -DVM -MMD -MF threads/malloc.d
gcc -m32 -c ../../threads/start.S -o threads/start.o -Wa,--gstabs -nostdinc -I../.. -I../../lib -I../../lib/kernel -DUSERPROG -DFILESYS -DVM -MMD -MF threads/start.d
gcc -m32 -c ../../devices/timer.c -o devices/timer.o -g -msoft-float -O -nostdinc -I../.. -I../../lib -I../../lib/kernel -Wall -W -Wstrict-prototypes -Wmissing-prototypes -Wsystem-headers -DUSERPROG -DFILESYS -DVM -MMD -MF devices/timer.d
gcc -m32 -c ../../devices/kbd.c -o devices/kbd.o -g -msoft-float -O -nostdinc -I../.. -I../../lib -I../../lib/kernel -Wall -W -Wstrict-prototypes -Wmissing-prototypes -Wsystem-headers -DUSERPROG -DFILESYS -DVM -MMD -MF devices/kbd.d
gcc -m32 -c ../../devices/vga.c -o devices/vga.o -g -msoft-float -O -nostdinc -I../.. -I../../lib -I../../lib/kernel -Wall -W -Wstrict-prototypes -Wmissing-prototypes -Wsystem-headers -DUSERPROG -DFILESYS -DVM -MMD -MF devices/vga.d
gcc -m32 -c ../../devices/serial.c -o devices/serial.o -g -msoft-float -O -nostdinc -I../.. -I../../lib -I../../lib/kernel -Wall -W -Wstrict-prototypes -Wmissing-prototypes -Wsystem-headers -DUSERPROG -DFILESYS -DVM -MMD -MF devices/serial.d
gcc -m32 -c ../../devices/disk.c -o devices/disk.o -g -msoft-float -O -nostdinc -I../.. -I../../lib -I../../lib/kernel -Wall -W -Wstrict-prototypes -Wmissing-prototypes -Wsystem-headers -DUSERPROG -DFILESYS -DVM -MMD -MF devices/disk.d
gcc -m32 -c ../../devices/input.c -o devices/input.o -g -msoft-float -O -nostdinc -I../.. -I../../lib -I../../lib/kernel -Wall -W -Wstrict-prototypes -Wmissing-prototypes -Wsystem-headers -DUSERPROG -DFILESYS -DVM -MMD -MF devices/input.d
gcc -m32 -c ../../devices/intq.c -o devices/intq.o -g -msoft-float -O -nostdinc -I../.. -I../../lib -I../../lib/kernel -Wall -W -Wstrict-prototypes -Wmissing-prototypes -Wsystem-headers -DUSERPROG -DFILESYS -DVM -MMD -MF devices/intq.d
gcc -m32 -c ../../lib/debug.c -o lib/debug.o -g -msoft-float -O -nostdinc -I../.. -I../../lib -I../../lib/kernel -Wall -W -Wstrict-prototypes -Wmissing-prototypes -Wsystem-headers -DUSERPROG -DFILESYS -DVM -MMD -MF lib/debug.d
gcc -m32 -c ../../lib/random.c -o lib/random.o -g -msoft-float -O -nostdinc -I../.. -I../../lib -I../../lib/kernel -Wall -W -Wstrict-prototypes -Wmissing-prototypes -Wsystem-headers -DUSERPROG -DFILESYS -DVM -MMD -MF lib/random.d
gcc -m32 -c ../../lib/stdio.c -o lib/stdio.o -g -msoft-float -O -nostdinc -I../.. -I../../lib -I../../lib/kernel -Wall -W -Wstrict-prototypes -Wmissing-prototypes -Wsystem-headers -DUSERPROG -DFILESYS -DVM -MMD -MF lib/stdio.d
gcc -m32 -c ../../lib/stdlib.c -o lib/stdlib.o -g -msoft-float -O -nostdinc -I../.. -I../../lib -I../../lib/kernel -Wall -W -Wstrict-prototypes -Wmissing-prototypes -Wsystem-headers -DUSERPROG -DFILESYS -DVM -MMD -MF lib/stdlib.d
gcc -m32 -c ../../lib/string.c -o lib/string.o -g -msoft-float -O -nostdinc -I../.. -I../../lib -I../../lib/kernel -Wall -W -Wstrict-prototypes -Wmissing-prototypes -Wsystem-headers -DUSERPROG -DFILESYS -DVM -MMD -MF lib/string.d
gcc -m32 -c ../../lib/arithmetic.c -o lib/arithmetic.o -g -msoft-float -O -nostdinc -I../.. -I../../lib -I../../lib/kernel -Wall -W -Wstrict-prototypes -Wmissing-prototypes -Wsystem-headers -DUSERPROG -DFILESYS -DVM -MMD -MF lib/arithmetic.d
gcc -m32 -c ../../lib/kernel/debug.c -o lib/kernel/debug.o -g -msoft-float -O -nostdinc -I../.. -I../../lib -I../../lib/kernel -Wall -W -Wstrict-prototypes -Wmissing-prototypes -Wsystem-headers -DUSERPROG -DFILESYS -DVM -MMD -MF lib/kernel/debug.d
gcc -m32 -c ../../lib/kernel/list.c -o lib/kernel/list.o -g -msoft-float -O -nostdinc -I../.. -I../../lib -I../../lib/kernel -Wall -W -Wstrict-prototypes -Wmissing-prototypes -Wsystem-headers -DUSERPROG -DFILESYS -DVM -MMD -MF lib/kernel/list.d
gcc -m32 -c ../../lib/kernel/bitmap.c -o lib/kernel/bitmap.o -g -msoft-float -O -nostdinc -I../.. -I../../lib -I../../lib/kernel -Wall -W -Wstrict-prototypes -Wmissing-prototypes -Wsystem-headers -DUSERPROG -DFILESYS -DVM -MMD -MF lib/kernel/bitmap.d
gcc -m32 -c ../../lib/kernel/hash.c -o lib/kernel/hash.o -g -msoft-float -O -nostdinc -I../.. -I../../lib -I../../lib/kernel -Wall -W -Wstrict-prototypes -Wmissing-prototypes -Wsystem-headers -DUSERPROG -DFILESYS -DVM -MMD -MF lib/kernel/hash.d
gcc -m32 -c ../../lib/kernel/console.c -o lib/kernel/console.o -g -msoft-float -O -nostdinc -I../.. -I../../lib -I../../lib/kernel -Wall -W -Wstrict-prototypes -Wmissing-prototypes -Wsystem-headers -DUSERPROG -DFILESYS -DVM -MMD -MF lib/kernel/console.d
gcc -m32 -c ../../userprog/process.c -o userprog/process.o -g -msoft-float -O -nostdinc -I../.. -I../../lib -I../../lib/kernel -Wall -W -Wstrict-prototypes -Wmissing-prototypes -Wsystem-headers -DUSERPROG -DFILESYS -DVM -MMD -MF userprog/process.d
gcc -m32 -c ../../userprog/pagedir.c -o userprog/pagedir.o -g -msoft-float -O -nostdinc -I../.. -I../../lib -I../../lib/kernel -Wall -W -Wstrict-prototypes -Wmissing-prototypes -Wsystem-headers -DUSERPROG -DFILESYS -DVM -MMD -MF userprog/pagedir.d
gcc -m32 -c ../../userprog/exception.c -o userprog/exception.o -g -msoft-float -O -nostdinc -I../.. -I../../lib -I../../lib/kernel -Wall -W -Wstrict-prototypes -Wmissing-prototypes -Wsystem-headers -DUSERPROG -DFILESYS -DVM -MMD -MF userprog/exception.d
gcc -m32 -c ../../userprog/syscall.c -o userprog/syscall.o -g -msoft-float -O -nostdinc -I../.. -I../../lib -I../../lib/kernel -Wall -W -Wstrict-prototypes -Wmissing-prototypes -Wsystem-headers -DUSERPROG -DFILESYS -DVM -MMD -MF userprog/syscall.d
gcc -m32 -c ../../userprog/gdt.c -o userprog/gdt.o -g -msoft-float -O -nostdinc -I../.. -I../../lib -I../../lib/kernel -Wall -W -Wstrict-prototypes -Wmissing-prototypes -Wsystem-headers -DUSERPROG -DFILESYS -DVM -MMD -MF userprog/gdt.d
gcc -m32 -c ../../userprog/tss.c -o userprog/tss.o -g -msoft-float -O -nostdinc -I../.. -I../../lib -I../../lib/kernel -Wall -W -Wstrict-prototypes -Wmissing-prototypes -Wsystem-headers -DUSERPROG -DFILESYS -DVM -MMD -MF userprog/tss.d
gcc -m32 -c ../../filesys/filesys.c -o filesys/filesys.o -g -msoft-float -O -nostdinc -I../.. -I../../lib -I../../lib/kernel -Wall -W -Wstrict-prototypes -Wmissing-prototypes -Wsystem-headers -DUSERPROG -DFILESYS -DVM -MMD -MF filesys/filesys.d
gcc -m32 -c ../../filesys/free-map.c -o filesys/free-map.o -g -msoft-float -O -nostdinc -I../.. -I../../lib -I../../lib/kernel -Wall -W -Wstrict-prototypes -Wmissing-prototypes -Wsystem-headers -DUSERPROG -DFILESYS -DVM -MMD -MF filesys/free-map.d
gcc -m32 -c ../../filesys/file.c -o filesys/file.o -g -msoft-float -O -nostdinc -I../.. -I../../lib -I../../lib/kernel -Wall -W -Wstrict-prototypes -Wmissing-prototypes -Wsystem-headers -DUSERPROG -DFILESYS -DVM -MMD -MF filesys/file.d
gcc -m32 -c ../../filesys/directory.c -o filesys/directory.o -g -msoft-float -O -nostdinc -I../.. -I../../lib -I../../lib/kernel -Wall -W -Wstrict-prototypes -Wmissing-prototypes -Wsystem-headers -DUSERPROG -DFILESYS -DVM -MMD -MF filesys/directory.d
gcc -m32 -c ../../filesys/inode.c -o filesys/inode.o -g -msoft-float -O -nostdinc -I../.. -I../../lib -I../../lib/kernel -Wall -W -Wstrict-prototypes -Wmissing-prototypes -Wsystem-headers -DUSERPROG -DFILESYS -DVM -MMD -MF filesys/inode.d
gcc -m32 -c ../../filesys/fsutil.c -o filesys/fsutil.o -g -msoft-float -O -nostdinc -I../.. -I../../lib -I../../lib/kernel -Wall -W -Wstrict-prototypes -Wmissing-prototypes -Wsystem-headers -DUSERPROG -DFILESYS -DVM -MMD -MF filesys/fsutil.d
gcc -m32 -c ../../filesys/cache.c -o filesys/cache.o -g -msoft-float -O -nostdinc -I../.. -I../../lib -I../../lib/kernel -Wall -W -Wstrict-prototypes -Wmissing-prototypes -Wsystem-headers -DUSERPROG -DFILESYS -DVM -MMD -MF filesys/cache.d
gcc -m32 -c ../../vm/page.c -o vm/page.o -g -msoft-float -O -nostdinc -I../.. -I../../lib -I../../lib/kernel -Wall -W -Wstrict-prototypes -Wmissing-prototypes -Wsystem-headers -DUSERPROG -DFILESYS -DVM -MMD -MF vm/page.d
gcc -m32 -c ../../vm/frame.c -o vm/frame.o -g -msoft-float -O -nostdinc -I../.. -I../../lib -I../../lib/kernel -Wall -W -Wstrict-prototypes -Wmissing-prototypes -Wsystem-headers -DUSERPROG -DFILESYS -DVM -MMD -MF vm/frame.d
gcc -m32 -c ../../vm/swap.c -o vm/swap.o -g -msoft-float -O -nostdinc -I../.. -I../../lib -I../../lib/kernel -Wall -W -Wstrict-prototypes -Wmissing-prototypes -Wsystem-headers -DUSERPROG -DFILESYS -DVM -MMD -MF vm/swap.d
ld -melf_i386 -T threads/kernel.lds.s -o kernel.o threads/init.o threads/thread.o threads/switch.o threads/interrupt.o threads/intr-stubs.o threads/synch.o threads/palloc.o threads/malloc.o threads/start.o devices/timer.o devices/kbd.o devices/vga.o devices/serial.o devices/disk.o devices/input.o devices/intq.o lib/debug.o lib/random.o lib/stdio.o lib/stdlib.o lib/string.o lib/arithmetic.o lib/kernel/debug.o lib/kernel/list.o lib/kernel/bitmap.o lib/kernel/hash.o lib/kernel/console.o userprog/process.o userprog/pagedir.o userprog/exception.o userprog/syscall.o userprog/gdt.o userprog/tss.o filesys/filesys.o filesys/free-map.o filesys/file.o filesys/directory.o filesys/inode.o filesys/fsutil.o filesys/cache.o vm/page.o vm/frame.o vm/swap.o
objcopy -O binary -R .note -R .comment -S kernel.o kernel.bin.tmp
dd if=kernel.bin.tmp of=kernel.bin bs=4096 conv=sync
rm kernel.bin.tmp
gcc -m32 -c ../../threads/loader.S -o threads/loader.o -Wa,--gstabs -nostdinc -I../.. -I../../lib -I../../lib/kernel -DUSERPROG -DFILESYS -DVM -DKERNEL_LOAD_PAGES=`perl -e 'print +(-s "kernel.bin") / 4096;'`
ld -melf_i386 -N -e start -Ttext 0x7c00 --oformat binary -o loader.bin threads/loader.o
cat loader.bin kernel.bin > os.dsk
gcc -m32 -c ../../tests/userprog/args.c -o tests/userprog/args.o -g -msoft-float -O -nostdinc -I../.. -I../../lib -I../../lib/user -I. -Wall -W -Wstrict-prototypes -Wmissing-prototypes -Wsystem-headers  -MMD -MF tests/userprog/args.d
gcc -m32 -c ../../tests/lib.c -o tests/lib.o -g -msoft-float -O -nostdinc -I../.. -I../../lib -I../../lib/user -I. -Wall -W -Wstrict-prototypes -Wmissing-prototypes -Wsystem-headers  -MMD -MF tests/lib.d
gcc -m32 -c ../../lib/user/entry.c -o lib/user/entry.o -g -msoft-float -O -nostdinc -I../.. -I../../lib -I../../lib/user -I. -Wall -W -Wstrict-prototypes -Wmissing-prototypes -Wsystem-headers  -MMD -MF lib/user/entry.d
gcc -m32 -c ../../lib/user/debug.c -o lib/user/debug.o -g -msoft-float -O -nostdinc -I../.. -I../../lib -I../../lib/user -I. -Wall -W -Wstrict-prototypes -Wmissing-prototypes -Wsystem-headers  -MMD -MF lib/user/debug.d
gcc -m32 -c ../../lib/user/syscall.c -o lib/user/syscall.o -g -msoft-float -O -nostdinc -I../.. -I../../lib -I../../lib/user -I. -Wall -W -Wstrict-prototypes -Wmissing-prototypes -Wsystem-headers  -MMD -MF lib/user/syscall.d
gcc -m32 -c ../../lib/user/console.c -o lib/user/console.o -g -msoft-float -O -nostdinc -I../.. -I../../lib -I../../lib/user -I. -Wall -W -Wstrict-prototypes -Wmissing-prototypes -Wsystem-headers  -MMD -MF lib/user/console.d
rm -f libc.a
ar r libc.a lib/debug.o lib/random.o lib/stdio.o lib/stdlib.o lib/string.o lib/arithmetic.o lib/user/debug.o lib/user/syscall.o lib/user/console.o
ranlib libc.a
gcc -m32 -nostdlib -static -Wl,-T,../../lib/user/user.lds tests/userprog/args.o tests/lib.o lib/user/entry.o libc.a -o tests/userprog/args-none
pintos -v -k -T 60 --qemu  --fs-disk=2 -p tests/userprog/args-none -a args-none --swap-disk=4 -- -q   -f run args-none < /dev/null 2> tests/userprog/args-none.errors > tests/userprog/args-none.output
perl -I../.. ../../tests/userprog/args-none.ck tests/userprog/args-none tests/userprog/args-none.result
pass tests/userprog/args-none
gcc -m32 -nostdlib -static -Wl,-T,../../lib/user/user.lds tests/userprog/args.o tests/lib.o lib/user/entry.o libc.a -o tests/userprog/args-single
pintos -v -k -T 60 --qemu  --fs-disk=2 -p tests/userprog/args-single -a args-single --swap-disk=4 -- -q   -f run 'args-single onearg' < /dev/null 2> tests/userprog/args-single.errors > tests/userprog/args-single.output
perl -I../.. ../../tests/userprog/args-single.ck tests/userprog/args-single tests/userprog/args-single.result
pass tests/userprog/args-single
gcc -m32 -nostdlib -static -Wl,-T,../../lib/user/user.lds tests/userprog/args.o tests/lib.o lib/user/entry.o libc.a -o tests/userprog/args-multiple
pintos -v -k -T 60 --qemu  --fs-disk=2 -p tests/userprog/args-multiple -a args-multiple --swap-disk=4 -- -q   -f run 'args-multiple some arguments for you!' < /dev/null 2> tests/userprog/args-multiple.errors > tests/userprog/args-multiple.output
perl -I../.. ../../tests/userprog/args-multiple.ck tests/userprog/args-multiple tests/userprog/args-multiple.result
pass tests/userprog/args-multiple
gcc -m32 -nostdlib -static -Wl,-T,../../lib/user/user.lds tests/userprog/args.o tests/lib.o lib/user/entry.o libc.a -o tests/userprog/args-many
pintos -v -k -T 60 --qemu  --fs-disk=2 -p tests/userprog/args-many -a args-many --swap-disk=4 -- -q   -f run 'args-many a b c d e f g h i j k l m n o p q r s t u v' < /dev/null 2> tests/userprog/args-many.errors > tests/userprog/args-many.output
perl -I../.. ../../tests/userprog/args-many.ck tests/userprog/args-many tests/userprog/args-many.result
pass tests/userprog/args-many
gcc -m32 -nostdlib -static -Wl,-T,../../lib/user/user.lds tests/userprog/args.o tests/lib.o lib/user/entry.o libc.a -o tests/userprog/args-dbl-space
pintos -v -k -T 60 --qemu  --fs-disk=2 -p tests/userprog/args-dbl-space -a args-dbl-space --swap-disk=4 -- -q   -f run 'args-dbl-space two  spaces!' < /dev/null 2> tests/userprog/args-dbl-space.errors > tests/userprog/args-dbl-space.output
perl -I../.. ../../tests/userprog/args-dbl-space.ck tests/userprog/args-dbl-space tests/userprog/args-dbl-space.result
pass tests/userprog/args-dbl-space
gcc -m32 -c ../../tests/userprog/sc-bad-sp.c -o tests/userprog/sc-bad-sp.o -g -msoft-float -O -nostdinc -I../.. -I../../lib -I../../lib/user -I. -Wall -W -Wstrict-prototypes -Wmissing-prototypes -Wsystem-headers  -MMD -MF tests/userprog/sc-bad-sp.d
gcc -m32 -c ../../tests/main.c -o tests/main.o -g -msoft-float -O -nostdinc -I../.. -I../../lib -I../../lib/user -I. -Wall -W -Wstrict-prototypes -Wmissing-prototypes -Wsystem-headers  -MMD -MF tests/main.d
gcc -m32 -nostdlib -static -Wl,-T,../../lib/user/user.lds tests/userprog/sc-bad-sp.o tests/main.o tests/lib.o lib/user/entry.o libc.a -o tests/userprog/sc-bad-sp
pintos -v -k -T 60 --qemu  --fs-disk=2 -p tests/userprog/sc-bad-sp -a sc-bad-sp --swap-disk=4 -- -q   -f run sc-bad-sp < /dev/null 2> tests/userprog/sc-bad-sp.errors > tests/userprog/sc-bad-sp.output
perl -I../.. ../../tests/userprog/sc-bad-sp.ck tests/userprog/sc-bad-sp tests/userprog/sc-bad-sp.result
pass tests/userprog/sc-bad-sp
gcc -m32 -c ../../tests/userprog/sc-bad-arg.c -o tests/userprog/sc-bad-arg.o -g -msoft-float -O -nostdinc -I../.. -I../../lib -I../../lib/user -I. -Wall -W -Wstrict-prototypes -Wmissing-prototypes -Wsystem-headers  -MMD -MF tests/userprog/sc-bad-arg.d
gcc -m32 -nostdlib -static -Wl,-T,../../lib/user/user.lds tests/userprog/sc-bad-arg.o tests/main.o tests/lib.o lib/user/entry.o libc.a -o tests/userprog/sc-bad-arg
pintos -v -k -T 60 --qemu  --fs-disk=2 -p tests/userprog/sc-bad-arg -a sc-bad-arg --swap-disk=4 -- -q   -f run sc-bad-arg < /dev/null 2> tests/userprog/sc-bad-arg.errors > tests/userprog/sc-bad-arg.output
perl -I../.. ../../tests/userprog/sc-bad-arg.ck tests/userprog/sc-bad-arg tests/userprog/sc-bad-arg.result
pass tests/userprog/sc-bad-arg
gcc -m32 -c ../../tests/userprog/sc-boundary.c -o tests/userprog/sc-boundary.o -g -msoft-float -O -nostdinc -I../.. -I../../lib -I../../lib/user -I. -Wall -W -Wstrict-prototypes -Wmissing-prototypes -Wsystem-headers  -MMD -MF tests/userprog/sc-boundary.d
gcc -m32 -c ../../tests/userprog/boundary.c -o tests/userprog/boundary.o -g -msoft-float -O -nostdinc -I../.. -I../../lib -I../../lib/user -I. -Wall -W -Wstrict-prototypes -Wmissing-prototypes -Wsystem-headers  -MMD -MF tests/userprog/boundary.d
gcc -m32 -nostdlib -static -Wl,-T,../../lib/user/user.lds tests/userprog/sc-boundary.o tests/userprog/boundary.o tests/main.o tests/lib.o lib/user/entry.o libc.a -o tests/userprog/sc-boundary
pintos -v -k -T 60 --qemu  --fs-disk=2 -p tests/userprog/sc-boundary -a sc-boundary --swap-disk=4 -- -q   -f run sc-boundary < /dev/null 2> tests/userprog/sc-boundary.errors > tests/userprog/sc-boundary.output
perl -I../.. ../../tests/userprog/sc-boundary.ck tests/userprog/sc-boundary tests/userprog/sc-boundary.result
pass tests/userprog/sc-boundary
gcc -m32 -c ../../tests/userprog/sc-boundary-2.c -o tests/userprog/sc-boundary-2.o -g -msoft-float -O -nostdinc -I../.. -I../../lib -I../../lib/user -I. -Wall -W -Wstrict-prototypes -Wmissing-prototypes -Wsystem-headers  -MMD -MF tests/userprog/sc-boundary-2.d
gcc -m32 -nostdlib -static -Wl,-T,../../lib/user/user.lds tests/userprog/sc-boundary-2.o tests/userprog/boundary.o tests/main.o tests/lib.o lib/user/entry.o libc.a -o tests/userprog/sc-boundary-2
pintos -v -k -T 60 --qemu  --fs-disk=2 -p tests/userprog/sc-boundary-2 -a sc-boundary-2 --swap-disk=4 -- -q   -f run sc-boundary-2 < /dev/null 2> tests/userprog/sc-boundary-2.errors > tests/userprog/sc-boundary-2.output
perl -I../.. ../../tests/userprog/sc-boundary-2.ck tests/userprog/sc-boundary-2 tests/userprog/sc-boundary-2.result
pass tests/userprog/sc-boundary-2
gcc -m32 -c ../../tests/userprog/halt.c -o tests/userprog/halt.o -g -msoft-float -O -nostdinc -I../.. -I../../lib -I../../lib/user -I. -Wall -W -Wstrict-prototypes -Wmissing-prototypes -Wsystem-headers  -MMD -MF tests/userprog/halt.d
gcc -m32 -nostdlib -static -Wl,-T,../../lib/user/user.lds tests/userprog/halt.o tests/main.o tests/lib.o lib/user/entry.o libc.a -o tests/userprog/halt
pintos -v -k -T 60 --qemu  --fs-disk=2 -p tests/userprog/halt -a halt --swap-disk=4 -- -q   -f run halt < /dev/null 2> tests/userprog/halt.errors > tests/userprog/halt.output
perl -I../.. ../../tests/userprog/halt.ck tests/userprog/halt tests/userprog/halt.result
pass tests/userprog/halt
gcc -m32 -c ../../tests/userprog/exit.c -o tests/userprog/exit.o -g -msoft-float -O -nostdinc -I../.. -I../../lib -I../../lib/user -I. -Wall -W -Wstrict-prototypes -Wmissing-prototypes -Wsystem-headers  -MMD -MF tests/userprog/exit.d
gcc -m32 -nostdlib -static -Wl,-T,../../lib/user/user.lds tests/userprog/exit.o tests/main.o tests/lib.o lib/user/entry.o libc.a -o tests/userprog/exit
pintos -v -k -T 60 --qemu  --fs-disk=2 -p tests/userprog/exit -a exit --swap-disk=4 -- -q   -f run exit < /dev/null 2> tests/userprog/exit.errors > tests/userprog/exit.output
perl -I../.. ../../tests/userprog/exit.ck tests/userprog/exit tests/userprog/exit.result
pass tests/userprog/exit
gcc -m32 -c ../../tests/userprog/create-normal.c -o tests/userprog/create-normal.o -g -msoft-float -O -nostdinc -I../.. -I../../lib -I../../lib/user -I. -Wall -W -Wstrict-prototypes -Wmissing-prototypes -Wsystem-headers  -MMD -MF tests/userprog/create-normal.d
gcc -m32 -nostdlib -static -Wl,-T,../../lib/user/user.lds tests/userprog/create-normal.o tests/main.o tests/lib.o lib/user/entry.o libc.a -o tests/userprog/create-normal
pintos -v -k -T 60 --qemu  --fs-disk=2 -p tests/userprog/create-normal -a create-normal --swap-disk=4 -- -q   -f run create-normal < /dev/null 2> tests/userprog/create-normal.errors > tests/userprog/create-normal.output
perl -I../.. ../../tests/userprog/create-normal.ck tests/userprog/create-normal tests/userprog/create-normal.result
pass tests/userprog/create-normal
gcc -m32 -c ../../tests/userprog/create-empty.c -o tests/userprog/create-empty.o -g -msoft-float -O -nostdinc -I../.. -I../../lib -I../../lib/user -I. -Wall -W -Wstrict-prototypes -Wmissing-prototypes -Wsystem-headers  -MMD -MF tests/userprog/create-empty.d
gcc -m32 -nostdlib -static -Wl,-T,../../lib/user/user.lds tests/userprog/create-empty.o tests/main.o tests/lib.o lib/user/entry.o libc.a -o tests/userprog/create-empty
pintos -v -k -T 60 --qemu  --fs-disk=2 -p tests/userprog/create-empty -a create-empty --swap-disk=4 -- -q   -f run create-empty < /dev/null 2> tests/userprog/create-empty.errors > tests/userprog/create-empty.output
perl -I../.. ../../tests/userprog/create-empty.ck tests/userprog/create-empty tests/userprog/create-empty.result
pass tests/userprog/create-empty
gcc -m32 -c ../../tests/userprog/create-null.c -o tests/userprog/create-null.o -g -msoft-float -O -nostdinc -I../.. -I../../lib -I../../lib/user -I. -Wall -W -Wstrict-prototypes -Wmissing-prototypes -Wsystem-headers  -MMD -MF tests/userprog/create-null.d
gcc -m32 -nostdlib -static -Wl,-T,../../lib/user/user.lds tests/userprog/create-null.o tests/main.o tests/lib.o lib/user/entry.o libc.a -o tests/userprog/create-null
pintos -v -k -T 60 --qemu  --fs-disk=2 -p tests/userprog/create-null -a create-null --swap-disk=4 -- -q   -f run create-null < /dev/null 2> tests/userprog/create-null.errors > tests/userprog/create-null.output
perl -I../.. ../../tests/userprog/create-null.ck tests/userprog/create-null tests/userprog/create-null.result
pass tests/userprog/create-null
gcc -m32 -c ../../tests/userprog/create-bad-ptr.c -o tests/userprog/create-bad-ptr.o -g -msoft-float -O -nostdinc -I../.. -I../../lib -I../../lib/user -I. -Wall -W -Wstrict-prototypes -Wmissing-prototypes -Wsystem-headers  -MMD -MF tests/userprog/create-bad-ptr.d
gcc -m32 -nostdlib -static -Wl,-T,../../lib/user/user.lds tests/userprog/create-bad-ptr.o tests/main.o tests/lib.o lib/user/entry.o libc.a -o tests/userprog/create-bad-ptr
pintos -v -k -T 60 --qemu  --fs-disk=2 -p tests/userprog/create-bad-ptr -a create-bad-ptr --swap-disk=4 -- -q   -f run create-bad-ptr < /dev/null 2> tests/userprog/create-bad-ptr.errors > tests/userprog/create-bad-ptr.output
perl -I../.. ../../tests/userprog/create-bad-ptr.ck tests/userprog/create-bad-ptr tests/userprog/create-bad-ptr.result
pass tests/userprog/create-bad-ptr
gcc -m32 -c ../../tests/userprog/create-long.c -o tests/userprog/create-long.o -g -msoft-float -O -nostdinc -I../.. -I../../lib -I../../lib/user -I. -Wall -W -Wstrict-prototypes -Wmissing-prototypes -Wsystem-headers  -MMD -MF tests/userprog/create-long.d
gcc -m32 -nostdlib -static -Wl,-T,../../lib/user/user.lds tests/userprog/create-long.o tests/main.o tests/lib.o lib/user/entry.o libc.a -o tests/userprog/create-long
pintos -v -k -T 60 --qemu  --fs-disk=2 -p tests/userprog/create-long -a create-long --swap-disk=4 -- -q   -f run create-long < /dev/null 2> tests/userprog/create-long.errors > tests/userprog/create-long.output
perl -I../.. ../../tests/userprog/create-long.ck tests/userprog/create-long tests/userprog/create-long.result
pass tests/userprog/create-long
gcc -m32 -c ../../tests/userprog/create-exists.c -o tests/userprog/create-exists.o -g -msoft-float -O -nostdinc -I../.. -I../../lib -I../../lib/user -I. -Wall -W -Wstrict-prototypes -Wmissing-prototypes -Wsystem-headers  -MMD -MF tests/userprog/create-exists.d
gcc -m32 -nostdlib -static -Wl,-T,../../lib/user/user.lds tests/userprog/create-exists.o tests/main.o tests/lib.o lib/user/entry.o libc.a -o tests/userprog/create-exists
pintos -v -k -T 60 --qemu  --fs-disk=2 -p tests/userprog/create-exists -a create-exists --swap-disk=4 -- -q   -f run create-exists < /dev/null 2> tests/userprog/create-exists.errors > tests/userprog/create-exists.output
perl -I../.. ../../tests/userprog/create-exists.ck tests/userprog/create-exists tests/userprog/create-exists.result
pass tests/userprog/create-exists
gcc -m32 -c ../../tests/userprog/create-bound.c -o tests/userprog/create-bound.o -g -msoft-float -O -nostdinc -I../.. -I../../lib -I../../lib/user -I. -Wall -W -Wstrict-prototypes -Wmissing-prototypes -Wsystem-headers  -MMD -MF tests/userprog/create-bound.d
gcc -m32 -nostdlib -static -Wl,-T,../../lib/user/user.lds tests/userprog/create-bound.o tests/userprog/boundary.o tests/main.o tests/lib.o lib/user/entry.o libc.a -o tests/userprog/create-bound
pintos -v -k -T 60 --qemu  --fs-disk=2 -p tests/userprog/create-bound -a create-bound --swap-disk=4 -- -q   -f run create-bound < /dev/null 2> tests/userprog/create-bound.errors > tests/userprog/create-bound.output
perl -I../.. ../../tests/userprog/create-bound.ck tests/userprog/create-bound tests/userprog/create-bound.result
pass tests/userprog/create-bound
gcc -m32 -c ../../tests/userprog/open-normal.c -o tests/userprog/open-normal.o -g -msoft-float -O -nostdinc -I../.. -I../../lib -I../../lib/user -I. -Wall -W -Wstrict-prototypes -Wmissing-prototypes -Wsystem-headers  -MMD -MF tests/userprog/open-normal.d
gcc -m32 -nostdlib -static -Wl,-T,../../lib/user/user.lds tests/userprog/open-normal.o tests/main.o tests/lib.o lib/user/entry.o libc.a -o tests/userprog/open-normal
pintos -v -k -T 60 --qemu  --fs-disk=2 -p tests/userprog/open-normal -a open-normal -p ../../tests/userprog/sample.txt -a sample.txt --swap-disk=4 -- -q   -f run open-normal < /dev/null 2> tests/userprog/open-normal.errors > tests/userprog/open-normal.output
perl -I../.. ../../tests/userprog/open-normal.ck tests/userprog/open-normal tests/userprog/open-normal.result
pass tests/userprog/open-normal
gcc -m32 -c ../../tests/userprog/open-missing.c -o tests/userprog/open-missing.o -g -msoft-float -O -nostdinc -I../.. -I../../lib -I../../lib/user -I. -Wall -W -Wstrict-prototypes -Wmissing-prototypes -Wsystem-headers  -MMD -MF tests/userprog/open-missing.d
gcc -m32 -nostdlib -static -Wl,-T,../../lib/user/user.lds tests/userprog/open-missing.o tests/main.o tests/lib.o lib/user/entry.o libc.a -o tests/userprog/open-missing
pintos -v -k -T 60 --qemu  --fs-disk=2 -p tests/userprog/open-missing -a open-missing --swap-disk=4 -- -q   -f run open-missing < /dev/null 2> tests/userprog/open-missing.errors > tests/userprog/open-missing.output
perl -I../.. ../../tests/userprog/open-missing.ck tests/userprog/open-missing tests/userprog/open-missing.result
pass tests/userprog/open-missing
gcc -m32 -c ../../tests/userprog/open-boundary.c -o tests/userprog/open-boundary.o -g -msoft-float -O -nostdinc -I../.. -I../../lib -I../../lib/user -I. -Wall -W -Wstrict-prototypes -Wmissing-prototypes -Wsystem-headers  -MMD -MF tests/userprog/open-boundary.d
gcc -m32 -nostdlib -static -Wl,-T,../../lib/user/user.lds tests/userprog/open-boundary.o tests/userprog/boundary.o tests/main.o tests/lib.o lib/user/entry.o libc.a -o tests/userprog/open-boundary
pintos -v -k -T 60 --qemu  --fs-disk=2 -p tests/userprog/open-boundary -a open-boundary -p ../../tests/userprog/sample.txt -a sample.txt --swap-disk=4 -- -q   -f run open-boundary < /dev/null 2> tests/userprog/open-boundary.errors > tests/userprog/open-boundary.output
perl -I../.. ../../tests/userprog/open-boundary.ck tests/userprog/open-boundary tests/userprog/open-boundary.result
pass tests/userprog/open-boundary
gcc -m32 -c ../../tests/userprog/open-empty.c -o tests/userprog/open-empty.o -g -msoft-float -O -nostdinc -I../.. -I../../lib -I../../lib/user -I. -Wall -W -Wstrict-prototypes -Wmissing-prototypes -Wsystem-headers  -MMD -MF tests/userprog/open-empty.d
gcc -m32 -nostdlib -static -Wl,-T,../../lib/user/user.lds tests/userprog/open-empty.o tests/main.o tests/lib.o lib/user/entry.o libc.a -o tests/userprog/open-empty
pintos -v -k -T 60 --qemu  --fs-disk=2 -p tests/userprog/open-empty -a open-empty --swap-disk=4 -- -q   -f run open-empty < /dev/null 2> tests/userprog/open-empty.errors > tests/userprog/open-empty.output
perl -I../.. ../../tests/userprog/open-empty.ck tests/userprog/open-empty tests/userprog/open-empty.result
pass tests/userprog/open-empty
gcc -m32 -c ../../tests/userprog/open-null.c -o tests/userprog/open-null.o -g -msoft-float -O -nostdinc -I../.. -I../../lib -I../../lib/user -I. -Wall -W -Wstrict-prototypes -Wmissing-prototypes -Wsystem-headers  -MMD -MF tests/userprog/open-null.d
gcc -m32 -nostdlib -static -Wl,-T,../../lib/user/user.lds tests/userprog/open-null.o tests/main.o tests/lib.o lib/user/entry.o libc.a -o tests/userprog/open-null
pintos -v -k -T 60 --qemu  --fs-disk=2 -p tests/userprog/open-null -a open-null --swap-disk=4 -- -q   -f run open-null < /dev/null 2> tests/userprog/open-null.errors > tests/userprog/open-null.output
perl -I../.. ../../tests/userprog/open-null.ck tests/userprog/open-null tests/userprog/open-null.result
pass tests/userprog/open-null
gcc -m32 -c ../../tests/userprog/open-bad-ptr.c -o tests/userprog/open-bad-ptr.o -g -msoft-float -O -nostdinc -I../.. -I../../lib -I../../lib/user -I. -Wall -W -Wstrict-prototypes -Wmissing-prototypes -Wsystem-headers  -MMD -MF tests/userprog/open-bad-ptr.d
gcc -m32 -nostdlib -static -Wl,-T,../../lib/user/user.lds tests/userprog/open-bad-ptr.o tests/main.o tests/lib.o lib/user/entry.o libc.a -o tests/userprog/open-bad-ptr
pintos -v -k -T 60 --qemu  --fs-disk=2 -p tests/userprog/open-bad-ptr -a open-bad-ptr --swap-disk=4 -- -q   -f run open-bad-ptr < /dev/null 2> tests/userprog/open-bad-ptr.errors > tests/userprog/open-bad-ptr.output
perl -I../.. ../../tests/userprog/open-bad-ptr.ck tests/userprog/open-bad-ptr tests/userprog/open-bad-ptr.result
pass tests/userprog/open-bad-ptr
gcc -m32 -c ../../tests/userprog/open-twice.c -o tests/userprog/open-twice.o -g -msoft-float -O -nostdinc -I../.. -I../../lib -I../../lib/user -I. -Wall -W -Wstrict-prototypes -Wmissing-prototypes -Wsystem-headers  -MMD -MF tests/userprog/open-twice.d
gcc -m32 -nostdlib -static -Wl,-T,../../lib/user/user.lds tests/userprog/open-twice.o tests/main.o tests/lib.o lib/user/entry.o libc.a -o tests/userprog/open-twice
pintos -v -k -T 60 --qemu  --fs-disk=2 -p tests/userprog/open-twice -a open-twice -p ../../tests/userprog/sample.txt -a sample.txt --swap-disk=4 -- -q   -f run open-twice < /dev/null 2> tests/userprog/open-twice.errors > tests/userprog/open-twice.output
perl -I../.. ../../tests/userprog/open-twice.ck tests/userprog/open-twice tests/userprog/open-twice.result
pass tests/userprog/open-twice
gcc -m32 -c ../../tests/userprog/close-normal.c -o tests/userprog/close-normal.o -g -msoft-float -O -nostdinc -I../.. -I../../lib -I../../lib/user -I. -Wall -W -Wstrict-prototypes -Wmissing-prototypes -Wsystem-headers  -MMD -MF tests/userprog/close-normal.d
gcc -m32 -nostdlib -static -Wl,-T,../../lib/user/user.lds tests/userprog/close-normal.o tests/main.o tests/lib.o lib/user/entry.o libc.a -o tests/userprog/close-normal
pintos -v -k -T 60 --qemu  --fs-disk=2 -p tests/userprog/close-normal -a close-normal -p ../../tests/userprog/sample.txt -a sample.txt --swap-disk=4 -- -q   -f run close-normal < /dev/null 2> tests/userprog/close-normal.errors > tests/userprog/close-normal.output
perl -I../.. ../../tests/userprog/close-normal.ck tests/userprog/close-normal tests/userprog/close-normal.result
pass tests/userprog/close-normal
gcc -m32 -c ../../tests/userprog/close-twice.c -o tests/userprog/close-twice.o -g -msoft-float -O -nostdinc -I../.. -I../../lib -I../../lib/user -I. -Wall -W -Wstrict-prototypes -Wmissing-prototypes -Wsystem-headers  -MMD -MF tests/userprog/close-twice.d
gcc -m32 -nostdlib -static -Wl,-T,../../lib/user/user.lds tests/userprog/close-twice.o tests/main.o tests/lib.o lib/user/entry.o libc.a -o tests/userprog/close-twice
pintos -v -k -T 60 --qemu  --fs-disk=2 -p tests/userprog/close-twice -a close-twice -p ../../tests/userprog/sample.txt -a sample.txt --swap-disk=4 -- -q   -f run close-twice < /dev/null 2> tests/userprog/close-twice.errors > tests/userprog/close-twice.output
perl -I../.. ../../tests/userprog/close-twice.ck tests/userprog/close-twice tests/userprog/close-twice.result
pass tests/userprog/close-twice
gcc -m32 -c ../../tests/userprog/close-stdin.c -o tests/userprog/close-stdin.o -g -msoft-float -O -nostdinc -I../.. -I../../lib -I../../lib/user -I. -Wall -W -Wstrict-prototypes -Wmissing-prototypes -Wsystem-headers  -MMD -MF tests/userprog/close-stdin.d
gcc -m32 -nostdlib -static -Wl,-T,../../lib/user/user.lds tests/userprog/close-stdin.o tests/main.o tests/lib.o lib/user/entry.o libc.a -o tests/userprog/close-stdin
pintos -v -k -T 60 --qemu  --fs-disk=2 -p tests/userprog/close-stdin -a close-stdin --swap-disk=4 -- -q   -f run close-stdin < /dev/null 2> tests/userprog/close-stdin.errors > tests/userprog/close-stdin.output
perl -I../.. ../../tests/userprog/close-stdin.ck tests/userprog/close-stdin tests/userprog/close-stdin.result
pass tests/userprog/close-stdin
gcc -m32 -c ../../tests/userprog/close-stdout.c -o tests/userprog/close-stdout.o -g -msoft-float -O -nostdinc -I../.. -I../../lib -I../../lib/user -I. -Wall -W -Wstrict-prototypes -Wmissing-prototypes -Wsystem-headers  -MMD -MF tests/userprog/close-stdout.d
gcc -m32 -nostdlib -static -Wl,-T,../../lib/user/user.lds tests/userprog/close-stdout.o tests/main.o tests/lib.o lib/user/entry.o libc.a -o tests/userprog/close-stdout
pintos -v -k -T 60 --qemu  --fs-disk=2 -p tests/userprog/close-stdout -a close-stdout --swap-disk=4 -- -q   -f run close-stdout < /dev/null 2> tests/userprog/close-stdout.errors > tests/userprog/close-stdout.output
perl -I../.. ../../tests/userprog/close-stdout.ck tests/userprog/close-stdout tests/userprog/close-stdout.result
pass tests/userprog/close-stdout
gcc -m32 -c ../../tests/userprog/close-bad-fd.c -o tests/userprog/close-bad-fd.o -g -msoft-float -O -nostdinc -I../.. -I../../lib -I../../lib/user -I. -Wall -W -Wstrict-prototypes -Wmissing-prototypes -Wsystem-headers  -MMD -MF tests/userprog/close-bad-fd.d
gcc -m32 -nostdlib -static -Wl,-T,../../lib/user/user.lds tests/userprog/close-bad-fd.o tests/main.o tests/lib.o lib/user/entry.o libc.a -o tests/userprog/close-bad-fd
pintos -v -k -T 60 --qemu  --fs-disk=2 -p tests/userprog/close-bad-fd -a close-bad-fd --swap-disk=4 -- -q   -f run close-bad-fd < /dev/null 2> tests/userprog/close-bad-fd.errors > tests/userprog/close-bad-fd.output
perl -I../.. ../../tests/userprog/close-bad-fd.ck tests/userprog/close-bad-fd tests/userprog/close-bad-fd.result
pass tests/userprog/close-bad-fd
gcc -m32 -c ../../tests/userprog/read-normal.c -o tests/userprog/read-normal.o -g -msoft-float -O -nostdinc -I../.. -I../../lib -I../../lib/user -I. -Wall -W -Wstrict-prototypes -Wmissing-prototypes -Wsystem-headers  -MMD -MF tests/userprog/read-normal.d
gcc -m32 -nostdlib -static -Wl,-T,../../lib/user/user.lds tests/userprog/read-normal.o tests/main.o tests/lib.o lib/user/entry.o libc.a -o tests/userprog/read-normal
pintos -v -k -T 60 --qemu  --fs-disk=2 -p tests/userprog/read-normal -a read-normal -p ../../tests/userprog/sample.txt -a sample.txt --swap-disk=4 -- -q   -f run read-normal < /dev/null 2> tests/userprog/read-normal.errors > tests/userprog/read-normal.output
perl -I../.. ../../tests/userprog/read-normal.ck tests/userprog/read-normal tests/userprog/read-normal.result
pass tests/userprog/read-normal
gcc -m32 -c ../../tests/userprog/read-bad-ptr.c -o tests/userprog/read-bad-ptr.o -g -msoft-float -O -nostdinc -I../.. -I../../lib -I../../lib/user -I. -Wall -W -Wstrict-prototypes -Wmissing-prototypes -Wsystem-headers  -MMD -MF tests/userprog/read-bad-ptr.d
gcc -m32 -nostdlib -static -Wl,-T,../../lib/user/user.lds tests/userprog/read-bad-ptr.o tests/main.o tests/lib.o lib/user/entry.o libc.a -o tests/userprog/read-bad-ptr
pintos -v -k -T 60 --qemu  --fs-disk=2 -p tests/userprog/read-bad-ptr -a read-bad-ptr -p ../../tests/userprog/sample.txt -a sample.txt --swap-disk=4 -- -q   -f run read-bad-ptr < /dev/null 2> tests/userprog/read-bad-ptr.errors > tests/userprog/read-bad-ptr.output
perl -I../.. ../../tests/userprog/read-bad-ptr.ck tests/userprog/read-bad-ptr tests/userprog/read-bad-ptr.result
pass tests/userprog/read-bad-ptr
gcc -m32 -c ../../tests/userprog/read-boundary.c -o tests/userprog/read-boundary.o -g -msoft-float -O -nostdinc -I../.. -I../../lib -I../../lib/user -I. -Wall -W -Wstrict-prototypes -Wmissing-prototypes -Wsystem-headers  -MMD -MF tests/userprog/read-boundary.d
gcc -m32 -nostdlib -static -Wl,-T,../../lib/user/user.lds tests/userprog/read-boundary.o tests/userprog/boundary.o tests/main.o tests/lib.o lib/user/entry.o libc.a -o tests/userprog/read-boundary
pintos -v -k -T 60 --qemu  --fs-disk=2 -p tests/userprog/read-boundary -a read-boundary -p ../../tests/userprog/sample.txt -a sample.txt --swap-disk=4 -- -q   -f run read-boundary < /dev/null 2> tests/userprog/read-boundary.errors > tests/userprog/read-boundary.output
perl -I../.. ../../tests/userprog/read-boundary.ck tests/userprog/read-boundary tests/userprog/read-boundary.result
pass tests/userprog/read-boundary
gcc -m32 -c ../../tests/userprog/read-zero.c -o tests/userprog/read-zero.o -g -msoft-float -O -nostdinc -I../.. -I../../lib -I../../lib/user -I. -Wall -W -Wstrict-prototypes -Wmissing-prototypes -Wsystem-headers  -MMD -MF tests/userprog/read-zero.d
gcc -m32 -nostdlib -static -Wl,-T,../../lib/user/user.lds tests/userprog/read-zero.o tests/main.o tests/lib.o lib/user/entry.o libc.a -o tests/userprog/read-zero
pintos -v -k -T 60 --qemu  --fs-disk=2 -p tests/userprog/read-zero -a read-zero -p ../../tests/userprog/sample.txt -a sample.txt --swap-disk=4 -- -q   -f run read-zero < /dev/null 2> tests/userprog/read-zero.errors > tests/userprog/read-zero.output
perl -I../.. ../../tests/userprog/read-zero.ck tests/userprog/read-zero tests/userprog/read-zero.result
pass tests/userprog/read-zero
gcc -m32 -c ../../tests/userprog/read-stdout.c -o tests/userprog/read-stdout.o -g -msoft-float -O -nostdinc -I../.. -I../../lib -I../../lib/user -I. -Wall -W -Wstrict-prototypes -Wmissing-prototypes -Wsystem-headers  -MMD -MF tests/userprog/read-stdout.d
gcc -m32 -nostdlib -static -Wl,-T,../../lib/user/user.lds tests/userprog/read-stdout.o tests/main.o tests/lib.o lib/user/entry.o libc.a -o tests/userprog/read-stdout
pintos -v -k -T 60 --qemu  --fs-disk=2 -p tests/userprog/read-stdout -a read-stdout --swap-disk=4 -- -q   -f run read-stdout < /dev/null 2> tests/userprog/read-stdout.errors > tests/userprog/read-stdout.output
perl -I../.. ../../tests/userprog/read-stdout.ck tests/userprog/read-stdout tests/userprog/read-stdout.result
pass tests/userprog/read-stdout
gcc -m32 -c ../../tests/userprog/read-bad-fd.c -o tests/userprog/read-bad-fd.o -g -msoft-float -O -nostdinc -I../.. -I../../lib -I../../lib/user -I. -Wall -W -Wstrict-prototypes -Wmissing-prototypes -Wsystem-headers  -MMD -MF tests/userprog/read-bad-fd.d
gcc -m32 -nostdlib -static -Wl,-T,../../lib/user/user.lds tests/userprog/read-bad-fd.o tests/main.o tests/lib.o lib/user/entry.o libc.a -o tests/userprog/read-bad-fd
pintos -v -k -T 60 --qemu  --fs-disk=2 -p tests/userprog/read-bad-fd -a read-bad-fd --swap-disk=4 -- -q   -f run read-bad-fd < /dev/null 2> tests/userprog/read-bad-fd.errors > tests/userprog/read-bad-fd.output
perl -I../.. ../../tests/userprog/read-bad-fd.ck tests/userprog/read-bad-fd tests/userprog/read-bad-fd.result
pass tests/userprog/read-bad-fd
gcc -m32 -c ../../tests/userprog/write-normal.c -o tests/userprog/write-normal.o -g -msoft-float -O -nostdinc -I../.. -I../../lib -I../../lib/user -I. -Wall -W -Wstrict-prototypes -Wmissing-prototypes -Wsystem-headers  -MMD -MF tests/userprog/write-normal.d
gcc -m32 -nostdlib -static -Wl,-T,../../lib/user/user.lds tests/userprog/write-normal.o tests/main.o tests/lib.o lib/user/entry.o libc.a -o tests/userprog/write-normal
pintos -v -k -T 60 --qemu  --fs-disk=2 -p tests/userprog/write-normal -a write-normal -p ../../tests/userprog/sample.txt -a sample.txt --swap-disk=4 -- -q   -f run write-normal < /dev/null 2> tests/userprog/write-normal.errors > tests/userprog/write-normal.output
perl -I../.. ../../tests/userprog/write-normal.ck tests/userprog/write-normal tests/userprog/write-normal.result
pass tests/userprog/write-normal
gcc -m32 -c ../../tests/userprog/write-bad-ptr.c -o tests/userprog/write-bad-ptr.o -g -msoft-float -O -nostdinc -I../.. -I../../lib -I../../lib/user -I. -Wall -W -Wstrict-prototypes -Wmissing-prototypes -Wsystem-headers  -MMD -MF tests/userprog/write-bad-ptr.d
gcc -m32 -nostdlib -static -Wl,-T,../../lib/user/user.lds tests/userprog/write-bad-ptr.o tests/main.o tests/lib.o lib/user/entry.o libc.a -o tests/userprog/write-bad-ptr
pintos -v -k -T 60 --qemu  --fs-disk=2 -p tests/userprog/write-bad-ptr -a write-bad-ptr -p ../../tests/userprog/sample.txt -a sample.txt --swap-disk=4 -- -q   -f run write-bad-ptr < /dev/null 2> tests/userprog/write-bad-ptr.errors > tests/userprog/write-bad-ptr.output
perl -I../.. ../../tests/userprog/write-bad-ptr.ck tests/userprog/write-bad-ptr tests/userprog/write-bad-ptr.result
FAIL tests/userprog/write-bad-ptr
run: TIMEOUT after 61 seconds of wall-clock time - load average: 0.17, 0.10, 0.03
gcc -m32 -c ../../tests/userprog/write-boundary.c -o tests/userprog/write-boundary.o -g -msoft-float -O -nostdinc -I../.. -I../../lib -I../../lib/user -I. -Wall -W -Wstrict-prototypes -Wmissing-prototypes -Wsystem-headers  -MMD -MF tests/userprog/write-boundary.d
gcc -m32 -nostdlib -static -Wl,-T,../../lib/user/user.lds tests/userprog/write-boundary.o tests/userprog/boundary.o tests/main.o tests/lib.o lib/user/entry.o libc.a -o tests/userprog/write-boundary
pintos -v -k -T 60 --qemu  --fs-disk=2 -p tests/userprog/write-boundary -a write-boundary -p ../../tests/userprog/sample.txt -a sample.txt --swap-disk=4 -- -q   -f run write-boundary < /dev/null 2> tests/userprog/write-boundary.errors > tests/userprog/write-boundary.output
perl -I../.. ../../tests/userprog/write-boundary.ck tests/userprog/write-boundary tests/userprog/write-boundary.result
pass tests/userprog/write-boundary
gcc -m32 -c ../../tests/userprog/write-zero.c -o tests/userprog/write-zero.o -g -msoft-float -O -nostdinc -I../.. -I../../lib -I../../lib/user -I. -Wall -W -Wstrict-prototypes -Wmissing-prototypes -Wsystem-headers  -MMD -MF tests/userprog/write-zero.d
gcc -m32 -nostdlib -static -Wl,-T,../../lib/user/user.lds tests/userprog/write-zero.o tests/main.o tests/lib.o lib/user/entry.o libc.a -o tests/userprog/write-zero
pintos -v -k -T 60 --qemu  --fs-disk=2 -p tests/userprog/write-zero -a write-zero -p ../../tests/userprog/sample.txt -a sample.txt --swap-disk=4 -- -q   -f run write-zero < /dev/null 2> tests/userprog/write-zero.errors > tests/userprog/write-zero.output
perl -I../.. ../../tests/userprog/write-zero.ck tests/userprog/write-zero tests/userprog/write-zero.result
pass tests/userprog/write-zero
gcc -m32 -c ../../tests/userprog/write-stdin.c -o tests/userprog/write-stdin.o -g -msoft-float -O -nostdinc -I../.. -I../../lib -I../../lib/user -I. -Wall -W -Wstrict-prototypes -Wmissing-prototypes -Wsystem-headers  -MMD -MF tests/userprog/write-stdin.d
gcc -m32 -nostdlib -static -Wl,-T,../../lib/user/user.lds tests/userprog/write-stdin.o tests/main.o tests/lib.o lib/user/entry.o libc.a -o tests/userprog/write-stdin
pintos -v -k -T 60 --qemu  --fs-disk=2 -p tests/userprog/write-stdin -a write-stdin --swap-disk=4 -- -q   -f run write-stdin < /dev/null 2> tests/userprog/write-stdin.errors > tests/userprog/write-stdin.output
perl -I../.. ../../tests/userprog/write-stdin.ck tests/userprog/write-stdin tests/userprog/write-stdin.result
pass tests/userprog/write-stdin
gcc -m32 -c ../../tests/userprog/write-bad-fd.c -o tests/userprog/write-bad-fd.o -g -msoft-float -O -nostdinc -I../.. -I../../lib -I../../lib/user -I. -Wall -W -Wstrict-prototypes -Wmissing-prototypes -Wsystem-headers  -MMD -MF tests/userprog/write-bad-fd.d
gcc -m32 -nostdlib -static -Wl,-T,../../lib/user/user.lds tests/userprog/write-bad-fd.o tests/main.o tests/lib.o lib/user/entry.o libc.a -o tests/userprog/write-bad-fd
pintos -v -k -T 60 --qemu  --fs-disk=2 -p tests/userprog/write-bad-fd -a write-bad-fd --swap-disk=4 -- -q   -f run write-bad-fd < /dev/null 2> tests/userprog/write-bad-fd.errors > tests/userprog/write-bad-fd.output
perl -I../.. ../../tests/userprog/write-bad-fd.ck tests/userprog/write-bad-fd tests/userprog/write-bad-fd.result
pass tests/userprog/write-bad-fd
gcc -m32 -c ../../tests/userprog/exec-once.c -o tests/userprog/exec-once.o -g -msoft-float -O -nostdinc -I../.. -I../../lib -I../../lib/user -I. -Wall -W -Wstrict-prototypes -Wmissing-prototypes -Wsystem-headers  -MMD -MF tests/userprog/exec-once.d
gcc -m32 -nostdlib -static -Wl,-T,../../lib/user/user.lds tests/userprog/exec-once.o tests/main.o tests/lib.o lib/user/entry.o libc.a -o tests/userprog/exec-once
gcc -m32 -c ../../tests/userprog/child-simple.c -o tests/userprog/child-simple.o -g -msoft-float -O -nostdinc -I../.. -I../../lib -I../../lib/user -I. -Wall -W -Wstrict-prototypes -Wmissing-prototypes -Wsystem-headers  -MMD -MF tests/userprog/child-simple.d
gcc -m32 -nostdlib -static -Wl,-T,../../lib/user/user.lds tests/userprog/child-simple.o tests/lib.o lib/user/entry.o libc.a -o tests/userprog/child-simple
pintos -v -k -T 60 --qemu  --fs-disk=2 -p tests/userprog/exec-once -a exec-once -p tests/userprog/child-simple -a child-simple --swap-disk=4 -- -q   -f run exec-once < /dev/null 2> tests/userprog/exec-once.errors > tests/userprog/exec-once.output
perl -I../.. ../../tests/userprog/exec-once.ck tests/userprog/exec-once tests/userprog/exec-once.result
pass tests/userprog/exec-once
gcc -m32 -c ../../tests/userprog/exec-arg.c -o tests/userprog/exec-arg.o -g -msoft-float -O -nostdinc -I../.. -I../../lib -I../../lib/user -I. -Wall -W -Wstrict-prototypes -Wmissing-prototypes -Wsystem-headers  -MMD -MF tests/userprog/exec-arg.d
gcc -m32 -nostdlib -static -Wl,-T,../../lib/user/user.lds tests/userprog/exec-arg.o tests/main.o tests/lib.o lib/user/entry.o libc.a -o tests/userprog/exec-arg
gcc -m32 -nostdlib -static -Wl,-T,../../lib/user/user.lds tests/userprog/args.o tests/lib.o lib/user/entry.o libc.a -o tests/userprog/child-args
pintos -v -k -T 60 --qemu  --fs-disk=2 -p tests/userprog/exec-arg -a exec-arg -p tests/userprog/child-args -a child-args --swap-disk=4 -- -q   -f run exec-arg < /dev/null 2> tests/userprog/exec-arg.errors > tests/userprog/exec-arg.output
perl -I../.. ../../tests/userprog/exec-arg.ck tests/userprog/exec-arg tests/userprog/exec-arg.result
pass tests/userprog/exec-arg
gcc -m32 -c ../../tests/userprog/exec-multiple.c -o tests/userprog/exec-multiple.o -g -msoft-float -O -nostdinc -I../.. -I../../lib -I../../lib/user -I. -Wall -W -Wstrict-prototypes -Wmissing-prototypes -Wsystem-headers  -MMD -MF tests/userprog/exec-multiple.d
gcc -m32 -nostdlib -static -Wl,-T,../../lib/user/user.lds tests/userprog/exec-multiple.o tests/main.o tests/lib.o lib/user/entry.o libc.a -o tests/userprog/exec-multiple
pintos -v -k -T 60 --qemu  --fs-disk=2 -p tests/userprog/exec-multiple -a exec-multiple -p tests/userprog/child-simple -a child-simple --swap-disk=4 -- -q   -f run exec-multiple < /dev/null 2> tests/userprog/exec-multiple.errors > tests/userprog/exec-multiple.output
perl -I../.. ../../tests/userprog/exec-multiple.ck tests/userprog/exec-multiple tests/userprog/exec-multiple.result
pass tests/userprog/exec-multiple
gcc -m32 -c ../../tests/userprog/exec-missing.c -o tests/userprog/exec-missing.o -g -msoft-float -O -nostdinc -I../.. -I../../lib -I../../lib/user -I. -Wall -W -Wstrict-prototypes -Wmissing-prototypes -Wsystem-headers  -MMD -MF tests/userprog/exec-missing.d
gcc -m32 -nostdlib -static -Wl,-T,../../lib/user/user.lds tests/userprog/exec-missing.o tests/main.o tests/lib.o lib/user/entry.o libc.a -o tests/userprog/exec-missing
pintos -v -k -T 60 --qemu  --fs-disk=2 -p tests/userprog/exec-missing -a exec-missing --swap-disk=4 -- -q   -f run exec-missing < /dev/null 2> tests/userprog/exec-missing.errors > tests/userprog/exec-missing.output
perl -I../.. ../../tests/userprog/exec-missing.ck tests/userprog/exec-missing tests/userprog/exec-missing.result
pass tests/userprog/exec-missing
gcc -m32 -c ../../tests/userprog/exec-bad-ptr.c -o tests/userprog/exec-bad-ptr.o -g -msoft-float -O -nostdinc -I../.. -I../../lib -I../../lib/user -I. -Wall -W -Wstrict-prototypes -Wmissing-prototypes -Wsystem-headers  -MMD -MF tests/userprog/exec-bad-ptr.d
gcc -m32 -nostdlib -static -Wl,-T,../../lib/user/user.lds tests/userprog/exec-bad-ptr.o tests/main.o tests/lib.o lib/user/entry.o libc.a -o tests/userprog/exec-bad-ptr
pintos -v -k -T 60 --qemu  --fs-disk=2 -p tests/userprog/exec-bad-ptr -a exec-bad-ptr --swap-disk=4 -- -q   -f run exec-bad-ptr < /dev/null 2> tests/userprog/exec-bad-ptr.errors > tests/userprog/exec-bad-ptr.output
perl -I../.. ../../tests/userprog/exec-bad-ptr.ck tests/userprog/exec-bad-ptr tests/userprog/exec-bad-ptr.result
pass tests/userprog/exec-bad-ptr
gcc -m32 -c ../../tests/userprog/wait-simple.c -o tests/userprog/wait-simple.o -g -msoft-float -O -nostdinc -I../.. -I../../lib -I../../lib/user -I. -Wall -W -Wstrict-prototypes -Wmissing-prototypes -Wsystem-headers  -MMD -MF tests/userprog/wait-simple.d
gcc -m32 -nostdlib -static -Wl,-T,../../lib/user/user.lds tests/userprog/wait-simple.o tests/main.o tests/lib.o lib/user/entry.o libc.a -o tests/userprog/wait-simple
pintos -v -k -T 60 --qemu  --fs-disk=2 -p tests/userprog/wait-simple -a wait-simple -p tests/userprog/child-simple -a child-simple --swap-disk=4 -- -q   -f run wait-simple < /dev/null 2> tests/userprog/wait-simple.errors > tests/userprog/wait-simple.output
perl -I../.. ../../tests/userprog/wait-simple.ck tests/userprog/wait-simple tests/userprog/wait-simple.result
pass tests/userprog/wait-simple
gcc -m32 -c ../../tests/userprog/wait-twice.c -o tests/userprog/wait-twice.o -g -msoft-float -O -nostdinc -I../.. -I../../lib -I../../lib/user -I. -Wall -W -Wstrict-prototypes -Wmissing-prototypes -Wsystem-headers  -MMD -MF tests/userprog/wait-twice.d
gcc -m32 -nostdlib -static -Wl,-T,../../lib/user/user.lds tests/userprog/wait-twice.o tests/main.o tests/lib.o lib/user/entry.o libc.a -o tests/userprog/wait-twice
pintos -v -k -T 60 --qemu  --fs-disk=2 -p tests/userprog/wait-twice -a wait-twice -p tests/userprog/child-simple -a child-simple --swap-disk=4 -- -q   -f run wait-twice < /dev/null 2> tests/userprog/wait-twice.errors > tests/userprog/wait-twice.output
perl -I../.. ../../tests/userprog/wait-twice.ck tests/userprog/wait-twice tests/userprog/wait-twice.result
pass tests/userprog/wait-twice
gcc -m32 -c ../../tests/userprog/wait-killed.c -o tests/userprog/wait-killed.o -g -msoft-float -O -nostdinc -I../.. -I../../lib -I../../lib/user -I. -Wall -W -Wstrict-prototypes -Wmissing-prototypes -Wsystem-headers  -MMD -MF tests/userprog/wait-killed.d
gcc -m32 -nostdlib -static -Wl,-T,../../lib/user/user.lds tests/userprog/wait-killed.o tests/main.o tests/lib.o lib/user/entry.o libc.a -o tests/userprog/wait-killed
gcc -m32 -c ../../tests/userprog/child-bad.c -o tests/userprog/child-bad.o -g -msoft-float -O -nostdinc -I../.. -I../../lib -I../../lib/user -I. -Wall -W -Wstrict-prototypes -Wmissing-prototypes -Wsystem-headers  -MMD -MF tests/userprog/child-bad.d
gcc -m32 -nostdlib -static -Wl,-T,../../lib/user/user.lds tests/userprog/child-bad.o tests/main.o tests/lib.o lib/user/entry.o libc.a -o tests/userprog/child-bad
pintos -v -k -T 60 --qemu  --fs-disk=2 -p tests/userprog/wait-killed -a wait-killed -p tests/userprog/child-bad -a child-bad --swap-disk=4 -- -q   -f run wait-killed < /dev/null 2> tests/userprog/wait-killed.errors > tests/userprog/wait-killed.output
perl -I../.. ../../tests/userprog/wait-killed.ck tests/userprog/wait-killed tests/userprog/wait-killed.result
pass tests/userprog/wait-killed
gcc -m32 -c ../../tests/userprog/wait-bad-pid.c -o tests/userprog/wait-bad-pid.o -g -msoft-float -O -nostdinc -I../.. -I../../lib -I../../lib/user -I. -Wall -W -Wstrict-prototypes -Wmissing-prototypes -Wsystem-headers  -MMD -MF tests/userprog/wait-bad-pid.d
gcc -m32 -nostdlib -static -Wl,-T,../../lib/user/user.lds tests/userprog/wait-bad-pid.o tests/main.o tests/lib.o lib/user/entry.o libc.a -o tests/userprog/wait-bad-pid
pintos -v -k -T 60 --qemu  --fs-disk=2 -p tests/userprog/wait-bad-pid -a wait-bad-pid --swap-disk=4 -- -q   -f run wait-bad-pid < /dev/null 2> tests/userprog/wait-bad-pid.errors > tests/userprog/wait-bad-pid.output
perl -I../.. ../../tests/userprog/wait-bad-pid.ck tests/userprog/wait-bad-pid tests/userprog/wait-bad-pid.result
pass tests/userprog/wait-bad-pid
gcc -m32 -c ../../tests/userprog/multi-recurse.c -o tests/userprog/multi-recurse.o -g -msoft-float -O -nostdinc -I../.. -I../../lib -I../../lib/user -I. -Wall -W -Wstrict-prototypes -Wmissing-prototypes -Wsystem-headers  -MMD -MF tests/userprog/multi-recurse.d
gcc -m32 -nostdlib -static -Wl,-T,../../lib/user/user.lds tests/userprog/multi-recurse.o tests/lib.o lib/user/entry.o libc.a -o tests/userprog/multi-recurse
pintos -v -k -T 60 --qemu  --fs-disk=2 -p tests/userprog/multi-recurse -a multi-recurse --swap-disk=4 -- -q   -f run 'multi-recurse 15' < /dev/null 2> tests/userprog/multi-recurse.errors > tests/userprog/multi-recurse.output
perl -I../.. ../../tests/userprog/multi-recurse.ck tests/userprog/multi-recurse tests/userprog/multi-recurse.result
pass tests/userprog/multi-recurse
gcc -m32 -c ../../tests/userprog/multi-child-fd.c -o tests/userprog/multi-child-fd.o -g -msoft-float -O -nostdinc -I../.. -I../../lib -I../../lib/user -I. -Wall -W -Wstrict-prototypes -Wmissing-prototypes -Wsystem-headers  -MMD -MF tests/userprog/multi-child-fd.d
gcc -m32 -nostdlib -static -Wl,-T,../../lib/user/user.lds tests/userprog/multi-child-fd.o tests/main.o tests/lib.o lib/user/entry.o libc.a -o tests/userprog/multi-child-fd
gcc -m32 -c ../../tests/userprog/child-close.c -o tests/userprog/child-close.o -g -msoft-float -O -nostdinc -I../.. -I../../lib -I../../lib/user -I. -Wall -W -Wstrict-prototypes -Wmissing-prototypes -Wsystem-headers  -MMD -MF tests/userprog/child-close.d
gcc -m32 -nostdlib -static -Wl,-T,../../lib/user/user.lds tests/userprog/child-close.o tests/lib.o lib/user/entry.o libc.a -o tests/userprog/child-close
pintos -v -k -T 60 --qemu  --fs-disk=2 -p tests/userprog/multi-child-fd -a multi-child-fd -p ../../tests/userprog/sample.txt -a sample.txt -p tests/userprog/child-close -a child-close --swap-disk=4 -- -q   -f run multi-child-fd < /dev/null 2> tests/userprog/multi-child-fd.errors > tests/userprog/multi-child-fd.output
perl -I../.. ../../tests/userprog/multi-child-fd.ck tests/userprog/multi-child-fd tests/userprog/multi-child-fd.result
pass tests/userprog/multi-child-fd
gcc -m32 -c ../../tests/userprog/rox-simple.c -o tests/userprog/rox-simple.o -g -msoft-float -O -nostdinc -I../.. -I../../lib -I../../lib/user -I. -Wall -W -Wstrict-prototypes -Wmissing-prototypes -Wsystem-headers  -MMD -MF tests/userprog/rox-simple.d
gcc -m32 -nostdlib -static -Wl,-T,../../lib/user/user.lds tests/userprog/rox-simple.o tests/main.o tests/lib.o lib/user/entry.o libc.a -o tests/userprog/rox-simple
pintos -v -k -T 60 --qemu  --fs-disk=2 -p tests/userprog/rox-simple -a rox-simple --swap-disk=4 -- -q   -f run rox-simple < /dev/null 2> tests/userprog/rox-simple.errors > tests/userprog/rox-simple.output
perl -I../.. ../../tests/userprog/rox-simple.ck tests/userprog/rox-simple tests/userprog/rox-simple.result
pass tests/userprog/rox-simple
gcc -m32 -c ../../tests/userprog/rox-child.c -o tests/userprog/rox-child.o -g -msoft-float -O -nostdinc -I../.. -I../../lib -I../../lib/user -I. -Wall -W -Wstrict-prototypes -Wmissing-prototypes -Wsystem-headers  -MMD -MF tests/userprog/rox-child.d
gcc -m32 -nostdlib -static -Wl,-T,../../lib/user/user.lds tests/userprog/rox-child.o tests/main.o tests/lib.o lib/user/entry.o libc.a -o tests/userprog/rox-child
gcc -m32 -c ../../tests/userprog/child-rox.c -o tests/userprog/child-rox.o -g -msoft-float -O -nostdinc -I../.. -I../../lib -I../../lib/user -I. -Wall -W -Wstrict-prototypes -Wmissing-prototypes -Wsystem-headers  -MMD -MF tests/userprog/child-rox.d
gcc -m32 -nostdlib -static -Wl,-T,../../lib/user/user.lds tests/userprog/child-rox.o tests/lib.o lib/user/entry.o libc.a -o tests/userprog/child-rox
pintos -v -k -T 60 --qemu  --fs-disk=2 -p tests/userprog/rox-child -a rox-child -p tests/userprog/child-rox -a child-rox --swap-disk=4 -- -q   -f run rox-child < /dev/null 2> tests/userprog/rox-child.errors > tests/userprog/rox-child.output
perl -I../.. ../../tests/userprog/rox-child.ck tests/userprog/rox-child tests/userprog/rox-child.result
pass tests/userprog/rox-child
gcc -m32 -c ../../tests/userprog/rox-multichild.c -o tests/userprog/rox-multichild.o -g -msoft-float -O -nostdinc -I../.. -I../../lib -I../../lib/user -I. -Wall -W -Wstrict-prototypes -Wmissing-prototypes -Wsystem-headers  -MMD -MF tests/userprog/rox-multichild.d
gcc -m32 -nostdlib -static -Wl,-T,../../lib/user/user.lds tests/userprog/rox-multichild.o tests/main.o tests/lib.o lib/user/entry.o libc.a -o tests/userprog/rox-multichild
pintos -v -k -T 60 --qemu  --fs-disk=2 -p tests/userprog/rox-multichild -a rox-multichild -p tests/userprog/child-rox -a child-rox --swap-disk=4 -- -q   -f run rox-multichild < /dev/null 2> tests/userprog/rox-multichild.errors > tests/userprog/rox-multichild.output
perl -I../.. ../../tests/userprog/rox-multichild.ck tests/userprog/rox-multichild tests/userprog/rox-multichild.result
pass tests/userprog/rox-multichild
gcc -m32 -c ../../tests/userprog/bad-read.c -o tests/userprog/bad-read.o -g -msoft-float -O -nostdinc -I../.. -I../../lib -I../../lib/user -I. -Wall -W -Wstrict-prototypes -Wmissing-prototypes -Wsystem-headers  -MMD -MF tests/userprog/bad-read.d
gcc -m32 -nostdlib -static -Wl,-T,../../lib/user/user.lds tests/userprog/bad-read.o tests/main.o tests/lib.o lib/user/entry.o libc.a -o tests/userprog/bad-read
pintos -v -k -T 60 --qemu  --fs-disk=2 -p tests/userprog/bad-read -a bad-read --swap-disk=4 -- -q   -f run bad-read < /dev/null 2> tests/userprog/bad-read.errors > tests/userprog/bad-read.output
perl -I../.. ../../tests/userprog/bad-read.ck tests/userprog/bad-read tests/userprog/bad-read.result
pass tests/userprog/bad-read
gcc -m32 -c ../../tests/userprog/bad-write.c -o tests/userprog/bad-write.o -g -msoft-float -O -nostdinc -I../.. -I../../lib -I../../lib/user -I. -Wall -W -Wstrict-prototypes -Wmissing-prototypes -Wsystem-headers  -MMD -MF tests/userprog/bad-write.d
gcc -m32 -nostdlib -static -Wl,-T,../../lib/user/user.lds tests/userprog/bad-write.o tests/main.o tests/lib.o lib/user/entry.o libc.a -o tests/userprog/bad-write
pintos -v -k -T 60 --qemu  --fs-disk=2 -p tests/userprog/bad-write -a bad-write --swap-disk=4 -- -q   -f run bad-write < /dev/null 2> tests/userprog/bad-write.errors > tests/userprog/bad-write.output
perl -I../.. ../../tests/userprog/bad-write.ck tests/userprog/bad-write tests/userprog/bad-write.result
pass tests/userprog/bad-write
gcc -m32 -c ../../tests/userprog/bad-read2.c -o tests/userprog/bad-read2.o -g -msoft-float -O -nostdinc -I../.. -I../../lib -I../../lib/user -I. -Wall -W -Wstrict-prototypes -Wmissing-prototypes -Wsystem-headers  -MMD -MF tests/userprog/bad-read2.d
gcc -m32 -nostdlib -static -Wl,-T,../../lib/user/user.lds tests/userprog/bad-read2.o tests/main.o tests/lib.o lib/user/entry.o libc.a -o tests/userprog/bad-read2
pintos -v -k -T 60 --qemu  --fs-disk=2 -p tests/userprog/bad-read2 -a bad-read2 --swap-disk=4 -- -q   -f run bad-read2 < /dev/null 2> tests/userprog/bad-read2.errors > tests/userprog/bad-read2.output
perl -I../.. ../../tests/userprog/bad-read2.ck tests/userprog/bad-read2 tests/userprog/bad-read2.result
pass tests/userprog/bad-read2
gcc -m32 -c ../../tests/userprog/bad-write2.c -o tests/userprog/bad-write2.o -g -msoft-float -O -nostdinc -I../.. -I../../lib -I../../lib/user -I. -Wall -W -Wstrict-prototypes -Wmissing-prototypes -Wsystem-headers  -MMD -MF tests/userprog/bad-write2.d
gcc -m32 -nostdlib -static -Wl,-T,../../lib/user/user.lds tests/userprog/bad-write2.o tests/main.o tests/lib.o lib/user/entry.o libc.a -o tests/userprog/bad-write2
pintos -v -k -T 60 --qemu  --fs-disk=2 -p tests/userprog/bad-write2 -a bad-write2 --swap-disk=4 -- -q   -f run bad-write2 < /dev/null 2> tests/userprog/bad-write2.errors > tests/userprog/bad-write2.output
perl -I../.. ../../tests/userprog/bad-write2.ck tests/userprog/bad-write2 tests/userprog/bad-write2.result
pass tests/userprog/bad-write2
gcc -m32 -c ../../tests/userprog/bad-jump.c -o tests/userprog/bad-jump.o -g -msoft-float -O -nostdinc -I../.. -I../../lib -I../../lib/user -I. -Wall -W -Wstrict-prototypes -Wmissing-prototypes -Wsystem-headers  -MMD -MF tests/userprog/bad-jump.d
gcc -m32 -nostdlib -static -Wl,-T,../../lib/user/user.lds tests/userprog/bad-jump.o tests/main.o tests/lib.o lib/user/entry.o libc.a -o tests/userprog/bad-jump
pintos -v -k -T 60 --qemu  --fs-disk=2 -p tests/userprog/bad-jump -a bad-jump --swap-disk=4 -- -q   -f run bad-jump < /dev/null 2> tests/userprog/bad-jump.errors > tests/userprog/bad-jump.output
perl -I../.. ../../tests/userprog/bad-jump.ck tests/userprog/bad-jump tests/userprog/bad-jump.result
pass tests/userprog/bad-jump
gcc -m32 -c ../../tests/userprog/bad-jump2.c -o tests/userprog/bad-jump2.o -g -msoft-float -O -nostdinc -I../.. -I../../lib -I../../lib/user -I. -Wall -W -Wstrict-prototypes -Wmissing-prototypes -Wsystem-headers  -MMD -MF tests/userprog/bad-jump2.d
gcc -m32 -nostdlib -static -Wl,-T,../../lib/user/user.lds tests/userprog/bad-jump2.o tests/main.o tests/lib.o lib/user/entry.o libc.a -o tests/userprog/bad-jump2
pintos -v -k -T 60 --qemu  --fs-disk=2 -p tests/userprog/bad-jump2 -a bad-jump2 --swap-disk=4 -- -q   -f run bad-jump2 < /dev/null 2> tests/userprog/bad-jump2.errors > tests/userprog/bad-jump2.output
perl -I../.. ../../tests/userprog/bad-jump2.ck tests/userprog/bad-jump2 tests/userprog/bad-jump2.result
pass tests/userprog/bad-jump2
gcc -m32 -c ../../tests/filesys/base/lg-create.c -o tests/filesys/base/lg-create.o -g -msoft-float -O -nostdinc -I../.. -I../../lib -I../../lib/user -I. -Wall -W -Wstrict-prototypes -Wmissing-prototypes -Wsystem-headers  -MMD -MF tests/filesys/base/lg-create.d
gcc -m32 -c ../../tests/filesys/seq-test.c -o tests/filesys/seq-test.o -g -msoft-float -O -nostdinc -I../.. -I../../lib -I../../lib/user -I. -Wall -W -Wstrict-prototypes -Wmissing-prototypes -Wsystem-headers  -MMD -MF tests/filesys/seq-test.d
gcc -m32 -nostdlib -static -Wl,-T,../../lib/user/user.lds tests/filesys/base/lg-create.o tests/lib.o tests/filesys/seq-test.o tests/main.o lib/user/entry.o libc.a -o tests/filesys/base/lg-create
pintos -v -k -T 60 --qemu  --fs-disk=2 -p tests/filesys/base/lg-create -a lg-create --swap-disk=4 -- -q   -f run lg-create < /dev/null 2> tests/filesys/base/lg-create.errors > tests/filesys/base/lg-create.output
perl -I../.. ../../tests/filesys/base/lg-create.ck tests/filesys/base/lg-create tests/filesys/base/lg-create.result
pass tests/filesys/base/lg-create
gcc -m32 -c ../../tests/filesys/base/lg-full.c -o tests/filesys/base/lg-full.o -g -msoft-float -O -nostdinc -I../.. -I../../lib -I../../lib/user -I. -Wall -W -Wstrict-prototypes -Wmissing-prototypes -Wsystem-headers  -MMD -MF tests/filesys/base/lg-full.d
gcc -m32 -nostdlib -static -Wl,-T,../../lib/user/user.lds tests/filesys/base/lg-full.o tests/lib.o tests/filesys/seq-test.o tests/main.o lib/user/entry.o libc.a -o tests/filesys/base/lg-full
pintos -v -k -T 60 --qemu  --fs-disk=2 -p tests/filesys/base/lg-full -a lg-full --swap-disk=4 -- -q   -f run lg-full < /dev/null 2> tests/filesys/base/lg-full.errors > tests/filesys/base/lg-full.output
perl -I../.. ../../tests/filesys/base/lg-full.ck tests/filesys/base/lg-full tests/filesys/base/lg-full.result
pass tests/filesys/base/lg-full
gcc -m32 -c ../../tests/filesys/base/lg-random.c -o tests/filesys/base/lg-random.o -g -msoft-float -O -nostdinc -I../.. -I../../lib -I../../lib/user -I. -Wall -W -Wstrict-prototypes -Wmissing-prototypes -Wsystem-headers  -MMD -MF tests/filesys/base/lg-random.d
gcc -m32 -nostdlib -static -Wl,-T,../../lib/user/user.lds tests/filesys/base/lg-random.o tests/lib.o tests/filesys/seq-test.o tests/main.o lib/user/entry.o libc.a -o tests/filesys/base/lg-random
pintos -v -k -T 60 --qemu  --fs-disk=2 -p tests/filesys/base/lg-random -a lg-random --swap-disk=4 -- -q   -f run lg-random < /dev/null 2> tests/filesys/base/lg-random.errors > tests/filesys/base/lg-random.output
perl -I../.. ../../tests/filesys/base/lg-random.ck tests/filesys/base/lg-random tests/filesys/base/lg-random.result
pass tests/filesys/base/lg-random
gcc -m32 -c ../../tests/filesys/base/lg-seq-block.c -o tests/filesys/base/lg-seq-block.o -g -msoft-float -O -nostdinc -I../.. -I../../lib -I../../lib/user -I. -Wall -W -Wstrict-prototypes -Wmissing-prototypes -Wsystem-headers  -MMD -MF tests/filesys/base/lg-seq-block.d
gcc -m32 -nostdlib -static -Wl,-T,../../lib/user/user.lds tests/filesys/base/lg-seq-block.o tests/lib.o tests/filesys/seq-test.o tests/main.o lib/user/entry.o libc.a -o tests/filesys/base/lg-seq-block
pintos -v -k -T 60 --qemu  --fs-disk=2 -p tests/filesys/base/lg-seq-block -a lg-seq-block --swap-disk=4 -- -q   -f run lg-seq-block < /dev/null 2> tests/filesys/base/lg-seq-block.errors > tests/filesys/base/lg-seq-block.output
perl -I../.. ../../tests/filesys/base/lg-seq-block.ck tests/filesys/base/lg-seq-block tests/filesys/base/lg-seq-block.result
pass tests/filesys/base/lg-seq-block
gcc -m32 -c ../../tests/filesys/base/lg-seq-random.c -o tests/filesys/base/lg-seq-random.o -g -msoft-float -O -nostdinc -I../.. -I../../lib -I../../lib/user -I. -Wall -W -Wstrict-prototypes -Wmissing-prototypes -Wsystem-headers  -MMD -MF tests/filesys/base/lg-seq-random.d
gcc -m32 -nostdlib -static -Wl,-T,../../lib/user/user.lds tests/filesys/base/lg-seq-random.o tests/lib.o tests/filesys/seq-test.o tests/main.o lib/user/entry.o libc.a -o tests/filesys/base/lg-seq-random
pintos -v -k -T 60 --qemu  --fs-disk=2 -p tests/filesys/base/lg-seq-random -a lg-seq-random --swap-disk=4 -- -q   -f run lg-seq-random < /dev/null 2> tests/filesys/base/lg-seq-random.errors > tests/filesys/base/lg-seq-random.output
perl -I../.. ../../tests/filesys/base/lg-seq-random.ck tests/filesys/base/lg-seq-random tests/filesys/base/lg-seq-random.result
pass tests/filesys/base/lg-seq-random
gcc -m32 -c ../../tests/filesys/base/sm-create.c -o tests/filesys/base/sm-create.o -g -msoft-float -O -nostdinc -I../.. -I../../lib -I../../lib/user -I. -Wall -W -Wstrict-prototypes -Wmissing-prototypes -Wsystem-headers  -MMD -MF tests/filesys/base/sm-create.d
gcc -m32 -nostdlib -static -Wl,-T,../../lib/user/user.lds tests/filesys/base/sm-create.o tests/lib.o tests/filesys/seq-test.o tests/main.o lib/user/entry.o libc.a -o tests/filesys/base/sm-create
pintos -v -k -T 60 --qemu  --fs-disk=2 -p tests/filesys/base/sm-create -a sm-create --swap-disk=4 -- -q   -f run sm-create < /dev/null 2> tests/filesys/base/sm-create.errors > tests/filesys/base/sm-create.output
perl -I../.. ../../tests/filesys/base/sm-create.ck tests/filesys/base/sm-create tests/filesys/base/sm-create.result
pass tests/filesys/base/sm-create
gcc -m32 -c ../../tests/filesys/base/sm-full.c -o tests/filesys/base/sm-full.o -g -msoft-float -O -nostdinc -I../.. -I../../lib -I../../lib/user -I. -Wall -W -Wstrict-prototypes -Wmissing-prototypes -Wsystem-headers  -MMD -MF tests/filesys/base/sm-full.d
gcc -m32 -nostdlib -static -Wl,-T,../../lib/user/user.lds tests/filesys/base/sm-full.o tests/lib.o tests/filesys/seq-test.o tests/main.o lib/user/entry.o libc.a -o tests/filesys/base/sm-full
pintos -v -k -T 60 --qemu  --fs-disk=2 -p tests/filesys/base/sm-full -a sm-full --swap-disk=4 -- -q   -f run sm-full < /dev/null 2> tests/filesys/base/sm-full.errors > tests/filesys/base/sm-full.output
perl -I../.. ../../tests/filesys/base/sm-full.ck tests/filesys/base/sm-full tests/filesys/base/sm-full.result
pass tests/filesys/base/sm-full
gcc -m32 -c ../../tests/filesys/base/sm-random.c -o tests/filesys/base/sm-random.o -g -msoft-float -O -nostdinc -I../.. -I../../lib -I../../lib/user -I. -Wall -W -Wstrict-prototypes -Wmissing-prototypes -Wsystem-headers  -MMD -MF tests/filesys/base/sm-random.d
gcc -m32 -nostdlib -static -Wl,-T,../../lib/user/user.lds tests/filesys/base/sm-random.o tests/lib.o tests/filesys/seq-test.o tests/main.o lib/user/entry.o libc.a -o tests/filesys/base/sm-random
pintos -v -k -T 60 --qemu  --fs-disk=2 -p tests/filesys/base/sm-random -a sm-random --swap-disk=4 -- -q   -f run sm-random < /dev/null 2> tests/filesys/base/sm-random.errors > tests/filesys/base/sm-random.output
perl -I../.. ../../tests/filesys/base/sm-random.ck tests/filesys/base/sm-random tests/filesys/base/sm-random.result
pass tests/filesys/base/sm-random
gcc -m32 -c ../../tests/filesys/base/sm-seq-block.c -o tests/filesys/base/sm-seq-block.o -g -msoft-float -O -nostdinc -I../.. -I../../lib -I../../lib/user -I. -Wall -W -Wstrict-prototypes -Wmissing-prototypes -Wsystem-headers  -MMD -MF tests/filesys/base/sm-seq-block.d
gcc -m32 -nostdlib -static -Wl,-T,../../lib/user/user.lds tests/filesys/base/sm-seq-block.o tests/lib.o tests/filesys/seq-test.o tests/main.o lib/user/entry.o libc.a -o tests/filesys/base/sm-seq-block
pintos -v -k -T 60 --qemu  --fs-disk=2 -p tests/filesys/base/sm-seq-block -a sm-seq-block --swap-disk=4 -- -q   -f run sm-seq-block < /dev/null 2> tests/filesys/base/sm-seq-block.errors > tests/filesys/base/sm-seq-block.output
perl -I../.. ../../tests/filesys/base/sm-seq-block.ck tests/filesys/base/sm-seq-block tests/filesys/base/sm-seq-block.result
pass tests/filesys/base/sm-seq-block
gcc -m32 -c ../../tests/filesys/base/sm-seq-random.c -o tests/filesys/base/sm-seq-random.o -g -msoft-float -O -nostdinc -I../.. -I../../lib -I../../lib/user -I. -Wall -W -Wstrict-prototypes -Wmissing-prototypes -Wsystem-headers  -MMD -MF tests/filesys/base/sm-seq-random.d
gcc -m32 -nostdlib -static -Wl,-T,../../lib/user/user.lds tests/filesys/base/sm-seq-random.o tests/lib.o tests/filesys/seq-test.o tests/main.o lib/user/entry.o libc.a -o tests/filesys/base/sm-seq-random
pintos -v -k -T 60 --qemu  --fs-disk=2 -p tests/filesys/base/sm-seq-random -a sm-seq-random --swap-disk=4 -- -q   -f run sm-seq-random < /dev/null 2> tests/filesys/base/sm-seq-random.errors > tests/filesys/base/sm-seq-random.output
perl -I../.. ../../tests/filesys/base/sm-seq-random.ck tests/filesys/base/sm-seq-random tests/filesys/base/sm-seq-random.result
pass tests/filesys/base/sm-seq-random
gcc -m32 -c ../../tests/filesys/base/syn-read.c -o tests/filesys/base/syn-read.o -g -msoft-float -O -nostdinc -I../.. -I../../lib -I../../lib/user -I. -Wall -W -Wstrict-prototypes -Wmissing-prototypes -Wsystem-headers  -MMD -MF tests/filesys/base/syn-read.d
gcc -m32 -nostdlib -static -Wl,-T,../../lib/user/user.lds tests/filesys/base/syn-read.o tests/lib.o tests/filesys/seq-test.o tests/main.o lib/user/entry.o libc.a -o tests/filesys/base/syn-read
gcc -m32 -c ../../tests/filesys/base/child-syn-read.c -o tests/filesys/base/child-syn-read.o -g -msoft-float -O -nostdinc -I../.. -I../../lib -I../../lib/user -I. -Wall -W -Wstrict-prototypes -Wmissing-prototypes -Wsystem-headers  -MMD -MF tests/filesys/base/child-syn-read.d
gcc -m32 -nostdlib -static -Wl,-T,../../lib/user/user.lds tests/filesys/base/child-syn-read.o tests/lib.o tests/filesys/seq-test.o lib/user/entry.o libc.a -o tests/filesys/base/child-syn-read
pintos -v -k -T 300 --qemu  --fs-disk=2 -p tests/filesys/base/syn-read -a syn-read -p tests/filesys/base/child-syn-read -a child-syn-read --swap-disk=4 -- -q   -f run syn-read < /dev/null 2> tests/filesys/base/syn-read.errors > tests/filesys/base/syn-read.output
perl -I../.. ../../tests/filesys/base/syn-read.ck tests/filesys/base/syn-read tests/filesys/base/syn-read.result
pass tests/filesys/base/syn-read
gcc -m32 -c ../../tests/filesys/base/syn-remove.c -o tests/filesys/base/syn-remove.o -g -msoft-float -O -nostdinc -I../.. -I../../lib -I../../lib/user -I. -Wall -W -Wstrict-prototypes -Wmissing-prototypes -Wsystem-headers  -MMD -MF tests/filesys/base/syn-remove.d
gcc -m32 -nostdlib -static -Wl,-T,../../lib/user/user.lds tests/filesys/base/syn-remove.o tests/lib.o tests/filesys/seq-test.o tests/main.o lib/user/entry.o libc.a -o tests/filesys/base/syn-remove
pintos -v -k -T 60 --qemu  --fs-disk=2 -p tests/filesys/base/syn-remove -a syn-remove --swap-disk=4 -- -q   -f run syn-remove < /dev/null 2> tests/filesys/base/syn-remove.errors > tests/filesys/base/syn-remove.output
perl -I../.. ../../tests/filesys/base/syn-remove.ck tests/filesys/base/syn-remove tests/filesys/base/syn-remove.result
pass tests/filesys/base/syn-remove
gcc -m32 -c ../../tests/filesys/base/syn-write.c -o tests/filesys/base/syn-write.o -g -msoft-float -O -nostdinc -I../.. -I../../lib -I../../lib/user -I. -Wall -W -Wstrict-prototypes -Wmissing-prototypes -Wsystem-headers  -MMD -MF tests/filesys/base/syn-write.d
gcc -m32 -nostdlib -static -Wl,-T,../../lib/user/user.lds tests/filesys/base/syn-write.o tests/lib.o tests/filesys/seq-test.o tests/main.o lib/user/entry.o libc.a -o tests/filesys/base/syn-write
gcc -m32 -c ../../tests/filesys/base/child-syn-wrt.c -o tests/filesys/base/child-syn-wrt.o -g -msoft-float -O -nostdinc -I../.. -I../../lib -I../../lib/user -I. -Wall -W -Wstrict-prototypes -Wmissing-prototypes -Wsystem-headers  -MMD -MF tests/filesys/base/child-syn-wrt.d
gcc -m32 -nostdlib -static -Wl,-T,../../lib/user/user.lds tests/filesys/base/child-syn-wrt.o tests/lib.o tests/filesys/seq-test.o lib/user/entry.o libc.a -o tests/filesys/base/child-syn-wrt
pintos -v -k -T 60 --qemu  --fs-disk=2 -p tests/filesys/base/syn-write -a syn-write -p tests/filesys/base/child-syn-wrt -a child-syn-wrt --swap-disk=4 -- -q   -f run syn-write < /dev/null 2> tests/filesys/base/syn-write.errors > tests/filesys/base/syn-write.output
perl -I../.. ../../tests/filesys/base/syn-write.ck tests/filesys/base/syn-write tests/filesys/base/syn-write.result
pass tests/filesys/base/syn-write
gcc -m32 -c ../../tests/filesys/extended/dir-empty-name.c -o tests/filesys/extended/dir-empty-name.o -g -msoft-float -O -nostdinc -I../.. -I../../lib -I../../lib/user -I. -Wall -W -Wstrict-prototypes -Wmissing-prototypes -Wsystem-headers  -MMD -MF tests/filesys/extended/dir-empty-name.d
gcc -m32 -nostdlib -static -Wl,-T,../../lib/user/user.lds tests/filesys/extended/dir-empty-name.o tests/lib.o tests/filesys/seq-test.o tests/main.o lib/user/entry.o libc.a -o tests/filesys/extended/dir-empty-name
gcc -m32 -c ../../tests/filesys/extended/tar.c -o tests/filesys/extended/tar.o -g -msoft-float -O -nostdinc -I../.. -I../../lib -I../../lib/user -I. -Wall -W -Wstrict-prototypes -Wmissing-prototypes -Wsystem-headers  -MMD -MF tests/filesys/extended/tar.d
gcc -m32 -nostdlib -static -Wl,-T,../../lib/user/user.lds tests/filesys/extended/tar.o tests/lib.o tests/filesys/seq-test.o lib/user/entry.o libc.a -o tests/filesys/extended/tar
rm -f tmp.dsk
pintos-mkdisk tmp.dsk 2
pintos -v -k -T 60 --qemu  --fs-disk=tmp.dsk -p tests/filesys/extended/dir-empty-name -a dir-empty-name -p tests/filesys/extended/tar -a tar --swap-disk=4 -- -q   -f run dir-empty-name < /dev/null 2> tests/filesys/extended/dir-empty-name.errors > tests/filesys/extended/dir-empty-name.output
pintos -v -k -T 60  --qemu --fs-disk=tmp.dsk -g fs.tar -a tests/filesys/extended/dir-empty-name.tar --swap-disk=4 -- -q  run 'tar fs.tar /' < /dev/null 2> tests/filesys/extended/dir-empty-name-persistence.errors > tests/filesys/extended/dir-empty-name-persistence.output
rm -f tmp.dsk
perl -I../.. ../../tests/filesys/extended/dir-empty-name.ck tests/filesys/extended/dir-empty-name tests/filesys/extended/dir-empty-name.result
FAIL tests/filesys/extended/dir-empty-name
run: TIMEOUT after 61 seconds of wall-clock time - load average: 0.24, 0.19, 0.07
gcc -m32 -c ../../tests/filesys/extended/dir-mk-tree.c -o tests/filesys/extended/dir-mk-tree.o -g -msoft-float -O -nostdinc -I../.. -I../../lib -I../../lib/user -I. -Wall -W -Wstrict-prototypes -Wmissing-prototypes -Wsystem-headers  -MMD -MF tests/filesys/extended/dir-mk-tree.d
gcc -m32 -c ../../tests/filesys/extended/mk-tree.c -o tests/filesys/extended/mk-tree.o -g -msoft-float -O -nostdinc -I../.. -I../../lib -I../../lib/user -I. -Wall -W -Wstrict-prototypes -Wmissing-prototypes -Wsystem-headers  -MMD -MF tests/filesys/extended/mk-tree.d
gcc -m32 -nostdlib -static -Wl,-T,../../lib/user/user.lds tests/filesys/extended/dir-mk-tree.o tests/lib.o tests/filesys/seq-test.o tests/main.o tests/filesys/extended/mk-tree.o lib/user/entry.o libc.a -o tests/filesys/extended/dir-mk-tree
rm -f tmp.dsk
pintos-mkdisk tmp.dsk 2
pintos -v -k -T 60 --qemu  --fs-disk=tmp.dsk -p tests/filesys/extended/dir-mk-tree -a dir-mk-tree -p tests/filesys/extended/tar -a tar --swap-disk=4 -- -q   -f run dir-mk-tree < /dev/null 2> tests/filesys/extended/dir-mk-tree.errors > tests/filesys/extended/dir-mk-tree.output
pintos -v -k -T 60  --qemu --fs-disk=tmp.dsk -g fs.tar -a tests/filesys/extended/dir-mk-tree.tar --swap-disk=4 -- -q  run 'tar fs.tar /' < /dev/null 2> tests/filesys/extended/dir-mk-tree-persistence.errors > tests/filesys/extended/dir-mk-tree-persistence.output
rm -f tmp.dsk
perl -I../.. ../../tests/filesys/extended/dir-mk-tree.ck tests/filesys/extended/dir-mk-tree tests/filesys/extended/dir-mk-tree.result
FAIL tests/filesys/extended/dir-mk-tree
run: TIMEOUT after 61 seconds of wall-clock time - load average: 0.58, 0.30, 0.11
gcc -m32 -c ../../tests/filesys/extended/dir-mkdir.c -o tests/filesys/extended/dir-mkdir.o -g -msoft-float -O -nostdinc -I../.. -I../../lib -I../../lib/user -I. -Wall -W -Wstrict-prototypes -Wmissing-prototypes -Wsystem-headers  -MMD -MF tests/filesys/extended/dir-mkdir.d
gcc -m32 -nostdlib -static -Wl,-T,../../lib/user/user.lds tests/filesys/extended/dir-mkdir.o tests/lib.o tests/filesys/seq-test.o tests/main.o lib/user/entry.o libc.a -o tests/filesys/extended/dir-mkdir
rm -f tmp.dsk
pintos-mkdisk tmp.dsk 2
pintos -v -k -T 60 --qemu  --fs-disk=tmp.dsk -p tests/filesys/extended/dir-mkdir -a dir-mkdir -p tests/filesys/extended/tar -a tar --swap-disk=4 -- -q   -f run dir-mkdir < /dev/null 2> tests/filesys/extended/dir-mkdir.errors > tests/filesys/extended/dir-mkdir.output
pintos -v -k -T 60  --qemu --fs-disk=tmp.dsk -g fs.tar -a tests/filesys/extended/dir-mkdir.tar --swap-disk=4 -- -q  run 'tar fs.tar /' < /dev/null 2> tests/filesys/extended/dir-mkdir-persistence.errors > tests/filesys/extended/dir-mkdir-persistence.output
rm -f tmp.dsk
perl -I../.. ../../tests/filesys/extended/dir-mkdir.ck tests/filesys/extended/dir-mkdir tests/filesys/extended/dir-mkdir.result
FAIL tests/filesys/extended/dir-mkdir
run: TIMEOUT after 61 seconds of wall-clock time - load average: 0.69, 0.38, 0.15
gcc -m32 -c ../../tests/filesys/extended/dir-open.c -o tests/filesys/extended/dir-open.o -g -msoft-float -O -nostdinc -I../.. -I../../lib -I../../lib/user -I. -Wall -W -Wstrict-prototypes -Wmissing-prototypes -Wsystem-headers  -MMD -MF tests/filesys/extended/dir-open.d
gcc -m32 -nostdlib -static -Wl,-T,../../lib/user/user.lds tests/filesys/extended/dir-open.o tests/lib.o tests/filesys/seq-test.o tests/main.o lib/user/entry.o libc.a -o tests/filesys/extended/dir-open
rm -f tmp.dsk
pintos-mkdisk tmp.dsk 2
pintos -v -k -T 60 --qemu  --fs-disk=tmp.dsk -p tests/filesys/extended/dir-open -a dir-open -p tests/filesys/extended/tar -a tar --swap-disk=4 -- -q   -f run dir-open < /dev/null 2> tests/filesys/extended/dir-open.errors > tests/filesys/extended/dir-open.output
pintos -v -k -T 60  --qemu --fs-disk=tmp.dsk -g fs.tar -a tests/filesys/extended/dir-open.tar --swap-disk=4 -- -q  run 'tar fs.tar /' < /dev/null 2> tests/filesys/extended/dir-open-persistence.errors > tests/filesys/extended/dir-open-persistence.output
rm -f tmp.dsk
perl -I../.. ../../tests/filesys/extended/dir-open.ck tests/filesys/extended/dir-open tests/filesys/extended/dir-open.result
FAIL tests/filesys/extended/dir-open
run: TIMEOUT after 61 seconds of wall-clock time - load average: 0.89, 0.50, 0.21
gcc -m32 -c ../../tests/filesys/extended/dir-over-file.c -o tests/filesys/extended/dir-over-file.o -g -msoft-float -O -nostdinc -I../.. -I../../lib -I../../lib/user -I. -Wall -W -Wstrict-prototypes -Wmissing-prototypes -Wsystem-headers  -MMD -MF tests/filesys/extended/dir-over-file.d
gcc -m32 -nostdlib -static -Wl,-T,../../lib/user/user.lds tests/filesys/extended/dir-over-file.o tests/lib.o tests/filesys/seq-test.o tests/main.o lib/user/entry.o libc.a -o tests/filesys/extended/dir-over-file
rm -f tmp.dsk
pintos-mkdisk tmp.dsk 2
pintos -v -k -T 60 --qemu  --fs-disk=tmp.dsk -p tests/filesys/extended/dir-over-file -a dir-over-file -p tests/filesys/extended/tar -a tar --swap-disk=4 -- -q   -f run dir-over-file < /dev/null 2> tests/filesys/extended/dir-over-file.errors > tests/filesys/extended/dir-over-file.output
pintos -v -k -T 60  --qemu --fs-disk=tmp.dsk -g fs.tar -a tests/filesys/extended/dir-over-file.tar --swap-disk=4 -- -q  run 'tar fs.tar /' < /dev/null 2> tests/filesys/extended/dir-over-file-persistence.errors > tests/filesys/extended/dir-over-file-persistence.output
rm -f tmp.dsk
perl -I../.. ../../tests/filesys/extended/dir-over-file.ck tests/filesys/extended/dir-over-file tests/filesys/extended/dir-over-file.result
FAIL tests/filesys/extended/dir-over-file
run: TIMEOUT after 61 seconds of wall-clock time - load average: 0.39, 0.43, 0.20
gcc -m32 -c ../../tests/filesys/extended/dir-rm-cwd.c -o tests/filesys/extended/dir-rm-cwd.o -g -msoft-float -O -nostdinc -I../.. -I../../lib -I../../lib/user -I. -Wall -W -Wstrict-prototypes -Wmissing-prototypes -Wsystem-headers  -MMD -MF tests/filesys/extended/dir-rm-cwd.d
gcc -m32 -nostdlib -static -Wl,-T,../../lib/user/user.lds tests/filesys/extended/dir-rm-cwd.o tests/lib.o tests/filesys/seq-test.o tests/main.o lib/user/entry.o libc.a -o tests/filesys/extended/dir-rm-cwd
rm -f tmp.dsk
pintos-mkdisk tmp.dsk 2
pintos -v -k -T 60 --qemu  --fs-disk=tmp.dsk -p tests/filesys/extended/dir-rm-cwd -a dir-rm-cwd -p tests/filesys/extended/tar -a tar --swap-disk=4 -- -q   -f run dir-rm-cwd < /dev/null 2> tests/filesys/extended/dir-rm-cwd.errors > tests/filesys/extended/dir-rm-cwd.output
pintos -v -k -T 60  --qemu --fs-disk=tmp.dsk -g fs.tar -a tests/filesys/extended/dir-rm-cwd.tar --swap-disk=4 -- -q  run 'tar fs.tar /' < /dev/null 2> tests/filesys/extended/dir-rm-cwd-persistence.errors > tests/filesys/extended/dir-rm-cwd-persistence.output
rm -f tmp.dsk
perl -I../.. ../../tests/filesys/extended/dir-rm-cwd.ck tests/filesys/extended/dir-rm-cwd tests/filesys/extended/dir-rm-cwd.result
FAIL tests/filesys/extended/dir-rm-cwd
run: open "/": FAILED
gcc -m32 -c ../../tests/filesys/extended/dir-rm-parent.c -o tests/filesys/extended/dir-rm-parent.o -g -msoft-float -O -nostdinc -I../.. -I../../lib -I../../lib/user -I. -Wall -W -Wstrict-prototypes -Wmissing-prototypes -Wsystem-headers  -MMD -MF tests/filesys/extended/dir-rm-parent.d
gcc -m32 -nostdlib -static -Wl,-T,../../lib/user/user.lds tests/filesys/extended/dir-rm-parent.o tests/lib.o tests/filesys/seq-test.o tests/main.o lib/user/entry.o libc.a -o tests/filesys/extended/dir-rm-parent
rm -f tmp.dsk
pintos-mkdisk tmp.dsk 2
pintos -v -k -T 60 --qemu  --fs-disk=tmp.dsk -p tests/filesys/extended/dir-rm-parent -a dir-rm-parent -p tests/filesys/extended/tar -a tar --swap-disk=4 -- -q   -f run dir-rm-parent < /dev/null 2> tests/filesys/extended/dir-rm-parent.errors > tests/filesys/extended/dir-rm-parent.output
pintos -v -k -T 60  --qemu --fs-disk=tmp.dsk -g fs.tar -a tests/filesys/extended/dir-rm-parent.tar --swap-disk=4 -- -q  run 'tar fs.tar /' < /dev/null 2> tests/filesys/extended/dir-rm-parent-persistence.errors > tests/filesys/extended/dir-rm-parent-persistence.output
rm -f tmp.dsk
perl -I../.. ../../tests/filesys/extended/dir-rm-parent.ck tests/filesys/extended/dir-rm-parent tests/filesys/extended/dir-rm-parent.result
FAIL tests/filesys/extended/dir-rm-parent
run: TIMEOUT after 61 seconds of wall-clock time - load average: 0.16, 0.36, 0.18
gcc -m32 -c ../../tests/filesys/extended/dir-rm-root.c -o tests/filesys/extended/dir-rm-root.o -g -msoft-float -O -nostdinc -I../.. -I../../lib -I../../lib/user -I. -Wall -W -Wstrict-prototypes -Wmissing-prototypes -Wsystem-headers  -MMD -MF tests/filesys/extended/dir-rm-root.d
gcc -m32 -nostdlib -static -Wl,-T,../../lib/user/user.lds tests/filesys/extended/dir-rm-root.o tests/lib.o tests/filesys/seq-test.o tests/main.o lib/user/entry.o libc.a -o tests/filesys/extended/dir-rm-root
rm -f tmp.dsk
pintos-mkdisk tmp.dsk 2
pintos -v -k -T 60 --qemu  --fs-disk=tmp.dsk -p tests/filesys/extended/dir-rm-root -a dir-rm-root -p tests/filesys/extended/tar -a tar --swap-disk=4 -- -q   -f run dir-rm-root < /dev/null 2> tests/filesys/extended/dir-rm-root.errors > tests/filesys/extended/dir-rm-root.output
pintos -v -k -T 60  --qemu --fs-disk=tmp.dsk -g fs.tar -a tests/filesys/extended/dir-rm-root.tar --swap-disk=4 -- -q  run 'tar fs.tar /' < /dev/null 2> tests/filesys/extended/dir-rm-root-persistence.errors > tests/filesys/extended/dir-rm-root-persistence.output
rm -f tmp.dsk
perl -I../.. ../../tests/filesys/extended/dir-rm-root.ck tests/filesys/extended/dir-rm-root tests/filesys/extended/dir-rm-root.result
pass tests/filesys/extended/dir-rm-root
gcc -m32 -c ../../tests/filesys/extended/dir-rm-tree.c -o tests/filesys/extended/dir-rm-tree.o -g -msoft-float -O -nostdinc -I../.. -I../../lib -I../../lib/user -I. -Wall -W -Wstrict-prototypes -Wmissing-prototypes -Wsystem-headers  -MMD -MF tests/filesys/extended/dir-rm-tree.d
gcc -m32 -nostdlib -static -Wl,-T,../../lib/user/user.lds tests/filesys/extended/dir-rm-tree.o tests/lib.o tests/filesys/seq-test.o tests/main.o tests/filesys/extended/mk-tree.o lib/user/entry.o libc.a -o tests/filesys/extended/dir-rm-tree
rm -f tmp.dsk
pintos-mkdisk tmp.dsk 2
pintos -v -k -T 60 --qemu  --fs-disk=tmp.dsk -p tests/filesys/extended/dir-rm-tree -a dir-rm-tree -p tests/filesys/extended/tar -a tar --swap-disk=4 -- -q   -f run dir-rm-tree < /dev/null 2> tests/filesys/extended/dir-rm-tree.errors > tests/filesys/extended/dir-rm-tree.output
pintos -v -k -T 60  --qemu --fs-disk=tmp.dsk -g fs.tar -a tests/filesys/extended/dir-rm-tree.tar --swap-disk=4 -- -q  run 'tar fs.tar /' < /dev/null 2> tests/filesys/extended/dir-rm-tree-persistence.errors > tests/filesys/extended/dir-rm-tree-persistence.output
rm -f tmp.dsk
perl -I../.. ../../tests/filesys/extended/dir-rm-tree.ck tests/filesys/extended/dir-rm-tree tests/filesys/extended/dir-rm-tree.result
FAIL tests/filesys/extended/dir-rm-tree
run: TIMEOUT after 61 seconds of wall-clock time - load average: 0.43, 0.40, 0.21
gcc -m32 -c ../../tests/filesys/extended/dir-rmdir.c -o tests/filesys/extended/dir-rmdir.o -g -msoft-float -O -nostdinc -I../.. -I../../lib -I../../lib/user -I. -Wall -W -Wstrict-prototypes -Wmissing-prototypes -Wsystem-headers  -MMD -MF tests/filesys/extended/dir-rmdir.d
gcc -m32 -nostdlib -static -Wl,-T,../../lib/user/user.lds tests/filesys/extended/dir-rmdir.o tests/lib.o tests/filesys/seq-test.o tests/main.o lib/user/entry.o libc.a -o tests/filesys/extended/dir-rmdir
rm -f tmp.dsk
pintos-mkdisk tmp.dsk 2
pintos -v -k -T 60 --qemu  --fs-disk=tmp.dsk -p tests/filesys/extended/dir-rmdir -a dir-rmdir -p tests/filesys/extended/tar -a tar --swap-disk=4 -- -q   -f run dir-rmdir < /dev/null 2> tests/filesys/extended/dir-rmdir.errors > tests/filesys/extended/dir-rmdir.output
pintos -v -k -T 60  --qemu --fs-disk=tmp.dsk -g fs.tar -a tests/filesys/extended/dir-rmdir.tar --swap-disk=4 -- -q  run 'tar fs.tar /' < /dev/null 2> tests/filesys/extended/dir-rmdir-persistence.errors > tests/filesys/extended/dir-rmdir-persistence.output
rm -f tmp.dsk
perl -I../.. ../../tests/filesys/extended/dir-rmdir.ck tests/filesys/extended/dir-rmdir tests/filesys/extended/dir-rmdir.result
FAIL tests/filesys/extended/dir-rmdir
run: TIMEOUT after 61 seconds of wall-clock time - load average: 0.51, 0.43, 0.23
gcc -m32 -c ../../tests/filesys/extended/dir-under-file.c -o tests/filesys/extended/dir-under-file.o -g -msoft-float -O -nostdinc -I../.. -I../../lib -I../../lib/user -I. -Wall -W -Wstrict-prototypes -Wmissing-prototypes -Wsystem-headers  -MMD -MF tests/filesys/extended/dir-under-file.d
gcc -m32 -nostdlib -static -Wl,-T,../../lib/user/user.lds tests/filesys/extended/dir-under-file.o tests/lib.o tests/filesys/seq-test.o tests/main.o lib/user/entry.o libc.a -o tests/filesys/extended/dir-under-file
rm -f tmp.dsk
pintos-mkdisk tmp.dsk 2
pintos -v -k -T 60 --qemu  --fs-disk=tmp.dsk -p tests/filesys/extended/dir-under-file -a dir-under-file -p tests/filesys/extended/tar -a tar --swap-disk=4 -- -q   -f run dir-under-file < /dev/null 2> tests/filesys/extended/dir-under-file.errors > tests/filesys/extended/dir-under-file.output
pintos -v -k -T 60  --qemu --fs-disk=tmp.dsk -g fs.tar -a tests/filesys/extended/dir-under-file.tar --swap-disk=4 -- -q  run 'tar fs.tar /' < /dev/null 2> tests/filesys/extended/dir-under-file-persistence.errors > tests/filesys/extended/dir-under-file-persistence.output
rm -f tmp.dsk
perl -I../.. ../../tests/filesys/extended/dir-under-file.ck tests/filesys/extended/dir-under-file tests/filesys/extended/dir-under-file.result
FAIL tests/filesys/extended/dir-under-file
run: TIMEOUT after 61 seconds of wall-clock time - load average: 0.78, 0.52, 0.27
gcc -m32 -c ../../tests/filesys/extended/dir-vine.c -o tests/filesys/extended/dir-vine.o -g -msoft-float -O -nostdinc -I../.. -I../../lib -I../../lib/user -I. -Wall -W -Wstrict-prototypes -Wmissing-prototypes -Wsystem-headers  -MMD -MF tests/filesys/extended/dir-vine.d
gcc -m32 -nostdlib -static -Wl,-T,../../lib/user/user.lds tests/filesys/extended/dir-vine.o tests/lib.o tests/filesys/seq-test.o tests/main.o lib/user/entry.o libc.a -o tests/filesys/extended/dir-vine
rm -f tmp.dsk
pintos-mkdisk tmp.dsk 2
pintos -v -k -T 150 --qemu  --fs-disk=tmp.dsk -p tests/filesys/extended/dir-vine -a dir-vine -p tests/filesys/extended/tar -a tar --swap-disk=4 -- -q   -f run dir-vine < /dev/null 2> tests/filesys/extended/dir-vine.errors > tests/filesys/extended/dir-vine.output
pintos -v -k -T 60  --qemu --fs-disk=tmp.dsk -g fs.tar -a tests/filesys/extended/dir-vine.tar --swap-disk=4 -- -q  run 'tar fs.tar /' < /dev/null 2> tests/filesys/extended/dir-vine-persistence.errors > tests/filesys/extended/dir-vine-persistence.output
rm -f tmp.dsk
perl -I../.. ../../tests/filesys/extended/dir-vine.ck tests/filesys/extended/dir-vine tests/filesys/extended/dir-vine.result
FAIL tests/filesys/extended/dir-vine
run: TIMEOUT after 151 seconds of wall-clock time - load average: 0.09, 0.35, 0.25
gcc -m32 -c ../../tests/filesys/extended/grow-create.c -o tests/filesys/extended/grow-create.o -g -msoft-float -O -nostdinc -I../.. -I../../lib -I../../lib/user -I. -Wall -W -Wstrict-prototypes -Wmissing-prototypes -Wsystem-headers  -MMD -MF tests/filesys/extended/grow-create.d
gcc -m32 -nostdlib -static -Wl,-T,../../lib/user/user.lds tests/filesys/extended/grow-create.o tests/lib.o tests/filesys/seq-test.o tests/main.o lib/user/entry.o libc.a -o tests/filesys/extended/grow-create
rm -f tmp.dsk
pintos-mkdisk tmp.dsk 2
pintos -v -k -T 60 --qemu  --fs-disk=tmp.dsk -p tests/filesys/extended/grow-create -a grow-create -p tests/filesys/extended/tar -a tar --swap-disk=4 -- -q   -f run grow-create < /dev/null 2> tests/filesys/extended/grow-create.errors > tests/filesys/extended/grow-create.output
pintos -v -k -T 60  --qemu --fs-disk=tmp.dsk -g fs.tar -a tests/filesys/extended/grow-create.tar --swap-disk=4 -- -q  run 'tar fs.tar /' < /dev/null 2> tests/filesys/extended/grow-create-persistence.errors > tests/filesys/extended/grow-create-persistence.output
rm -f tmp.dsk
perl -I../.. ../../tests/filesys/extended/grow-create.ck tests/filesys/extended/grow-create tests/filesys/extended/grow-create.result
pass tests/filesys/extended/grow-create
gcc -m32 -c ../../tests/filesys/extended/grow-dir-lg.c -o tests/filesys/extended/grow-dir-lg.o -g -msoft-float -O -nostdinc -I../.. -I../../lib -I../../lib/user -I. -Wall -W -Wstrict-prototypes -Wmissing-prototypes -Wsystem-headers  -MMD -MF tests/filesys/extended/grow-dir-lg.d
gcc -m32 -nostdlib -static -Wl,-T,../../lib/user/user.lds tests/filesys/extended/grow-dir-lg.o tests/lib.o tests/filesys/seq-test.o tests/main.o lib/user/entry.o libc.a -o tests/filesys/extended/grow-dir-lg
rm -f tmp.dsk
pintos-mkdisk tmp.dsk 2
pintos -v -k -T 60 --qemu  --fs-disk=tmp.dsk -p tests/filesys/extended/grow-dir-lg -a grow-dir-lg -p tests/filesys/extended/tar -a tar --swap-disk=4 -- -q   -f run grow-dir-lg < /dev/null 2> tests/filesys/extended/grow-dir-lg.errors > tests/filesys/extended/grow-dir-lg.output
pintos -v -k -T 60  --qemu --fs-disk=tmp.dsk -g fs.tar -a tests/filesys/extended/grow-dir-lg.tar --swap-disk=4 -- -q  run 'tar fs.tar /' < /dev/null 2> tests/filesys/extended/grow-dir-lg-persistence.errors > tests/filesys/extended/grow-dir-lg-persistence.output
rm -f tmp.dsk
perl -I../.. ../../tests/filesys/extended/grow-dir-lg.ck tests/filesys/extended/grow-dir-lg tests/filesys/extended/grow-dir-lg.result
FAIL tests/filesys/extended/grow-dir-lg
run: TIMEOUT after 61 seconds of wall-clock time - load average: 0.03, 0.29, 0.23
gcc -m32 -c ../../tests/filesys/extended/grow-file-size.c -o tests/filesys/extended/grow-file-size.o -g -msoft-float -O -nostdinc -I../.. -I../../lib -I../../lib/user -I. -Wall -W -Wstrict-prototypes -Wmissing-prototypes -Wsystem-headers  -MMD -MF tests/filesys/extended/grow-file-size.d
gcc -m32 -nostdlib -static -Wl,-T,../../lib/user/user.lds tests/filesys/extended/grow-file-size.o tests/lib.o tests/filesys/seq-test.o tests/main.o lib/user/entry.o libc.a -o tests/filesys/extended/grow-file-size
rm -f tmp.dsk
pintos-mkdisk tmp.dsk 2
pintos -v -k -T 60 --qemu  --fs-disk=tmp.dsk -p tests/filesys/extended/grow-file-size -a grow-file-size -p tests/filesys/extended/tar -a tar --swap-disk=4 -- -q   -f run grow-file-size < /dev/null 2> tests/filesys/extended/grow-file-size.errors > tests/filesys/extended/grow-file-size.output
pintos -v -k -T 60  --qemu --fs-disk=tmp.dsk -g fs.tar -a tests/filesys/extended/grow-file-size.tar --swap-disk=4 -- -q  run 'tar fs.tar /' < /dev/null 2> tests/filesys/extended/grow-file-size-persistence.errors > tests/filesys/extended/grow-file-size-persistence.output
rm -f tmp.dsk
perl -I../.. ../../tests/filesys/extended/grow-file-size.ck tests/filesys/extended/grow-file-size tests/filesys/extended/grow-file-size.result
FAIL tests/filesys/extended/grow-file-size
run: write 37 bytes at offset 0 in "testfile" failed: FAILED
gcc -m32 -c ../../tests/filesys/extended/grow-root-lg.c -o tests/filesys/extended/grow-root-lg.o -g -msoft-float -O -nostdinc -I../.. -I../../lib -I../../lib/user -I. -Wall -W -Wstrict-prototypes -Wmissing-prototypes -Wsystem-headers  -MMD -MF tests/filesys/extended/grow-root-lg.d
gcc -m32 -nostdlib -static -Wl,-T,../../lib/user/user.lds tests/filesys/extended/grow-root-lg.o tests/lib.o tests/filesys/seq-test.o tests/main.o lib/user/entry.o libc.a -o tests/filesys/extended/grow-root-lg
rm -f tmp.dsk
pintos-mkdisk tmp.dsk 2
pintos -v -k -T 60 --qemu  --fs-disk=tmp.dsk -p tests/filesys/extended/grow-root-lg -a grow-root-lg -p tests/filesys/extended/tar -a tar --swap-disk=4 -- -q   -f run grow-root-lg < /dev/null 2> tests/filesys/extended/grow-root-lg.errors > tests/filesys/extended/grow-root-lg.output
pintos -v -k -T 60  --qemu --fs-disk=tmp.dsk -g fs.tar -a tests/filesys/extended/grow-root-lg.tar --swap-disk=4 -- -q  run 'tar fs.tar /' < /dev/null 2> tests/filesys/extended/grow-root-lg-persistence.errors > tests/filesys/extended/grow-root-lg-persistence.output
rm -f tmp.dsk
perl -I../.. ../../tests/filesys/extended/grow-root-lg.ck tests/filesys/extended/grow-root-lg tests/filesys/extended/grow-root-lg.result
FAIL tests/filesys/extended/grow-root-lg
run: create "file14": FAILED
gcc -m32 -c ../../tests/filesys/extended/grow-root-sm.c -o tests/filesys/extended/grow-root-sm.o -g -msoft-float -O -nostdinc -I../.. -I../../lib -I../../lib/user -I. -Wall -W -Wstrict-prototypes -Wmissing-prototypes -Wsystem-headers  -MMD -MF tests/filesys/extended/grow-root-sm.d
gcc -m32 -nostdlib -static -Wl,-T,../../lib/user/user.lds tests/filesys/extended/grow-root-sm.o tests/lib.o tests/filesys/seq-test.o tests/main.o lib/user/entry.o libc.a -o tests/filesys/extended/grow-root-sm
rm -f tmp.dsk
pintos-mkdisk tmp.dsk 2
pintos -v -k -T 60 --qemu  --fs-disk=tmp.dsk -p tests/filesys/extended/grow-root-sm -a grow-root-sm -p tests/filesys/extended/tar -a tar --swap-disk=4 -- -q   -f run grow-root-sm < /dev/null 2> tests/filesys/extended/grow-root-sm.errors > tests/filesys/extended/grow-root-sm.output
pintos -v -k -T 60  --qemu --fs-disk=tmp.dsk -g fs.tar -a tests/filesys/extended/grow-root-sm.tar --swap-disk=4 -- -q  run 'tar fs.tar /' < /dev/null 2> tests/filesys/extended/grow-root-sm-persistence.errors > tests/filesys/extended/grow-root-sm-persistence.output
rm -f tmp.dsk
perl -I../.. ../../tests/filesys/extended/grow-root-sm.ck tests/filesys/extended/grow-root-sm tests/filesys/extended/grow-root-sm.result
FAIL tests/filesys/extended/grow-root-sm
run: create "file14": FAILED
gcc -m32 -c ../../tests/filesys/extended/grow-seq-lg.c -o tests/filesys/extended/grow-seq-lg.o -g -msoft-float -O -nostdinc -I../.. -I../../lib -I../../lib/user -I. -Wall -W -Wstrict-prototypes -Wmissing-prototypes -Wsystem-headers  -MMD -MF tests/filesys/extended/grow-seq-lg.d
gcc -m32 -nostdlib -static -Wl,-T,../../lib/user/user.lds tests/filesys/extended/grow-seq-lg.o tests/lib.o tests/filesys/seq-test.o tests/main.o lib/user/entry.o libc.a -o tests/filesys/extended/grow-seq-lg
rm -f tmp.dsk
pintos-mkdisk tmp.dsk 2
pintos -v -k -T 60 --qemu  --fs-disk=tmp.dsk -p tests/filesys/extended/grow-seq-lg -a grow-seq-lg -p tests/filesys/extended/tar -a tar --swap-disk=4 -- -q   -f run grow-seq-lg < /dev/null 2> tests/filesys/extended/grow-seq-lg.errors > tests/filesys/extended/grow-seq-lg.output
pintos -v -k -T 60  --qemu --fs-disk=tmp.dsk -g fs.tar -a tests/filesys/extended/grow-seq-lg.tar --swap-disk=4 -- -q  run 'tar fs.tar /' < /dev/null 2> tests/filesys/extended/grow-seq-lg-persistence.errors > tests/filesys/extended/grow-seq-lg-persistence.output
rm -f tmp.dsk
perl -I../.. ../../tests/filesys/extended/grow-seq-lg.ck tests/filesys/extended/grow-seq-lg tests/filesys/extended/grow-seq-lg.result
FAIL tests/filesys/extended/grow-seq-lg
run: write 1234 bytes at offset 0 in "testme" failed: FAILED
gcc -m32 -c ../../tests/filesys/extended/grow-seq-sm.c -o tests/filesys/extended/grow-seq-sm.o -g -msoft-float -O -nostdinc -I../.. -I../../lib -I../../lib/user -I. -Wall -W -Wstrict-prototypes -Wmissing-prototypes -Wsystem-headers  -MMD -MF tests/filesys/extended/grow-seq-sm.d
gcc -m32 -nostdlib -static -Wl,-T,../../lib/user/user.lds tests/filesys/extended/grow-seq-sm.o tests/lib.o tests/filesys/seq-test.o tests/main.o lib/user/entry.o libc.a -o tests/filesys/extended/grow-seq-sm
rm -f tmp.dsk
pintos-mkdisk tmp.dsk 2
pintos -v -k -T 60 --qemu  --fs-disk=tmp.dsk -p tests/filesys/extended/grow-seq-sm -a grow-seq-sm -p tests/filesys/extended/tar -a tar --swap-disk=4 -- -q   -f run grow-seq-sm < /dev/null 2> tests/filesys/extended/grow-seq-sm.errors > tests/filesys/extended/grow-seq-sm.output
pintos -v -k -T 60  --qemu --fs-disk=tmp.dsk -g fs.tar -a tests/filesys/extended/grow-seq-sm.tar --swap-disk=4 -- -q  run 'tar fs.tar /' < /dev/null 2> tests/filesys/extended/grow-seq-sm-persistence.errors > tests/filesys/extended/grow-seq-sm-persistence.output
rm -f tmp.dsk
perl -I../.. ../../tests/filesys/extended/grow-seq-sm.ck tests/filesys/extended/grow-seq-sm tests/filesys/extended/grow-seq-sm.result
FAIL tests/filesys/extended/grow-seq-sm
run: write 1234 bytes at offset 0 in "testme" failed: FAILED
gcc -m32 -c ../../tests/filesys/extended/grow-sparse.c -o tests/filesys/extended/grow-sparse.o -g -msoft-float -O -nostdinc -I../.. -I../../lib -I../../lib/user -I. -Wall -W -Wstrict-prototypes -Wmissing-prototypes -Wsystem-headers  -MMD -MF tests/filesys/extended/grow-sparse.d
gcc -m32 -nostdlib -static -Wl,-T,../../lib/user/user.lds tests/filesys/extended/grow-sparse.o tests/lib.o tests/filesys/seq-test.o tests/main.o lib/user/entry.o libc.a -o tests/filesys/extended/grow-sparse
rm -f tmp.dsk
pintos-mkdisk tmp.dsk 2
pintos -v -k -T 60 --qemu  --fs-disk=tmp.dsk -p tests/filesys/extended/grow-sparse -a grow-sparse -p tests/filesys/extended/tar -a tar --swap-disk=4 -- -q   -f run grow-sparse < /dev/null 2> tests/filesys/extended/grow-sparse.errors > tests/filesys/extended/grow-sparse.output
pintos -v -k -T 60  --qemu --fs-disk=tmp.dsk -g fs.tar -a tests/filesys/extended/grow-sparse.tar --swap-disk=4 -- -q  run 'tar fs.tar /' < /dev/null 2> tests/filesys/extended/grow-sparse-persistence.errors > tests/filesys/extended/grow-sparse-persistence.output
rm -f tmp.dsk
perl -I../.. ../../tests/filesys/extended/grow-sparse.ck tests/filesys/extended/grow-sparse tests/filesys/extended/grow-sparse.result
FAIL tests/filesys/extended/grow-sparse
run: write "testfile": FAILED
gcc -m32 -c ../../tests/filesys/extended/grow-tell.c -o tests/filesys/extended/grow-tell.o -g -msoft-float -O -nostdinc -I../.. -I../../lib -I../../lib/user -I. -Wall -W -Wstrict-prototypes -Wmissing-prototypes -Wsystem-headers  -MMD -MF tests/filesys/extended/grow-tell.d
gcc -m32 -nostdlib -static -Wl,-T,../../lib/user/user.lds tests/filesys/extended/grow-tell.o tests/lib.o tests/filesys/seq-test.o tests/main.o lib/user/entry.o libc.a -o tests/filesys/extended/grow-tell
rm -f tmp.dsk
pintos-mkdisk tmp.dsk 2
pintos -v -k -T 60 --qemu  --fs-disk=tmp.dsk -p tests/filesys/extended/grow-tell -a grow-tell -p tests/filesys/extended/tar -a tar --swap-disk=4 -- -q   -f run grow-tell < /dev/null 2> tests/filesys/extended/grow-tell.errors > tests/filesys/extended/grow-tell.output
pintos -v -k -T 60  --qemu --fs-disk=tmp.dsk -g fs.tar -a tests/filesys/extended/grow-tell.tar --swap-disk=4 -- -q  run 'tar fs.tar /' < /dev/null 2> tests/filesys/extended/grow-tell-persistence.errors > tests/filesys/extended/grow-tell-persistence.output
rm -f tmp.dsk
perl -I../.. ../../tests/filesys/extended/grow-tell.ck tests/filesys/extended/grow-tell tests/filesys/extended/grow-tell.result
FAIL tests/filesys/extended/grow-tell
run: write 37 bytes at offset 0 in "foobar" failed: FAILED
gcc -m32 -c ../../tests/filesys/extended/grow-two-files.c -o tests/filesys/extended/grow-two-files.o -g -msoft-float -O -nostdinc -I../.. -I../../lib -I../../lib/user -I. -Wall -W -Wstrict-prototypes -Wmissing-prototypes -Wsystem-headers  -MMD -MF tests/filesys/extended/grow-two-files.d
gcc -m32 -nostdlib -static -Wl,-T,../../lib/user/user.lds tests/filesys/extended/grow-two-files.o tests/lib.o tests/filesys/seq-test.o tests/main.o lib/user/entry.o libc.a -o tests/filesys/extended/grow-two-files
rm -f tmp.dsk
pintos-mkdisk tmp.dsk 2
pintos -v -k -T 60 --qemu  --fs-disk=tmp.dsk -p tests/filesys/extended/grow-two-files -a grow-two-files -p tests/filesys/extended/tar -a tar --swap-disk=4 -- -q   -f run grow-two-files < /dev/null 2> tests/filesys/extended/grow-two-files.errors > tests/filesys/extended/grow-two-files.output
pintos -v -k -T 60  --qemu --fs-disk=tmp.dsk -g fs.tar -a tests/filesys/extended/grow-two-files.tar --swap-disk=4 -- -q  run 'tar fs.tar /' < /dev/null 2> tests/filesys/extended/grow-two-files-persistence.errors > tests/filesys/extended/grow-two-files-persistence.output
rm -f tmp.dsk
perl -I../.. ../../tests/filesys/extended/grow-two-files.ck tests/filesys/extended/grow-two-files tests/filesys/extended/grow-two-files.result
FAIL tests/filesys/extended/grow-two-files
run: write 250 bytes at offset 0 in "a" returned 0: FAILED
gcc -m32 -c ../../tests/filesys/extended/syn-rw.c -o tests/filesys/extended/syn-rw.o -g -msoft-float -O -nostdinc -I../.. -I../../lib -I../../lib/user -I. -Wall -W -Wstrict-prototypes -Wmissing-prototypes -Wsystem-headers  -MMD -MF tests/filesys/extended/syn-rw.d
gcc -m32 -nostdlib -static -Wl,-T,../../lib/user/user.lds tests/filesys/extended/syn-rw.o tests/lib.o tests/filesys/seq-test.o tests/main.o lib/user/entry.o libc.a -o tests/filesys/extended/syn-rw
gcc -m32 -c ../../tests/filesys/extended/child-syn-rw.c -o tests/filesys/extended/child-syn-rw.o -g -msoft-float -O -nostdinc -I../.. -I../../lib -I../../lib/user -I. -Wall -W -Wstrict-prototypes -Wmissing-prototypes -Wsystem-headers  -MMD -MF tests/filesys/extended/child-syn-rw.d
gcc -m32 -nostdlib -static -Wl,-T,../../lib/user/user.lds tests/filesys/extended/child-syn-rw.o tests/lib.o tests/filesys/seq-test.o lib/user/entry.o libc.a -o tests/filesys/extended/child-syn-rw
rm -f tmp.dsk
pintos-mkdisk tmp.dsk 2
pintos -v -k -T 60 --qemu  --fs-disk=tmp.dsk -p tests/filesys/extended/syn-rw -a syn-rw -p tests/filesys/extended/tar -a tar -p tests/filesys/extended/child-syn-rw -a child-syn-rw --swap-disk=4 -- -q   -f run syn-rw < /dev/null 2> tests/filesys/extended/syn-rw.errors > tests/filesys/extended/syn-rw.output
pintos -v -k -T 60  --qemu --fs-disk=tmp.dsk -g fs.tar -a tests/filesys/extended/syn-rw.tar --swap-disk=4 -- -q  run 'tar fs.tar /' < /dev/null 2> tests/filesys/extended/syn-rw-persistence.errors > tests/filesys/extended/syn-rw-persistence.output
rm -f tmp.dsk
perl -I../.. ../../tests/filesys/extended/syn-rw.ck tests/filesys/extended/syn-rw tests/filesys/extended/syn-rw.result
FAIL tests/filesys/extended/syn-rw
Kernel panic in run: PANIC at ../../threads/malloc.c:274 in block_to_arena(): assertion `a->magic == ARENA_MAGIC' failed.
Call stack: 0xc01073f6 0xc010368e 0xc0103547 0xc01097e5 0xc0100cc3 0xc010b153 0xc010ba0d 0xc01018b5 0xc0101a8b 0x804a223 0x8048327 0x80481bc 0x804890b 0x8048938
Translation of call stack:
In kernel.o:
0xc01073f6: debug_panic (.../../lib/kernel/debug.c:34)
0xc010368e: block_to_arena (..../../threads/malloc.c:277)
0xc0103547: free (..../../threads/malloc.c:224)
0xc01097e5: process_exit (...../userprog/process.c:221)
0xc0100cc3: thread_exit (..../../threads/thread.c:323)
0xc010b153: exec (...../userprog/syscall.c:136)
0xc010ba0d: syscall_handler (...../userprog/syscall.c:545)
0xc01018b5: intr_handler (..../threads/interrupt.c:361)
0xc0101a8b: intr_entry (threads/intr-stubs.S:38)
In tests/filesys/extended/syn-rw:
0x0804a223: exit (.../../lib/user/syscall.c:74)
0x08048327: swap (...uild/../../tests/lib.c:53)
0x080481bc: test_main (...esys/extended/syn-rw.c:28)
0x0804890b: main (...ild/../../tests/main.c:13)
0x08048938: _start (.../../../lib/user/entry.c:9)
Translations of user virtual addresses above are based on a guess at
the binary to use.  If this guess is incorrect, then those
translations will be misleading.
gcc -m32 -c ../../tests/vm/pt-grow-stack.c -o tests/vm/pt-grow-stack.o -g -msoft-float -O -nostdinc -I../.. -I../../lib -I../../lib/user -I. -Wall -W -Wstrict-prototypes -Wmissing-prototypes -Wsystem-headers  -MMD -MF tests/vm/pt-grow-stack.d
gcc -m32 -c ../../tests/arc4.c -o tests/arc4.o -g -msoft-float -O -nostdinc -I../.. -I../../lib -I../../lib/user -I. -Wall -W -Wstrict-prototypes -Wmissing-prototypes -Wsystem-headers  -MMD -MF tests/arc4.d
gcc -m32 -c ../../tests/cksum.c -o tests/cksum.o -g -msoft-float -O -nostdinc -I../.. -I../../lib -I../../lib/user -I. -Wall -W -Wstrict-prototypes -Wmissing-prototypes -Wsystem-headers  -MMD -MF tests/cksum.d
gcc -m32 -nostdlib -static -Wl,-T,../../lib/user/user.lds tests/vm/pt-grow-stack.o tests/arc4.o tests/cksum.o tests/lib.o tests/main.o lib/user/entry.o libc.a -o tests/vm/pt-grow-stack
pintos -v -k -T 60 --qemu  --fs-disk=2 -p tests/vm/pt-grow-stack -a pt-grow-stack --swap-disk=4 -- -q   -f run pt-grow-stack < /dev/null 2> tests/vm/pt-grow-stack.errors > tests/vm/pt-grow-stack.output
perl -I../.. ../../tests/vm/pt-grow-stack.ck tests/vm/pt-grow-stack tests/vm/pt-grow-stack.result
pass tests/vm/pt-grow-stack
gcc -m32 -c ../../tests/vm/pt-grow-pusha.c -o tests/vm/pt-grow-pusha.o -g -msoft-float -O -nostdinc -I../.. -I../../lib -I../../lib/user -I. -Wall -W -Wstrict-prototypes -Wmissing-prototypes -Wsystem-headers  -MMD -MF tests/vm/pt-grow-pusha.d
gcc -m32 -nostdlib -static -Wl,-T,../../lib/user/user.lds tests/vm/pt-grow-pusha.o tests/lib.o tests/main.o lib/user/entry.o libc.a -o tests/vm/pt-grow-pusha
pintos -v -k -T 60 --qemu  --fs-disk=2 -p tests/vm/pt-grow-pusha -a pt-grow-pusha --swap-disk=4 -- -q   -f run pt-grow-pusha < /dev/null 2> tests/vm/pt-grow-pusha.errors > tests/vm/pt-grow-pusha.output
perl -I../.. ../../tests/vm/pt-grow-pusha.ck tests/vm/pt-grow-pusha tests/vm/pt-grow-pusha.result
pass tests/vm/pt-grow-pusha
gcc -m32 -c ../../tests/vm/pt-grow-bad.c -o tests/vm/pt-grow-bad.o -g -msoft-float -O -nostdinc -I../.. -I../../lib -I../../lib/user -I. -Wall -W -Wstrict-prototypes -Wmissing-prototypes -Wsystem-headers  -MMD -MF tests/vm/pt-grow-bad.d
gcc -m32 -nostdlib -static -Wl,-T,../../lib/user/user.lds tests/vm/pt-grow-bad.o tests/lib.o tests/main.o lib/user/entry.o libc.a -o tests/vm/pt-grow-bad
pintos -v -k -T 60 --qemu  --fs-disk=2 -p tests/vm/pt-grow-bad -a pt-grow-bad --swap-disk=4 -- -q   -f run pt-grow-bad < /dev/null 2> tests/vm/pt-grow-bad.errors > tests/vm/pt-grow-bad.output
perl -I../.. ../../tests/vm/pt-grow-bad.ck tests/vm/pt-grow-bad tests/vm/pt-grow-bad.result
pass tests/vm/pt-grow-bad
gcc -m32 -c ../../tests/vm/pt-big-stk-obj.c -o tests/vm/pt-big-stk-obj.o -g -msoft-float -O -nostdinc -I../.. -I../../lib -I../../lib/user -I. -Wall -W -Wstrict-prototypes -Wmissing-prototypes -Wsystem-headers  -MMD -MF tests/vm/pt-big-stk-obj.d
gcc -m32 -nostdlib -static -Wl,-T,../../lib/user/user.lds tests/vm/pt-big-stk-obj.o tests/arc4.o tests/cksum.o tests/lib.o tests/main.o lib/user/entry.o libc.a -o tests/vm/pt-big-stk-obj
pintos -v -k -T 60 --qemu  --fs-disk=2 -p tests/vm/pt-big-stk-obj -a pt-big-stk-obj --swap-disk=4 -- -q   -f run pt-big-stk-obj < /dev/null 2> tests/vm/pt-big-stk-obj.errors > tests/vm/pt-big-stk-obj.output
perl -I../.. ../../tests/vm/pt-big-stk-obj.ck tests/vm/pt-big-stk-obj tests/vm/pt-big-stk-obj.result
pass tests/vm/pt-big-stk-obj
gcc -m32 -c ../../tests/vm/pt-bad-addr.c -o tests/vm/pt-bad-addr.o -g -msoft-float -O -nostdinc -I../.. -I../../lib -I../../lib/user -I. -Wall -W -Wstrict-prototypes -Wmissing-prototypes -Wsystem-headers  -MMD -MF tests/vm/pt-bad-addr.d
gcc -m32 -nostdlib -static -Wl,-T,../../lib/user/user.lds tests/vm/pt-bad-addr.o tests/lib.o tests/main.o lib/user/entry.o libc.a -o tests/vm/pt-bad-addr
pintos -v -k -T 60 --qemu  --fs-disk=2 -p tests/vm/pt-bad-addr -a pt-bad-addr --swap-disk=4 -- -q   -f run pt-bad-addr < /dev/null 2> tests/vm/pt-bad-addr.errors > tests/vm/pt-bad-addr.output
perl -I../.. ../../tests/vm/pt-bad-addr.ck tests/vm/pt-bad-addr tests/vm/pt-bad-addr.result
pass tests/vm/pt-bad-addr
gcc -m32 -c ../../tests/vm/pt-bad-read.c -o tests/vm/pt-bad-read.o -g -msoft-float -O -nostdinc -I../.. -I../../lib -I../../lib/user -I. -Wall -W -Wstrict-prototypes -Wmissing-prototypes -Wsystem-headers  -MMD -MF tests/vm/pt-bad-read.d
gcc -m32 -nostdlib -static -Wl,-T,../../lib/user/user.lds tests/vm/pt-bad-read.o tests/lib.o tests/main.o lib/user/entry.o libc.a -o tests/vm/pt-bad-read
pintos -v -k -T 60 --qemu  --fs-disk=2 -p tests/vm/pt-bad-read -a pt-bad-read -p ../../tests/vm/sample.txt -a sample.txt --swap-disk=4 -- -q   -f run pt-bad-read < /dev/null 2> tests/vm/pt-bad-read.errors > tests/vm/pt-bad-read.output
perl -I../.. ../../tests/vm/pt-bad-read.ck tests/vm/pt-bad-read tests/vm/pt-bad-read.result
FAIL tests/vm/pt-bad-read
run: TIMEOUT after 61 seconds of wall-clock time - load average: 0.21, 0.32, 0.25
gcc -m32 -c ../../tests/vm/pt-write-code.c -o tests/vm/pt-write-code.o -g -msoft-float -O -nostdinc -I../.. -I../../lib -I../../lib/user -I. -Wall -W -Wstrict-prototypes -Wmissing-prototypes -Wsystem-headers  -MMD -MF tests/vm/pt-write-code.d
gcc -m32 -nostdlib -static -Wl,-T,../../lib/user/user.lds tests/vm/pt-write-code.o tests/lib.o tests/main.o lib/user/entry.o libc.a -o tests/vm/pt-write-code
pintos -v -k -T 60 --qemu  --fs-disk=2 -p tests/vm/pt-write-code -a pt-write-code --swap-disk=4 -- -q   -f run pt-write-code < /dev/null 2> tests/vm/pt-write-code.errors > tests/vm/pt-write-code.output
perl -I../.. ../../tests/vm/pt-write-code.ck tests/vm/pt-write-code tests/vm/pt-write-code.result
pass tests/vm/pt-write-code
gcc -m32 -c ../../tests/vm/pt-write-code-2.c -o tests/vm/pt-write-code-2.o -g -msoft-float -O -nostdinc -I../.. -I../../lib -I../../lib/user -I. -Wall -W -Wstrict-prototypes -Wmissing-prototypes -Wsystem-headers  -MMD -MF tests/vm/pt-write-code-2.d
gcc -m32 -nostdlib -static -Wl,-T,../../lib/user/user.lds tests/vm/pt-write-code-2.o tests/lib.o tests/main.o lib/user/entry.o libc.a -o tests/vm/pt-write-code2
pintos -v -k -T 60 --qemu  --fs-disk=2 -p tests/vm/pt-write-code2 -a pt-write-code2 -p ../../tests/vm/sample.txt -a sample.txt --swap-disk=4 -- -q   -f run pt-write-code2 < /dev/null 2> tests/vm/pt-write-code2.errors > tests/vm/pt-write-code2.output
perl -I../.. ../../tests/vm/pt-write-code2.ck tests/vm/pt-write-code2 tests/vm/pt-write-code2.result
pass tests/vm/pt-write-code2
gcc -m32 -c ../../tests/vm/pt-grow-stk-sc.c -o tests/vm/pt-grow-stk-sc.o -g -msoft-float -O -nostdinc -I../.. -I../../lib -I../../lib/user -I. -Wall -W -Wstrict-prototypes -Wmissing-prototypes -Wsystem-headers  -MMD -MF tests/vm/pt-grow-stk-sc.d
gcc -m32 -nostdlib -static -Wl,-T,../../lib/user/user.lds tests/vm/pt-grow-stk-sc.o tests/lib.o tests/main.o lib/user/entry.o libc.a -o tests/vm/pt-grow-stk-sc
pintos -v -k -T 60 --qemu  --fs-disk=2 -p tests/vm/pt-grow-stk-sc -a pt-grow-stk-sc --swap-disk=4 -- -q   -f run pt-grow-stk-sc < /dev/null 2> tests/vm/pt-grow-stk-sc.errors > tests/vm/pt-grow-stk-sc.output
perl -I../.. ../../tests/vm/pt-grow-stk-sc.ck tests/vm/pt-grow-stk-sc tests/vm/pt-grow-stk-sc.result
pass tests/vm/pt-grow-stk-sc
gcc -m32 -c ../../tests/vm/page-linear.c -o tests/vm/page-linear.o -g -msoft-float -O -nostdinc -I../.. -I../../lib -I../../lib/user -I. -Wall -W -Wstrict-prototypes -Wmissing-prototypes -Wsystem-headers  -MMD -MF tests/vm/page-linear.d
gcc -m32 -nostdlib -static -Wl,-T,../../lib/user/user.lds tests/vm/page-linear.o tests/arc4.o tests/lib.o tests/main.o lib/user/entry.o libc.a -o tests/vm/page-linear
pintos -v -k -T 300 --qemu  --fs-disk=2 -p tests/vm/page-linear -a page-linear --swap-disk=4 -- -q   -f run page-linear < /dev/null 2> tests/vm/page-linear.errors > tests/vm/page-linear.output
perl -I../.. ../../tests/vm/page-linear.ck tests/vm/page-linear tests/vm/page-linear.result
pass tests/vm/page-linear
gcc -m32 -c ../../tests/vm/page-parallel.c -o tests/vm/page-parallel.o -g -msoft-float -O -nostdinc -I../.. -I../../lib -I../../lib/user -I. -Wall -W -Wstrict-prototypes -Wmissing-prototypes -Wsystem-headers  -MMD -MF tests/vm/page-parallel.d
gcc -m32 -nostdlib -static -Wl,-T,../../lib/user/user.lds tests/vm/page-parallel.o tests/lib.o tests/main.o lib/user/entry.o libc.a -o tests/vm/page-parallel
gcc -m32 -c ../../tests/vm/child-linear.c -o tests/vm/child-linear.o -g -msoft-float -O -nostdinc -I../.. -I../../lib -I../../lib/user -I. -Wall -W -Wstrict-prototypes -Wmissing-prototypes -Wsystem-headers  -MMD -MF tests/vm/child-linear.d
gcc -m32 -nostdlib -static -Wl,-T,../../lib/user/user.lds tests/vm/child-linear.o tests/arc4.o tests/lib.o lib/user/entry.o libc.a -o tests/vm/child-linear
pintos -v -k -T 60 --qemu  --fs-disk=2 -p tests/vm/page-parallel -a page-parallel -p tests/vm/child-linear -a child-linear --swap-disk=4 -- -q   -f run page-parallel < /dev/null 2> tests/vm/page-parallel.errors > tests/vm/page-parallel.output
perl -I../.. ../../tests/vm/page-parallel.ck tests/vm/page-parallel tests/vm/page-parallel.result
pass tests/vm/page-parallel
gcc -m32 -c ../../tests/vm/page-merge-seq.c -o tests/vm/page-merge-seq.o -g -msoft-float -O -nostdinc -I../.. -I../../lib -I../../lib/user -I. -Wall -W -Wstrict-prototypes -Wmissing-prototypes -Wsystem-headers  -MMD -MF tests/vm/page-merge-seq.d
gcc -m32 -nostdlib -static -Wl,-T,../../lib/user/user.lds tests/vm/page-merge-seq.o tests/arc4.o tests/lib.o tests/main.o lib/user/entry.o libc.a -o tests/vm/page-merge-seq
gcc -m32 -c ../../tests/vm/child-sort.c -o tests/vm/child-sort.o -g -msoft-float -O -nostdinc -I../.. -I../../lib -I../../lib/user -I. -Wall -W -Wstrict-prototypes -Wmissing-prototypes -Wsystem-headers  -MMD -MF tests/vm/child-sort.d
gcc -m32 -nostdlib -static -Wl,-T,../../lib/user/user.lds tests/vm/child-sort.o tests/lib.o lib/user/entry.o libc.a -o tests/vm/child-sort
pintos -v -k -T 600 --qemu  --fs-disk=2 -p tests/vm/page-merge-seq -a page-merge-seq -p tests/vm/child-sort -a child-sort --swap-disk=4 -- -q   -f run page-merge-seq < /dev/null 2> tests/vm/page-merge-seq.errors > tests/vm/page-merge-seq.output
perl -I../.. ../../tests/vm/page-merge-seq.ck tests/vm/page-merge-seq tests/vm/page-merge-seq.result
pass tests/vm/page-merge-seq
gcc -m32 -c ../../tests/vm/page-merge-par.c -o tests/vm/page-merge-par.o -g -msoft-float -O -nostdinc -I../.. -I../../lib -I../../lib/user -I. -Wall -W -Wstrict-prototypes -Wmissing-prototypes -Wsystem-headers  -MMD -MF tests/vm/page-merge-par.d
gcc -m32 -c ../../tests/vm/parallel-merge.c -o tests/vm/parallel-merge.o -g -msoft-float -O -nostdinc -I../.. -I../../lib -I../../lib/user -I. -Wall -W -Wstrict-prototypes -Wmissing-prototypes -Wsystem-headers  -MMD -MF tests/vm/parallel-merge.d
gcc -m32 -nostdlib -static -Wl,-T,../../lib/user/user.lds tests/vm/page-merge-par.o tests/vm/parallel-merge.o tests/arc4.o tests/lib.o tests/main.o lib/user/entry.o libc.a -o tests/vm/page-merge-par
pintos -v -k -T 600 --qemu  --fs-disk=2 -p tests/vm/page-merge-par -a page-merge-par -p tests/vm/child-sort -a child-sort --swap-disk=4 -- -q   -f run page-merge-par < /dev/null 2> tests/vm/page-merge-par.errors > tests/vm/page-merge-par.output
perl -I../.. ../../tests/vm/page-merge-par.ck tests/vm/page-merge-par tests/vm/page-merge-par.result
pass tests/vm/page-merge-par
gcc -m32 -c ../../tests/vm/page-merge-stk.c -o tests/vm/page-merge-stk.o -g -msoft-float -O -nostdinc -I../.. -I../../lib -I../../lib/user -I. -Wall -W -Wstrict-prototypes -Wmissing-prototypes -Wsystem-headers  -MMD -MF tests/vm/page-merge-stk.d
gcc -m32 -nostdlib -static -Wl,-T,../../lib/user/user.lds tests/vm/page-merge-stk.o tests/vm/parallel-merge.o tests/arc4.o tests/lib.o tests/main.o lib/user/entry.o libc.a -o tests/vm/page-merge-stk
gcc -m32 -c ../../tests/vm/child-qsort.c -o tests/vm/child-qsort.o -g -msoft-float -O -nostdinc -I../.. -I../../lib -I../../lib/user -I. -Wall -W -Wstrict-prototypes -Wmissing-prototypes -Wsystem-headers  -MMD -MF tests/vm/child-qsort.d
gcc -m32 -c ../../tests/vm/qsort.c -o tests/vm/qsort.o -g -msoft-float -O -nostdinc -I../.. -I../../lib -I../../lib/user -I. -Wall -W -Wstrict-prototypes -Wmissing-prototypes -Wsystem-headers  -MMD -MF tests/vm/qsort.d
gcc -m32 -nostdlib -static -Wl,-T,../../lib/user/user.lds tests/vm/child-qsort.o tests/vm/qsort.o tests/lib.o lib/user/entry.o libc.a -o tests/vm/child-qsort
pintos -v -k -T 60 --qemu  --fs-disk=2 -p tests/vm/page-merge-stk -a page-merge-stk -p tests/vm/child-qsort -a child-qsort --swap-disk=4 -- -q   -f run page-merge-stk < /dev/null 2> tests/vm/page-merge-stk.errors > tests/vm/page-merge-stk.output
perl -I../.. ../../tests/vm/page-merge-stk.ck tests/vm/page-merge-stk tests/vm/page-merge-stk.result
pass tests/vm/page-merge-stk
gcc -m32 -c ../../tests/vm/page-merge-mm.c -o tests/vm/page-merge-mm.o -g -msoft-float -O -nostdinc -I../.. -I../../lib -I../../lib/user -I. -Wall -W -Wstrict-prototypes -Wmissing-prototypes -Wsystem-headers  -MMD -MF tests/vm/page-merge-mm.d
gcc -m32 -nostdlib -static -Wl,-T,../../lib/user/user.lds tests/vm/page-merge-mm.o tests/vm/parallel-merge.o tests/arc4.o tests/lib.o tests/main.o lib/user/entry.o libc.a -o tests/vm/page-merge-mm
gcc -m32 -c ../../tests/vm/child-qsort-mm.c -o tests/vm/child-qsort-mm.o -g -msoft-float -O -nostdinc -I../.. -I../../lib -I../../lib/user -I. -Wall -W -Wstrict-prototypes -Wmissing-prototypes -Wsystem-headers  -MMD -MF tests/vm/child-qsort-mm.d
gcc -m32 -nostdlib -static -Wl,-T,../../lib/user/user.lds tests/vm/child-qsort-mm.o tests/vm/qsort.o tests/lib.o lib/user/entry.o libc.a -o tests/vm/child-qsort-mm
pintos -v -k -T 60 --qemu  --fs-disk=2 -p tests/vm/page-merge-mm -a page-merge-mm -p tests/vm/child-qsort-mm -a child-qsort-mm --swap-disk=4 -- -q   -f run page-merge-mm < /dev/null 2> tests/vm/page-merge-mm.errors > tests/vm/page-merge-mm.output
perl -I../.. ../../tests/vm/page-merge-mm.ck tests/vm/page-merge-mm tests/vm/page-merge-mm.result
pass tests/vm/page-merge-mm
gcc -m32 -c ../../tests/vm/page-shuffle.c -o tests/vm/page-shuffle.o -g -msoft-float -O -nostdinc -I../.. -I../../lib -I../../lib/user -I. -Wall -W -Wstrict-prototypes -Wmissing-prototypes -Wsystem-headers  -MMD -MF tests/vm/page-shuffle.d
gcc -m32 -nostdlib -static -Wl,-T,../../lib/user/user.lds tests/vm/page-shuffle.o tests/arc4.o tests/cksum.o tests/lib.o tests/main.o lib/user/entry.o libc.a -o tests/vm/page-shuffle
pintos -v -k -T 600 --qemu  --fs-disk=2 -p tests/vm/page-shuffle -a page-shuffle --swap-disk=4 -- -q   -f run page-shuffle < /dev/null 2> tests/vm/page-shuffle.errors > tests/vm/page-shuffle.output
perl -I../.. ../../tests/vm/page-shuffle.ck tests/vm/page-shuffle tests/vm/page-shuffle.result
pass tests/vm/page-shuffle
gcc -m32 -c ../../tests/vm/mmap-read.c -o tests/vm/mmap-read.o -g -msoft-float -O -nostdinc -I../.. -I../../lib -I../../lib/user -I. -Wall -W -Wstrict-prototypes -Wmissing-prototypes -Wsystem-headers  -MMD -MF tests/vm/mmap-read.d
gcc -m32 -nostdlib -static -Wl,-T,../../lib/user/user.lds tests/vm/mmap-read.o tests/lib.o tests/main.o lib/user/entry.o libc.a -o tests/vm/mmap-read
pintos -v -k -T 60 --qemu  --fs-disk=2 -p tests/vm/mmap-read -a mmap-read -p ../../tests/vm/sample.txt -a sample.txt --swap-disk=4 -- -q   -f run mmap-read < /dev/null 2> tests/vm/mmap-read.errors > tests/vm/mmap-read.output
perl -I../.. ../../tests/vm/mmap-read.ck tests/vm/mmap-read tests/vm/mmap-read.result
pass tests/vm/mmap-read
gcc -m32 -c ../../tests/vm/mmap-close.c -o tests/vm/mmap-close.o -g -msoft-float -O -nostdinc -I../.. -I../../lib -I../../lib/user -I. -Wall -W -Wstrict-prototypes -Wmissing-prototypes -Wsystem-headers  -MMD -MF tests/vm/mmap-close.d
gcc -m32 -nostdlib -static -Wl,-T,../../lib/user/user.lds tests/vm/mmap-close.o tests/lib.o tests/main.o lib/user/entry.o libc.a -o tests/vm/mmap-close
pintos -v -k -T 60 --qemu  --fs-disk=2 -p tests/vm/mmap-close -a mmap-close -p ../../tests/vm/sample.txt -a sample.txt --swap-disk=4 -- -q   -f run mmap-close < /dev/null 2> tests/vm/mmap-close.errors > tests/vm/mmap-close.output
perl -I../.. ../../tests/vm/mmap-close.ck tests/vm/mmap-close tests/vm/mmap-close.result
pass tests/vm/mmap-close
gcc -m32 -c ../../tests/vm/mmap-unmap.c -o tests/vm/mmap-unmap.o -g -msoft-float -O -nostdinc -I../.. -I../../lib -I../../lib/user -I. -Wall -W -Wstrict-prototypes -Wmissing-prototypes -Wsystem-headers  -MMD -MF tests/vm/mmap-unmap.d
gcc -m32 -nostdlib -static -Wl,-T,../../lib/user/user.lds tests/vm/mmap-unmap.o tests/lib.o tests/main.o lib/user/entry.o libc.a -o tests/vm/mmap-unmap
pintos -v -k -T 60 --qemu  --fs-disk=2 -p tests/vm/mmap-unmap -a mmap-unmap -p ../../tests/vm/sample.txt -a sample.txt --swap-disk=4 -- -q   -f run mmap-unmap < /dev/null 2> tests/vm/mmap-unmap.errors > tests/vm/mmap-unmap.output
perl -I../.. ../../tests/vm/mmap-unmap.ck tests/vm/mmap-unmap tests/vm/mmap-unmap.result
pass tests/vm/mmap-unmap
gcc -m32 -c ../../tests/vm/mmap-overlap.c -o tests/vm/mmap-overlap.o -g -msoft-float -O -nostdinc -I../.. -I../../lib -I../../lib/user -I. -Wall -W -Wstrict-prototypes -Wmissing-prototypes -Wsystem-headers  -MMD -MF tests/vm/mmap-overlap.d
gcc -m32 -nostdlib -static -Wl,-T,../../lib/user/user.lds tests/vm/mmap-overlap.o tests/lib.o tests/main.o lib/user/entry.o libc.a -o tests/vm/mmap-overlap
dd if=/dev/zero of=tests/vm/zeros bs=1024 count=6
pintos -v -k -T 60 --qemu  --fs-disk=2 -p tests/vm/mmap-overlap -a mmap-overlap -p tests/vm/zeros -a zeros --swap-disk=4 -- -q   -f run mmap-overlap < /dev/null 2> tests/vm/mmap-overlap.errors > tests/vm/mmap-overlap.output
perl -I../.. ../../tests/vm/mmap-overlap.ck tests/vm/mmap-overlap tests/vm/mmap-overlap.result
pass tests/vm/mmap-overlap
gcc -m32 -c ../../tests/vm/mmap-twice.c -o tests/vm/mmap-twice.o -g -msoft-float -O -nostdinc -I../.. -I../../lib -I../../lib/user -I. -Wall -W -Wstrict-prototypes -Wmissing-prototypes -Wsystem-headers  -MMD -MF tests/vm/mmap-twice.d
gcc -m32 -nostdlib -static -Wl,-T,../../lib/user/user.lds tests/vm/mmap-twice.o tests/lib.o tests/main.o lib/user/entry.o libc.a -o tests/vm/mmap-twice
pintos -v -k -T 60 --qemu  --fs-disk=2 -p tests/vm/mmap-twice -a mmap-twice -p ../../tests/vm/sample.txt -a sample.txt --swap-disk=4 -- -q   -f run mmap-twice < /dev/null 2> tests/vm/mmap-twice.errors > tests/vm/mmap-twice.output
perl -I../.. ../../tests/vm/mmap-twice.ck tests/vm/mmap-twice tests/vm/mmap-twice.result
pass tests/vm/mmap-twice
gcc -m32 -c ../../tests/vm/mmap-write.c -o tests/vm/mmap-write.o -g -msoft-float -O -nostdinc -I../.. -I../../lib -I../../lib/user -I. -Wall -W -Wstrict-prototypes -Wmissing-prototypes -Wsystem-headers  -MMD -MF tests/vm/mmap-write.d
gcc -m32 -nostdlib -static -Wl,-T,../../lib/user/user.lds tests/vm/mmap-write.o tests/lib.o tests/main.o lib/user/entry.o libc.a -o tests/vm/mmap-write
pintos -v -k -T 60 --qemu  --fs-disk=2 -p tests/vm/mmap-write -a mmap-write --swap-disk=4 -- -q   -f run mmap-write < /dev/null 2> tests/vm/mmap-write.errors > tests/vm/mmap-write.output
perl -I../.. ../../tests/vm/mmap-write.ck tests/vm/mmap-write tests/vm/mmap-write.result
pass tests/vm/mmap-write
gcc -m32 -c ../../tests/vm/mmap-exit.c -o tests/vm/mmap-exit.o -g -msoft-float -O -nostdinc -I../.. -I../../lib -I../../lib/user -I. -Wall -W -Wstrict-prototypes -Wmissing-prototypes -Wsystem-headers  -MMD -MF tests/vm/mmap-exit.d
gcc -m32 -nostdlib -static -Wl,-T,../../lib/user/user.lds tests/vm/mmap-exit.o tests/lib.o tests/main.o lib/user/entry.o libc.a -o tests/vm/mmap-exit
gcc -m32 -c ../../tests/vm/child-mm-wrt.c -o tests/vm/child-mm-wrt.o -g -msoft-float -O -nostdinc -I../.. -I../../lib -I../../lib/user -I. -Wall -W -Wstrict-prototypes -Wmissing-prototypes -Wsystem-headers  -MMD -MF tests/vm/child-mm-wrt.d
gcc -m32 -nostdlib -static -Wl,-T,../../lib/user/user.lds tests/vm/child-mm-wrt.o tests/lib.o tests/main.o lib/user/entry.o libc.a -o tests/vm/child-mm-wrt
pintos -v -k -T 60 --qemu  --fs-disk=2 -p tests/vm/mmap-exit -a mmap-exit -p tests/vm/child-mm-wrt -a child-mm-wrt --swap-disk=4 -- -q   -f run mmap-exit < /dev/null 2> tests/vm/mmap-exit.errors > tests/vm/mmap-exit.output
perl -I../.. ../../tests/vm/mmap-exit.ck tests/vm/mmap-exit tests/vm/mmap-exit.result
pass tests/vm/mmap-exit
gcc -m32 -c ../../tests/vm/mmap-shuffle.c -o tests/vm/mmap-shuffle.o -g -msoft-float -O -nostdinc -I../.. -I../../lib -I../../lib/user -I. -Wall -W -Wstrict-prototypes -Wmissing-prototypes -Wsystem-headers  -MMD -MF tests/vm/mmap-shuffle.d
gcc -m32 -nostdlib -static -Wl,-T,../../lib/user/user.lds tests/vm/mmap-shuffle.o tests/arc4.o tests/cksum.o tests/lib.o tests/main.o lib/user/entry.o libc.a -o tests/vm/mmap-shuffle
pintos -v -k -T 600 --qemu  --fs-disk=2 -p tests/vm/mmap-shuffle -a mmap-shuffle --swap-disk=4 -- -q   -f run mmap-shuffle < /dev/null 2> tests/vm/mmap-shuffle.errors > tests/vm/mmap-shuffle.output
perl -I../.. ../../tests/vm/mmap-shuffle.ck tests/vm/mmap-shuffle tests/vm/mmap-shuffle.result
pass tests/vm/mmap-shuffle
gcc -m32 -c ../../tests/vm/mmap-bad-fd.c -o tests/vm/mmap-bad-fd.o -g -msoft-float -O -nostdinc -I../.. -I../../lib -I../../lib/user -I. -Wall -W -Wstrict-prototypes -Wmissing-prototypes -Wsystem-headers  -MMD -MF tests/vm/mmap-bad-fd.d
gcc -m32 -nostdlib -static -Wl,-T,../../lib/user/user.lds tests/vm/mmap-bad-fd.o tests/lib.o tests/main.o lib/user/entry.o libc.a -o tests/vm/mmap-bad-fd
pintos -v -k -T 60 --qemu  --fs-disk=2 -p tests/vm/mmap-bad-fd -a mmap-bad-fd --swap-disk=4 -- -q   -f run mmap-bad-fd < /dev/null 2> tests/vm/mmap-bad-fd.errors > tests/vm/mmap-bad-fd.output
perl -I../.. ../../tests/vm/mmap-bad-fd.ck tests/vm/mmap-bad-fd tests/vm/mmap-bad-fd.result
pass tests/vm/mmap-bad-fd
gcc -m32 -c ../../tests/vm/mmap-clean.c -o tests/vm/mmap-clean.o -g -msoft-float -O -nostdinc -I../.. -I../../lib -I../../lib/user -I. -Wall -W -Wstrict-prototypes -Wmissing-prototypes -Wsystem-headers  -MMD -MF tests/vm/mmap-clean.d
gcc -m32 -nostdlib -static -Wl,-T,../../lib/user/user.lds tests/vm/mmap-clean.o tests/lib.o tests/main.o lib/user/entry.o libc.a -o tests/vm/mmap-clean
pintos -v -k -T 60 --qemu  --fs-disk=2 -p tests/vm/mmap-clean -a mmap-clean -p ../../tests/vm/sample.txt -a sample.txt --swap-disk=4 -- -q   -f run mmap-clean < /dev/null 2> tests/vm/mmap-clean.errors > tests/vm/mmap-clean.output
perl -I../.. ../../tests/vm/mmap-clean.ck tests/vm/mmap-clean tests/vm/mmap-clean.result
pass tests/vm/mmap-clean
gcc -m32 -c ../../tests/vm/mmap-inherit.c -o tests/vm/mmap-inherit.o -g -msoft-float -O -nostdinc -I../.. -I../../lib -I../../lib/user -I. -Wall -W -Wstrict-prototypes -Wmissing-prototypes -Wsystem-headers  -MMD -MF tests/vm/mmap-inherit.d
gcc -m32 -nostdlib -static -Wl,-T,../../lib/user/user.lds tests/vm/mmap-inherit.o tests/lib.o tests/main.o lib/user/entry.o libc.a -o tests/vm/mmap-inherit
gcc -m32 -c ../../tests/vm/child-inherit.c -o tests/vm/child-inherit.o -g -msoft-float -O -nostdinc -I../.. -I../../lib -I../../lib/user -I. -Wall -W -Wstrict-prototypes -Wmissing-prototypes -Wsystem-headers  -MMD -MF tests/vm/child-inherit.d
gcc -m32 -nostdlib -static -Wl,-T,../../lib/user/user.lds tests/vm/child-inherit.o tests/lib.o tests/main.o lib/user/entry.o libc.a -o tests/vm/child-inherit
pintos -v -k -T 60 --qemu  --fs-disk=2 -p tests/vm/mmap-inherit -a mmap-inherit -p ../../tests/vm/sample.txt -a sample.txt -p tests/vm/child-inherit -a child-inherit --swap-disk=4 -- -q   -f run mmap-inherit < /dev/null 2> tests/vm/mmap-inherit.errors > tests/vm/mmap-inherit.output
perl -I../.. ../../tests/vm/mmap-inherit.ck tests/vm/mmap-inherit tests/vm/mmap-inherit.result
pass tests/vm/mmap-inherit
gcc -m32 -c ../../tests/vm/mmap-misalign.c -o tests/vm/mmap-misalign.o -g -msoft-float -O -nostdinc -I../.. -I../../lib -I../../lib/user -I. -Wall -W -Wstrict-prototypes -Wmissing-prototypes -Wsystem-headers  -MMD -MF tests/vm/mmap-misalign.d
gcc -m32 -nostdlib -static -Wl,-T,../../lib/user/user.lds tests/vm/mmap-misalign.o tests/lib.o tests/main.o lib/user/entry.o libc.a -o tests/vm/mmap-misalign
pintos -v -k -T 60 --qemu  --fs-disk=2 -p tests/vm/mmap-misalign -a mmap-misalign -p ../../tests/vm/sample.txt -a sample.txt --swap-disk=4 -- -q   -f run mmap-misalign < /dev/null 2> tests/vm/mmap-misalign.errors > tests/vm/mmap-misalign.output
perl -I../.. ../../tests/vm/mmap-misalign.ck tests/vm/mmap-misalign tests/vm/mmap-misalign.result
pass tests/vm/mmap-misalign
gcc -m32 -c ../../tests/vm/mmap-null.c -o tests/vm/mmap-null.o -g -msoft-float -O -nostdinc -I../.. -I../../lib -I../../lib/user -I. -Wall -W -Wstrict-prototypes -Wmissing-prototypes -Wsystem-headers  -MMD -MF tests/vm/mmap-null.d
gcc -m32 -nostdlib -static -Wl,-T,../../lib/user/user.lds tests/vm/mmap-null.o tests/lib.o tests/main.o lib/user/entry.o libc.a -o tests/vm/mmap-null
pintos -v -k -T 60 --qemu  --fs-disk=2 -p tests/vm/mmap-null -a mmap-null -p ../../tests/vm/sample.txt -a sample.txt --swap-disk=4 -- -q   -f run mmap-null < /dev/null 2> tests/vm/mmap-null.errors > tests/vm/mmap-null.output
perl -I../.. ../../tests/vm/mmap-null.ck tests/vm/mmap-null tests/vm/mmap-null.result
pass tests/vm/mmap-null
gcc -m32 -c ../../tests/vm/mmap-over-code.c -o tests/vm/mmap-over-code.o -g -msoft-float -O -nostdinc -I../.. -I../../lib -I../../lib/user -I. -Wall -W -Wstrict-prototypes -Wmissing-prototypes -Wsystem-headers  -MMD -MF tests/vm/mmap-over-code.d
gcc -m32 -nostdlib -static -Wl,-T,../../lib/user/user.lds tests/vm/mmap-over-code.o tests/lib.o tests/main.o lib/user/entry.o libc.a -o tests/vm/mmap-over-code
pintos -v -k -T 60 --qemu  --fs-disk=2 -p tests/vm/mmap-over-code -a mmap-over-code -p ../../tests/vm/sample.txt -a sample.txt --swap-disk=4 -- -q   -f run mmap-over-code < /dev/null 2> tests/vm/mmap-over-code.errors > tests/vm/mmap-over-code.output
perl -I../.. ../../tests/vm/mmap-over-code.ck tests/vm/mmap-over-code tests/vm/mmap-over-code.result
pass tests/vm/mmap-over-code
gcc -m32 -c ../../tests/vm/mmap-over-data.c -o tests/vm/mmap-over-data.o -g -msoft-float -O -nostdinc -I../.. -I../../lib -I../../lib/user -I. -Wall -W -Wstrict-prototypes -Wmissing-prototypes -Wsystem-headers  -MMD -MF tests/vm/mmap-over-data.d
gcc -m32 -nostdlib -static -Wl,-T,../../lib/user/user.lds tests/vm/mmap-over-data.o tests/lib.o tests/main.o lib/user/entry.o libc.a -o tests/vm/mmap-over-data
pintos -v -k -T 60 --qemu  --fs-disk=2 -p tests/vm/mmap-over-data -a mmap-over-data -p ../../tests/vm/sample.txt -a sample.txt --swap-disk=4 -- -q   -f run mmap-over-data < /dev/null 2> tests/vm/mmap-over-data.errors > tests/vm/mmap-over-data.output
perl -I../.. ../../tests/vm/mmap-over-data.ck tests/vm/mmap-over-data tests/vm/mmap-over-data.result
pass tests/vm/mmap-over-data
gcc -m32 -c ../../tests/vm/mmap-over-stk.c -o tests/vm/mmap-over-stk.o -g -msoft-float -O -nostdinc -I../.. -I../../lib -I../../lib/user -I. -Wall -W -Wstrict-prototypes -Wmissing-prototypes -Wsystem-headers  -MMD -MF tests/vm/mmap-over-stk.d
gcc -m32 -nostdlib -static -Wl,-T,../../lib/user/user.lds tests/vm/mmap-over-stk.o tests/lib.o tests/main.o lib/user/entry.o libc.a -o tests/vm/mmap-over-stk
pintos -v -k -T 60 --qemu  --fs-disk=2 -p tests/vm/mmap-over-stk -a mmap-over-stk -p ../../tests/vm/sample.txt -a sample.txt --swap-disk=4 -- -q   -f run mmap-over-stk < /dev/null 2> tests/vm/mmap-over-stk.errors > tests/vm/mmap-over-stk.output
perl -I../.. ../../tests/vm/mmap-over-stk.ck tests/vm/mmap-over-stk tests/vm/mmap-over-stk.result
pass tests/vm/mmap-over-stk
gcc -m32 -c ../../tests/vm/mmap-remove.c -o tests/vm/mmap-remove.o -g -msoft-float -O -nostdinc -I../.. -I../../lib -I../../lib/user -I. -Wall -W -Wstrict-prototypes -Wmissing-prototypes -Wsystem-headers  -MMD -MF tests/vm/mmap-remove.d
gcc -m32 -nostdlib -static -Wl,-T,../../lib/user/user.lds tests/vm/mmap-remove.o tests/lib.o tests/main.o lib/user/entry.o libc.a -o tests/vm/mmap-remove
pintos -v -k -T 60 --qemu  --fs-disk=2 -p tests/vm/mmap-remove -a mmap-remove -p ../../tests/vm/sample.txt -a sample.txt --swap-disk=4 -- -q   -f run mmap-remove < /dev/null 2> tests/vm/mmap-remove.errors > tests/vm/mmap-remove.output
perl -I../.. ../../tests/vm/mmap-remove.ck tests/vm/mmap-remove tests/vm/mmap-remove.result
pass tests/vm/mmap-remove
gcc -m32 -c ../../tests/vm/mmap-zero.c -o tests/vm/mmap-zero.o -g -msoft-float -O -nostdinc -I../.. -I../../lib -I../../lib/user -I. -Wall -W -Wstrict-prototypes -Wmissing-prototypes -Wsystem-headers  -MMD -MF tests/vm/mmap-zero.d
gcc -m32 -nostdlib -static -Wl,-T,../../lib/user/user.lds tests/vm/mmap-zero.o tests/lib.o tests/main.o lib/user/entry.o libc.a -o tests/vm/mmap-zero
pintos -v -k -T 60 --qemu  --fs-disk=2 -p tests/vm/mmap-zero -a mmap-zero --swap-disk=4 -- -q   -f run mmap-zero < /dev/null 2> tests/vm/mmap-zero.errors > tests/vm/mmap-zero.output
perl -I../.. ../../tests/vm/mmap-zero.ck tests/vm/mmap-zero tests/vm/mmap-zero.result
pass tests/vm/mmap-zero
perl -I../.. ../../tests/filesys/extended/dir-empty-name-persistence.ck tests/filesys/extended/dir-empty-name-persistence tests/filesys/extended/dir-empty-name-persistence.result
FAIL tests/filesys/extended/dir-empty-name-persistence
Prerequisite test tests/filesys/extended/dir-empty-name failed.
perl -I../.. ../../tests/filesys/extended/dir-mk-tree-persistence.ck tests/filesys/extended/dir-mk-tree-persistence tests/filesys/extended/dir-mk-tree-persistence.result
FAIL tests/filesys/extended/dir-mk-tree-persistence
Prerequisite test tests/filesys/extended/dir-mk-tree failed.
perl -I../.. ../../tests/filesys/extended/dir-mkdir-persistence.ck tests/filesys/extended/dir-mkdir-persistence tests/filesys/extended/dir-mkdir-persistence.result
FAIL tests/filesys/extended/dir-mkdir-persistence
Prerequisite test tests/filesys/extended/dir-mkdir failed.
perl -I../.. ../../tests/filesys/extended/dir-open-persistence.ck tests/filesys/extended/dir-open-persistence tests/filesys/extended/dir-open-persistence.result
FAIL tests/filesys/extended/dir-open-persistence
Prerequisite test tests/filesys/extended/dir-open failed.
perl -I../.. ../../tests/filesys/extended/dir-over-file-persistence.ck tests/filesys/extended/dir-over-file-persistence tests/filesys/extended/dir-over-file-persistence.result
FAIL tests/filesys/extended/dir-over-file-persistence
Prerequisite test tests/filesys/extended/dir-over-file failed.
perl -I../.. ../../tests/filesys/extended/dir-rm-cwd-persistence.ck tests/filesys/extended/dir-rm-cwd-persistence tests/filesys/extended/dir-rm-cwd-persistence.result
FAIL tests/filesys/extended/dir-rm-cwd-persistence
Prerequisite test tests/filesys/extended/dir-rm-cwd failed.
perl -I../.. ../../tests/filesys/extended/dir-rm-parent-persistence.ck tests/filesys/extended/dir-rm-parent-persistence tests/filesys/extended/dir-rm-parent-persistence.result
FAIL tests/filesys/extended/dir-rm-parent-persistence
Prerequisite test tests/filesys/extended/dir-rm-parent failed.
perl -I../.. ../../tests/filesys/extended/dir-rm-root-persistence.ck tests/filesys/extended/dir-rm-root-persistence tests/filesys/extended/dir-rm-root-persistence.result
FAIL tests/filesys/extended/dir-rm-root-persistence
Error extracting file system:
/: open failed
error writing archive
perl -I../.. ../../tests/filesys/extended/dir-rm-tree-persistence.ck tests/filesys/extended/dir-rm-tree-persistence tests/filesys/extended/dir-rm-tree-persistence.result
FAIL tests/filesys/extended/dir-rm-tree-persistence
Prerequisite test tests/filesys/extended/dir-rm-tree failed.
perl -I../.. ../../tests/filesys/extended/dir-rmdir-persistence.ck tests/filesys/extended/dir-rmdir-persistence tests/filesys/extended/dir-rmdir-persistence.result
FAIL tests/filesys/extended/dir-rmdir-persistence
Prerequisite test tests/filesys/extended/dir-rmdir failed.
perl -I../.. ../../tests/filesys/extended/dir-under-file-persistence.ck tests/filesys/extended/dir-under-file-persistence tests/filesys/extended/dir-under-file-persistence.result
FAIL tests/filesys/extended/dir-under-file-persistence
Prerequisite test tests/filesys/extended/dir-under-file failed.
perl -I../.. ../../tests/filesys/extended/dir-vine-persistence.ck tests/filesys/extended/dir-vine-persistence tests/filesys/extended/dir-vine-persistence.result
FAIL tests/filesys/extended/dir-vine-persistence
Prerequisite test tests/filesys/extended/dir-vine failed.
perl -I../.. ../../tests/filesys/extended/grow-create-persistence.ck tests/filesys/extended/grow-create-persistence tests/filesys/extended/grow-create-persistence.result
FAIL tests/filesys/extended/grow-create-persistence
Error extracting file system:
/: open failed
error writing archive
perl -I../.. ../../tests/filesys/extended/grow-dir-lg-persistence.ck tests/filesys/extended/grow-dir-lg-persistence tests/filesys/extended/grow-dir-lg-persistence.result
FAIL tests/filesys/extended/grow-dir-lg-persistence
Prerequisite test tests/filesys/extended/grow-dir-lg failed.
perl -I../.. ../../tests/filesys/extended/grow-file-size-persistence.ck tests/filesys/extended/grow-file-size-persistence tests/filesys/extended/grow-file-size-persistence.result
FAIL tests/filesys/extended/grow-file-size-persistence
Prerequisite test tests/filesys/extended/grow-file-size failed.
perl -I../.. ../../tests/filesys/extended/grow-root-lg-persistence.ck tests/filesys/extended/grow-root-lg-persistence tests/filesys/extended/grow-root-lg-persistence.result
FAIL tests/filesys/extended/grow-root-lg-persistence
Prerequisite test tests/filesys/extended/grow-root-lg failed.
perl -I../.. ../../tests/filesys/extended/grow-root-sm-persistence.ck tests/filesys/extended/grow-root-sm-persistence tests/filesys/extended/grow-root-sm-persistence.result
FAIL tests/filesys/extended/grow-root-sm-persistence
Prerequisite test tests/filesys/extended/grow-root-sm failed.
perl -I../.. ../../tests/filesys/extended/grow-seq-lg-persistence.ck tests/filesys/extended/grow-seq-lg-persistence tests/filesys/extended/grow-seq-lg-persistence.result
FAIL tests/filesys/extended/grow-seq-lg-persistence
Prerequisite test tests/filesys/extended/grow-seq-lg failed.
perl -I../.. ../../tests/filesys/extended/grow-seq-sm-persistence.ck tests/filesys/extended/grow-seq-sm-persistence tests/filesys/extended/grow-seq-sm-persistence.result
FAIL tests/filesys/extended/grow-seq-sm-persistence
Prerequisite test tests/filesys/extended/grow-seq-sm failed.
perl -I../.. ../../tests/filesys/extended/grow-sparse-persistence.ck tests/filesys/extended/grow-sparse-persistence tests/filesys/extended/grow-sparse-persistence.result
FAIL tests/filesys/extended/grow-sparse-persistence
Prerequisite test tests/filesys/extended/grow-sparse failed.
perl -I../.. ../../tests/filesys/extended/grow-tell-persistence.ck tests/filesys/extended/grow-tell-persistence tests/filesys/extended/grow-tell-persistence.result
FAIL tests/filesys/extended/grow-tell-persistence
Prerequisite test tests/filesys/extended/grow-tell failed.
perl -I../.. ../../tests/filesys/extended/grow-two-files-persistence.ck tests/filesys/extended/grow-two-files-persistence tests/filesys/extended/grow-two-files-persistence.result
FAIL tests/filesys/extended/grow-two-files-persistence
Prerequisite test tests/filesys/extended/grow-two-files failed.
perl -I../.. ../../tests/filesys/extended/syn-rw-persistence.ck tests/filesys/extended/syn-rw-persistence tests/filesys/extended/syn-rw-persistence.result
FAIL tests/filesys/extended/syn-rw-persistence
Prerequisite test tests/filesys/extended/syn-rw failed.
../../tests/make-grade ../.. results ../../tests/filesys/Grading.with-vm | tee grade
TOTAL TESTING SCORE: 47.0%

- - - - - - - - - - - - - - - - - - - - - - - - - - - - - - - - - - - - - - 

SUMMARY BY TEST SET

Test Set                                      Pts Max  % Ttl  % Max
--------------------------------------------- --- --- ------ ------
tests/filesys/extended/Rubric.functionality     1/ 34   0.9%/ 30.0%
tests/filesys/extended/Rubric.robustness        1/ 10   1.5%/ 15.0%
tests/filesys/extended/Rubric.persistence       0/ 23   0.0%/ 20.0%
tests/filesys/base/Rubric                      30/ 30  20.0%/ 20.0%
tests/userprog/Rubric.functionality           108/108  10.0%/ 10.0%
tests/userprog/Rubric.robustness               85/ 88   4.8%/  5.0%
tests/vm/Rubric.functionality                  55/ 55   8.0%/  8.0%
tests/vm/Rubric.robustness                     25/ 28   1.8%/  2.0%
--------------------------------------------- --- --- ------ ------
Total                                                  47.0%/110.0%

- - - - - - - - - - - - - - - - - - - - - - - - - - - - - - - - - - - - - - 

SUMMARY OF INDIVIDUAL TESTS

Functionality of extended file system (tests/filesys/extended/Rubric.functionality):
	- Test directory support.
	  ** 0/ 1 tests/filesys/extended/dir-mkdir
	  ** 0/ 3 tests/filesys/extended/dir-mk-tree

	  ** 0/ 1 tests/filesys/extended/dir-rmdir
	  ** 0/ 3 tests/filesys/extended/dir-rm-tree

	  ** 0/ 5 tests/filesys/extended/dir-vine

	- Test file growth.
	     1/ 1 tests/filesys/extended/grow-create
	  ** 0/ 1 tests/filesys/extended/grow-seq-sm
	  ** 0/ 3 tests/filesys/extended/grow-seq-lg
	  ** 0/ 3 tests/filesys/extended/grow-sparse
	  ** 0/ 3 tests/filesys/extended/grow-two-files
	  ** 0/ 1 tests/filesys/extended/grow-tell
	  ** 0/ 1 tests/filesys/extended/grow-file-size

	- Test directory growth.
	  ** 0/ 1 tests/filesys/extended/grow-dir-lg
	  ** 0/ 1 tests/filesys/extended/grow-root-sm
	  ** 0/ 1 tests/filesys/extended/grow-root-lg

	- Test writing from multiple processes.
	  ** 0/ 5 tests/filesys/extended/syn-rw

	- Section summary.
	      1/ 16 tests passed
	      1/ 34 points subtotal

Robustness of file system (tests/filesys/extended/Rubric.robustness):
	  ** 0/ 1 tests/filesys/extended/dir-empty-name
	  ** 0/ 1 tests/filesys/extended/dir-open
	  ** 0/ 1 tests/filesys/extended/dir-over-file
	  ** 0/ 1 tests/filesys/extended/dir-under-file

	  ** 0/ 3 tests/filesys/extended/dir-rm-cwd
	  ** 0/ 2 tests/filesys/extended/dir-rm-parent
	     1/ 1 tests/filesys/extended/dir-rm-root

	- Section summary.
	      1/  7 tests passed
	      1/ 10 points subtotal

Persistence of file system (tests/filesys/extended/Rubric.persistence):
	  ** 0/ 1 tests/filesys/extended/dir-empty-name-persistence
	  ** 0/ 1 tests/filesys/extended/dir-mk-tree-persistence
	  ** 0/ 1 tests/filesys/extended/dir-mkdir-persistence
	  ** 0/ 1 tests/filesys/extended/dir-open-persistence
	  ** 0/ 1 tests/filesys/extended/dir-over-file-persistence
	  ** 0/ 1 tests/filesys/extended/dir-rm-cwd-persistence
	  ** 0/ 1 tests/filesys/extended/dir-rm-parent-persistence
	  ** 0/ 1 tests/filesys/extended/dir-rm-root-persistence
	  ** 0/ 1 tests/filesys/extended/dir-rm-tree-persistence
	  ** 0/ 1 tests/filesys/extended/dir-rmdir-persistence
	  ** 0/ 1 tests/filesys/extended/dir-under-file-persistence
	  ** 0/ 1 tests/filesys/extended/dir-vine-persistence
	  ** 0/ 1 tests/filesys/extended/grow-create-persistence
	  ** 0/ 1 tests/filesys/extended/grow-dir-lg-persistence
	  ** 0/ 1 tests/filesys/extended/grow-file-size-persistence
	  ** 0/ 1 tests/filesys/extended/grow-root-lg-persistence
	  ** 0/ 1 tests/filesys/extended/grow-root-sm-persistence
	  ** 0/ 1 tests/filesys/extended/grow-seq-lg-persistence
	  ** 0/ 1 tests/filesys/extended/grow-seq-sm-persistence
	  ** 0/ 1 tests/filesys/extended/grow-sparse-persistence
	  ** 0/ 1 tests/filesys/extended/grow-tell-persistence
	  ** 0/ 1 tests/filesys/extended/grow-two-files-persistence
	  ** 0/ 1 tests/filesys/extended/syn-rw-persistence

	- Section summary.
	      0/ 23 tests passed
	      0/ 23 points subtotal

Functionality of base file system (tests/filesys/base/Rubric):
	- Test basic support for small files.
	     1/ 1 tests/filesys/base/sm-create
	     2/ 2 tests/filesys/base/sm-full
	     2/ 2 tests/filesys/base/sm-random
	     2/ 2 tests/filesys/base/sm-seq-block
	     3/ 3 tests/filesys/base/sm-seq-random

	- Test basic support for large files.
	     1/ 1 tests/filesys/base/lg-create
	     2/ 2 tests/filesys/base/lg-full
	     2/ 2 tests/filesys/base/lg-random
	     2/ 2 tests/filesys/base/lg-seq-block
	     3/ 3 tests/filesys/base/lg-seq-random

	- Test synchronized multiprogram access to files.
	     4/ 4 tests/filesys/base/syn-read
	     4/ 4 tests/filesys/base/syn-write
	     2/ 2 tests/filesys/base/syn-remove

	- Section summary.
	     13/ 13 tests passed
	     30/ 30 points subtotal

Functionality of system calls (tests/userprog/Rubric.functionality):
	- Test argument passing on Pintos command line.
	     3/ 3 tests/userprog/args-none
	     3/ 3 tests/userprog/args-single
	     3/ 3 tests/userprog/args-multiple
	     3/ 3 tests/userprog/args-many
	     3/ 3 tests/userprog/args-dbl-space

	- Test "create" system call.
	     3/ 3 tests/userprog/create-empty
	     3/ 3 tests/userprog/create-long
	     3/ 3 tests/userprog/create-normal
	     3/ 3 tests/userprog/create-exists

	- Test "open" system call.
	     3/ 3 tests/userprog/open-missing
	     3/ 3 tests/userprog/open-normal
	     3/ 3 tests/userprog/open-twice

	- Test "read" system call.
	     3/ 3 tests/userprog/read-normal
	     3/ 3 tests/userprog/read-zero

	- Test "write" system call.
	     3/ 3 tests/userprog/write-normal
	     3/ 3 tests/userprog/write-zero

	- Test "close" system call.
	     3/ 3 tests/userprog/close-normal

	- Test "exec" system call.
	     5/ 5 tests/userprog/exec-once
	     5/ 5 tests/userprog/exec-multiple
	     5/ 5 tests/userprog/exec-arg

	- Test "wait" system call.
	     5/ 5 tests/userprog/wait-simple
	     5/ 5 tests/userprog/wait-twice

	- Test "exit" system call.
	     5/ 5 tests/userprog/exit

	- Test "halt" system call.
	     3/ 3 tests/userprog/halt

	- Test recursive execution of user programs.
	    15/15 tests/userprog/multi-recurse

	- Test read-only executable feature.
	     3/ 3 tests/userprog/rox-simple
	     3/ 3 tests/userprog/rox-child
	     3/ 3 tests/userprog/rox-multichild

	- Section summary.
	     28/ 28 tests passed
	    108/108 points subtotal

Robustness of system calls (tests/userprog/Rubric.robustness):
	- Test robustness of file descriptor handling.
	     2/ 2 tests/userprog/close-stdin
	     2/ 2 tests/userprog/close-stdout
	     2/ 2 tests/userprog/close-bad-fd
	     2/ 2 tests/userprog/close-twice
	     2/ 2 tests/userprog/read-bad-fd
	     2/ 2 tests/userprog/read-stdout
	     2/ 2 tests/userprog/write-bad-fd
	     2/ 2 tests/userprog/write-stdin
	     2/ 2 tests/userprog/multi-child-fd

	- Test robustness of pointer handling.
	     3/ 3 tests/userprog/create-bad-ptr
	     3/ 3 tests/userprog/exec-bad-ptr
	     3/ 3 tests/userprog/open-bad-ptr
	     3/ 3 tests/userprog/read-bad-ptr
	  ** 0/ 3 tests/userprog/write-bad-ptr

	- Test robustness of buffer copying across page boundaries.
	     3/ 3 tests/userprog/create-bound
	     3/ 3 tests/userprog/open-boundary
	     3/ 3 tests/userprog/read-boundary
	     3/ 3 tests/userprog/write-boundary

	- Test handling of null pointer and empty strings.
	     2/ 2 tests/userprog/create-null
	     2/ 2 tests/userprog/open-null
	     2/ 2 tests/userprog/open-empty

	- Test robustness of system call implementation.
	     3/ 3 tests/userprog/sc-bad-arg
	     3/ 3 tests/userprog/sc-bad-sp
	     5/ 5 tests/userprog/sc-boundary
	     5/ 5 tests/userprog/sc-boundary-2

	- Test robustness of "exec" and "wait" system calls.
	     5/ 5 tests/userprog/exec-missing
	     5/ 5 tests/userprog/wait-bad-pid
	     5/ 5 tests/userprog/wait-killed

	- Test robustness of exception handling.
	     1/ 1 tests/userprog/bad-read
	     1/ 1 tests/userprog/bad-write
	     1/ 1 tests/userprog/bad-jump
	     1/ 1 tests/userprog/bad-read2
	     1/ 1 tests/userprog/bad-write2
	     1/ 1 tests/userprog/bad-jump2

	- Section summary.
	     33/ 34 tests passed
	     85/ 88 points subtotal

Functionality of virtual memory subsystem (tests/vm/Rubric.functionality):
	- Test stack growth.
	     3/ 3 tests/vm/pt-grow-stack
	     3/ 3 tests/vm/pt-grow-stk-sc
	     3/ 3 tests/vm/pt-big-stk-obj
	     3/ 3 tests/vm/pt-grow-pusha

	- Test paging behavior.
	     3/ 3 tests/vm/page-linear
	     3/ 3 tests/vm/page-parallel
	     3/ 3 tests/vm/page-shuffle
	     4/ 4 tests/vm/page-merge-seq
	     4/ 4 tests/vm/page-merge-par
	     4/ 4 tests/vm/page-merge-mm
	     4/ 4 tests/vm/page-merge-stk

	- Test "mmap" system call.
	     2/ 2 tests/vm/mmap-read
	     2/ 2 tests/vm/mmap-write
	     2/ 2 tests/vm/mmap-shuffle

	     2/ 2 tests/vm/mmap-twice

	     2/ 2 tests/vm/mmap-unmap
	     1/ 1 tests/vm/mmap-exit

	     3/ 3 tests/vm/mmap-clean

	     2/ 2 tests/vm/mmap-close
	     2/ 2 tests/vm/mmap-remove

	- Section summary.
	     20/ 20 tests passed
	     55/ 55 points subtotal

Robustness of virtual memory subsystem (tests/vm/Rubric.robustness):
	- Test robustness of page table support.
	     2/ 2 tests/vm/pt-bad-addr
	  ** 0/ 3 tests/vm/pt-bad-read
	     2/ 2 tests/vm/pt-write-code
	     3/ 3 tests/vm/pt-write-code2
	     4/ 4 tests/vm/pt-grow-bad

	- Test robustness of "mmap" system call.
	     1/ 1 tests/vm/mmap-bad-fd
	     1/ 1 tests/vm/mmap-inherit
	     1/ 1 tests/vm/mmap-null
	     1/ 1 tests/vm/mmap-zero

	     2/ 2 tests/vm/mmap-misalign

	     2/ 2 tests/vm/mmap-over-code
	     2/ 2 tests/vm/mmap-over-data
	     2/ 2 tests/vm/mmap-over-stk
	     2/ 2 tests/vm/mmap-overlap


	- Section summary.
	     13/ 14 tests passed
	     25/ 28 points subtotal


- - - - - - - - - - - - - - - - - - - - - - - - - - - - - - - - - - - - - - 

DETAILS OF tests/filesys/extended/dir-mkdir FAILURE:

run: TIMEOUT after 61 seconds of wall-clock time - load average: 0.69, 0.38, 0.15

OUTPUT FROM tests/filesys/extended/dir-mkdir:

Copying tests/filesys/extended/dir-mkdir into /tmp/AnvrA5gC7W.dsk...
Copying tests/filesys/extended/tar into /tmp/AnvrA5gC7W.dsk...
Writing command line to /tmp/jTvpONNoR8.dsk...
qemu -hda /tmp/jTvpONNoR8.dsk -hdb tmp.dsk -hdc /tmp/AnvrA5gC7W.dsk -hdd /tmp/6BPKpj2FL0.dsk -m 4 -net none -nographic -monitor null
Kernel command line: -q -f put dir-mkdir put tar run dir-mkdir
Pintos booting with 4,096 kB RAM...
free start is c011d000
369 pages available in kernel pool.
368 pages available in user pool.
Calibrating timer...  78,540,800 loops/s.
hd0:0: detected 153 sector (76 kB) disk, model "QEMU HARDDISK", serial "QM00001"
hd0:1: detected 4,032 sector (1 MB) disk, model "QEMU HARDDISK", serial "QM00002"
hd1:0: detected 159 sector (79 kB) disk, model "QEMU HARDDISK", serial "QM00003"
hd1:1: detected 8,064 sector (3 MB) disk, model "QEMU HARDDISK", serial "QM00004"
Formatting file system...after inode create in free_map_create
done.
Boot complete.
Putting 'dir-mkdir' into the file system...
Putting 'tar' into the file system...
Executing 'dir-mkdir':
(dir-mkdir) begin
(dir-mkdir) mkdir "a"
system call!

TIMEOUT after 61 seconds of wall-clock time - load average: 0.69, 0.38, 0.15

- - - - - - - - - - - - - - - - - - - - - - - - - - - - - - - - - - - - - - 

DETAILS OF tests/filesys/extended/dir-mk-tree FAILURE:

run: TIMEOUT after 61 seconds of wall-clock time - load average: 0.58, 0.30, 0.11

OUTPUT FROM tests/filesys/extended/dir-mk-tree:

Copying tests/filesys/extended/dir-mk-tree into /tmp/rfjFjyNAOD.dsk...
Copying tests/filesys/extended/tar into /tmp/rfjFjyNAOD.dsk...
Writing command line to /tmp/7JkbCB3L2o.dsk...
qemu -hda /tmp/7JkbCB3L2o.dsk -hdb tmp.dsk -hdc /tmp/rfjFjyNAOD.dsk -hdd /tmp/ThExr7zIB4.dsk -m 4 -net none -nographic -monitor null
Kernel command line: -q -f put dir-mk-tree put tar run dir-mk-tree
Pintos booting with 4,096 kB RAM...
free start is c011d000
369 pages available in kernel pool.
368 pages available in user pool.
Calibrating timer...  78,540,800 loops/s.
hd0:0: detected 153 sector (76 kB) disk, model "QEMU HARDDISK", serial "QM00001"
hd0:1: detected 4,032 sector (1 MB) disk, model "QEMU HARDDISK", serial "QM00002"
hd1:0: detected 162 sector (81 kB) disk, model "QEMU HARDDISK", serial "QM00003"
hd1:1: detected 8,064 sector (3 MB) disk, model "QEMU HARDDISK", serial "QM00004"
Formatting file system...after inode create in free_map_create
done.
Boot complete.
Putting 'dir-mk-tree' into the file system...
Putting 'tar' into the file system...
Executing 'dir-mk-tree':
(dir-mk-tree) begin
(dir-mk-tree) creating /0/0/0/0 through /3/2/2/3...
system call!

TIMEOUT after 61 seconds of wall-clock time - load average: 0.58, 0.30, 0.11

- - - - - - - - - - - - - - - - - - - - - - - - - - - - - - - - - - - - - - 

DETAILS OF tests/filesys/extended/dir-rmdir FAILURE:

run: TIMEOUT after 61 seconds of wall-clock time - load average: 0.51, 0.43, 0.23

OUTPUT FROM tests/filesys/extended/dir-rmdir:

Copying tests/filesys/extended/dir-rmdir into /tmp/DnZcP3ejjn.dsk...
Copying tests/filesys/extended/tar into /tmp/DnZcP3ejjn.dsk...
Writing command line to /tmp/SCtX57HhyN.dsk...
qemu -hda /tmp/SCtX57HhyN.dsk -hdb tmp.dsk -hdc /tmp/DnZcP3ejjn.dsk -hdd /tmp/gfGJWtNL2L.dsk -m 4 -net none -nographic -monitor null
Kernel command line: -q -f put dir-rmdir put tar run dir-rmdir
Pintos booting with 4,096 kB RAM...
free start is c011d000
369 pages available in kernel pool.
368 pages available in user pool.
Calibrating timer...  78,540,800 loops/s.
hd0:0: detected 153 sector (76 kB) disk, model "QEMU HARDDISK", serial "QM00001"
hd0:1: detected 4,032 sector (1 MB) disk, model "QEMU HARDDISK", serial "QM00002"
hd1:0: detected 159 sector (79 kB) disk, model "QEMU HARDDISK", serial "QM00003"
hd1:1: detected 8,064 sector (3 MB) disk, model "QEMU HARDDISK", serial "QM00004"
Formatting file system...after inode create in free_map_create
done.
Boot complete.
Putting 'dir-rmdir' into the file system...
Putting 'tar' into the file system...
Executing 'dir-rmdir':
(dir-rmdir) begin
(dir-rmdir) mkdir "a"
system call!

TIMEOUT after 61 seconds of wall-clock time - load average: 0.51, 0.43, 0.23

- - - - - - - - - - - - - - - - - - - - - - - - - - - - - - - - - - - - - - 

DETAILS OF tests/filesys/extended/dir-rm-tree FAILURE:

run: TIMEOUT after 61 seconds of wall-clock time - load average: 0.43, 0.40, 0.21

OUTPUT FROM tests/filesys/extended/dir-rm-tree:

Copying tests/filesys/extended/dir-rm-tree into /tmp/HPJvuXLFLG.dsk...
Copying tests/filesys/extended/tar into /tmp/HPJvuXLFLG.dsk...
Writing command line to /tmp/C7bDQ9GhJw.dsk...
qemu -hda /tmp/C7bDQ9GhJw.dsk -hdb tmp.dsk -hdc /tmp/HPJvuXLFLG.dsk -hdd /tmp/MeSFpjweD7.dsk -m 4 -net none -nographic -monitor null
Kernel command line: -q -f put dir-rm-tree put tar run dir-rm-tree
Pintos booting with 4,096 kB RAM...
free start is c011d000
369 pages available in kernel pool.
368 pages available in user pool.
Calibrating timer...  78,540,800 loops/s.
hd0:0: detected 153 sector (76 kB) disk, model "QEMU HARDDISK", serial "QM00001"
hd0:1: detected 4,032 sector (1 MB) disk, model "QEMU HARDDISK", serial "QM00002"
hd1:0: detected 165 sector (82 kB) disk, model "QEMU HARDDISK", serial "QM00003"
hd1:1: detected 8,064 sector (3 MB) disk, model "QEMU HARDDISK", serial "QM00004"
Formatting file system...after inode create in free_map_create
done.
Boot complete.
Putting 'dir-rm-tree' into the file system...
Putting 'tar' into the file system...
Executing 'dir-rm-tree':
(dir-rm-tree) begin
(dir-rm-tree) creating /0/0/0/0 through /3/2/2/3...
system call!

TIMEOUT after 61 seconds of wall-clock time - load average: 0.43, 0.40, 0.21

- - - - - - - - - - - - - - - - - - - - - - - - - - - - - - - - - - - - - - 

DETAILS OF tests/filesys/extended/dir-vine FAILURE:

run: TIMEOUT after 151 seconds of wall-clock time - load average: 0.09, 0.35, 0.25

OUTPUT FROM tests/filesys/extended/dir-vine:

Copying tests/filesys/extended/dir-vine into /tmp/8ByIhiPq7L.dsk...
Copying tests/filesys/extended/tar into /tmp/8ByIhiPq7L.dsk...
Writing command line to /tmp/Hx3c3tiypQ.dsk...
qemu -hda /tmp/Hx3c3tiypQ.dsk -hdb tmp.dsk -hdc /tmp/8ByIhiPq7L.dsk -hdd /tmp/lJLCZnCRGr.dsk -m 4 -net none -nographic -monitor null
Kernel command line: -q -f put dir-vine put tar run dir-vine
Pintos booting with 4,096 kB RAM...
free start is c011d000
369 pages available in kernel pool.
368 pages available in user pool.
Calibrating timer...  78,540,800 loops/s.
hd0:0: detected 153 sector (76 kB) disk, model "QEMU HARDDISK", serial "QM00001"
hd0:1: detected 4,032 sector (1 MB) disk, model "QEMU HARDDISK", serial "QM00002"
hd1:0: detected 163 sector (81 kB) disk, model "QEMU HARDDISK", serial "QM00003"
hd1:1: detected 8,064 sector (3 MB) disk, model "QEMU HARDDISK", serial "QM00004"
Formatting file system...after inode create in free_map_create
done.
Boot complete.
Putting 'dir-vine' into the file system...
Putting 'tar' into the file system...
Executing 'dir-vine':
(dir-vine) begin
(dir-vine) creating many levels of files and directories...
system call!

TIMEOUT after 151 seconds of wall-clock time - load average: 0.09, 0.35, 0.25

- - - - - - - - - - - - - - - - - - - - - - - - - - - - - - - - - - - - - - 

DETAILS OF tests/filesys/extended/grow-seq-sm FAILURE:

run: write 1234 bytes at offset 0 in "testme" failed: FAILED

OUTPUT FROM tests/filesys/extended/grow-seq-sm:

Copying tests/filesys/extended/grow-seq-sm into /tmp/KFq1Vtd7Vn.dsk...
Copying tests/filesys/extended/tar into /tmp/KFq1Vtd7Vn.dsk...
Writing command line to /tmp/7xTzLpvLt0.dsk...
qemu -hda /tmp/7xTzLpvLt0.dsk -hdb tmp.dsk -hdc /tmp/KFq1Vtd7Vn.dsk -hdd /tmp/G3SG21uZ4X.dsk -m 4 -net none -nographic -monitor null
Kernel command line: -q -f put grow-seq-sm put tar run grow-seq-sm
Pintos booting with 4,096 kB RAM...
free start is c011d000
369 pages available in kernel pool.
368 pages available in user pool.
Calibrating timer...  78,540,800 loops/s.
hd0:0: detected 153 sector (76 kB) disk, model "QEMU HARDDISK", serial "QM00001"
hd0:1: detected 4,032 sector (1 MB) disk, model "QEMU HARDDISK", serial "QM00002"
hd1:0: detected 159 sector (79 kB) disk, model "QEMU HARDDISK", serial "QM00003"
hd1:1: detected 8,064 sector (3 MB) disk, model "QEMU HARDDISK", serial "QM00004"
Formatting file system...after inode create in free_map_create
done.
Boot complete.
Putting 'grow-seq-sm' into the file system...
Putting 'tar' into the file system...
Executing 'grow-seq-sm':
(grow-seq-sm) begin
(grow-seq-sm) create "testme"
(grow-seq-sm) open "testme"
(grow-seq-sm) writing "testme"
(grow-seq-sm) write 1234 bytes at offset 0 in "testme" failed: FAILED
grow-seq-sm: exit(1)
Execution of 'grow-seq-sm' complete.
Timer: 74 ticks
Thread: 0 idle ticks, 71 kernel ticks, 3 user ticks
hd0:0: 0 reads, 0 writes
hd0:1: 355 reads, 331 writes
hd1:0: 159 reads, 0 writes
hd1:1: 0 reads, 0 writes
Console: 1168 characters output
Keyboard: 0 keys pressed
Exception: 6 page faults
Powering off...

- - - - - - - - - - - - - - - - - - - - - - - - - - - - - - - - - - - - - - 

DETAILS OF tests/filesys/extended/grow-seq-lg FAILURE:

run: write 1234 bytes at offset 0 in "testme" failed: FAILED

OUTPUT FROM tests/filesys/extended/grow-seq-lg:

Copying tests/filesys/extended/grow-seq-lg into /tmp/VZlwmEXaov.dsk...
Copying tests/filesys/extended/tar into /tmp/VZlwmEXaov.dsk...
Writing command line to /tmp/9uLAFWdZ18.dsk...
qemu -hda /tmp/9uLAFWdZ18.dsk -hdb tmp.dsk -hdc /tmp/VZlwmEXaov.dsk -hdd /tmp/koz56qaJcW.dsk -m 4 -net none -nographic -monitor null
Kernel command line: -q -f put grow-seq-lg put tar run grow-seq-lg
Pintos booting with 4,096 kB RAM...
free start is c011d000
369 pages available in kernel pool.
368 pages available in user pool.
Calibrating timer...  78,540,800 loops/s.
hd0:0: detected 153 sector (76 kB) disk, model "QEMU HARDDISK", serial "QM00001"
hd0:1: detected 4,032 sector (1 MB) disk, model "QEMU HARDDISK", serial "QM00002"
hd1:0: detected 159 sector (79 kB) disk, model "QEMU HARDDISK", serial "QM00003"
hd1:1: detected 8,064 sector (3 MB) disk, model "QEMU HARDDISK", serial "QM00004"
Formatting file system...after inode create in free_map_create
done.
Boot complete.
Putting 'grow-seq-lg' into the file system...
Putting 'tar' into the file system...
Executing 'grow-seq-lg':
(grow-seq-lg) begin
(grow-seq-lg) create "testme"
(grow-seq-lg) open "testme"
(grow-seq-lg) writing "testme"
(grow-seq-lg) write 1234 bytes at offset 0 in "testme" failed: FAILED
grow-seq-lg: exit(1)
Execution of 'grow-seq-lg' complete.
Timer: 75 ticks
Thread: 0 idle ticks, 71 kernel ticks, 4 user ticks
hd0:0: 0 reads, 0 writes
hd0:1: 355 reads, 331 writes
hd1:0: 159 reads, 0 writes
hd1:1: 0 reads, 0 writes
Console: 1168 characters output
Keyboard: 0 keys pressed
Exception: 22 page faults
Powering off...

- - - - - - - - - - - - - - - - - - - - - - - - - - - - - - - - - - - - - - 

DETAILS OF tests/filesys/extended/grow-sparse FAILURE:

run: write "testfile": FAILED

OUTPUT FROM tests/filesys/extended/grow-sparse:

Copying tests/filesys/extended/grow-sparse into /tmp/1naw6pAWZc.dsk...
Copying tests/filesys/extended/tar into /tmp/1naw6pAWZc.dsk...
Writing command line to /tmp/uDdN8Xhen0.dsk...
qemu -hda /tmp/uDdN8Xhen0.dsk -hdb tmp.dsk -hdc /tmp/1naw6pAWZc.dsk -hdd /tmp/2MWyeqXpUY.dsk -m 4 -net none -nographic -monitor null
Kernel command line: -q -f put grow-sparse put tar run grow-sparse
Pintos booting with 4,096 kB RAM...
free start is c011d000
369 pages available in kernel pool.
368 pages available in user pool.
Calibrating timer...  78,540,800 loops/s.
hd0:0: detected 153 sector (76 kB) disk, model "QEMU HARDDISK", serial "QM00001"
hd0:1: detected 4,032 sector (1 MB) disk, model "QEMU HARDDISK", serial "QM00002"
hd1:0: detected 159 sector (79 kB) disk, model "QEMU HARDDISK", serial "QM00003"
hd1:1: detected 8,064 sector (3 MB) disk, model "QEMU HARDDISK", serial "QM00004"
Formatting file system...after inode create in free_map_create
done.
Boot complete.
Putting 'grow-sparse' into the file system...
Putting 'tar' into the file system...
Executing 'grow-sparse':
(grow-sparse) begin
(grow-sparse) create "testfile"
(grow-sparse) open "testfile"
(grow-sparse) seek "testfile"
(grow-sparse) write "testfile"
(grow-sparse) write "testfile": FAILED
grow-sparse: exit(1)
Execution of 'grow-sparse' complete.
Timer: 73 ticks
Thread: 0 idle ticks, 70 kernel ticks, 3 user ticks
hd0:0: 0 reads, 0 writes
hd0:1: 356 reads, 331 writes
hd1:0: 159 reads, 0 writes
hd1:1: 0 reads, 0 writes
Console: 1171 characters output
Keyboard: 0 keys pressed
Exception: 4 page faults
Powering off...

- - - - - - - - - - - - - - - - - - - - - - - - - - - - - - - - - - - - - - 

DETAILS OF tests/filesys/extended/grow-two-files FAILURE:

run: write 250 bytes at offset 0 in "a" returned 0: FAILED

OUTPUT FROM tests/filesys/extended/grow-two-files:

Copying tests/filesys/extended/grow-two-files into /tmp/JdAwUT5BM2.dsk...
Copying tests/filesys/extended/tar into /tmp/JdAwUT5BM2.dsk...
Writing command line to /tmp/qCgT5prE7w.dsk...
qemu -hda /tmp/qCgT5prE7w.dsk -hdb tmp.dsk -hdc /tmp/JdAwUT5BM2.dsk -hdd /tmp/Bwi7NILP4R.dsk -m 4 -net none -nographic -monitor null
Kernel command line: -q -f put grow-two-files put tar run grow-two-files
Pintos booting with 4,096 kB RAM...
free start is c011d000
369 pages available in kernel pool.
368 pages available in user pool.
Calibrating timer...  78,540,800 loops/s.
hd0:0: detected 153 sector (76 kB) disk, model "QEMU HARDDISK", serial "QM00001"
hd0:1: detected 4,032 sector (1 MB) disk, model "QEMU HARDDISK", serial "QM00002"
hd1:0: detected 161 sector (80 kB) disk, model "QEMU HARDDISK", serial "QM00003"
hd1:1: detected 8,064 sector (3 MB) disk, model "QEMU HARDDISK", serial "QM00004"
Formatting file system...after inode create in free_map_create
done.
Boot complete.
Putting 'grow-two-files' into the file system...
Putting 'tar' into the file system...
Executing 'grow-two-files':
(grow-two-files) begin
(grow-two-files) create "a"
(grow-two-files) create "b"
(grow-two-files) open "a"
(grow-two-files) open "b"
(grow-two-files) write "a" and "b" alternately
(grow-two-files) write 250 bytes at offset 0 in "a" returned 0: FAILED
grow-two-files: exit(1)
Execution of 'grow-two-files' complete.
Timer: 76 ticks
Thread: 0 idle ticks, 72 kernel ticks, 4 user ticks
hd0:0: 0 reads, 0 writes
hd0:1: 362 reads, 336 writes
hd1:0: 161 reads, 0 writes
hd1:1: 0 reads, 0 writes
Console: 1256 characters output
Keyboard: 0 keys pressed
Exception: 9 page faults
Powering off...

- - - - - - - - - - - - - - - - - - - - - - - - - - - - - - - - - - - - - - 

DETAILS OF tests/filesys/extended/grow-tell FAILURE:

run: write 37 bytes at offset 0 in "foobar" failed: FAILED

OUTPUT FROM tests/filesys/extended/grow-tell:

Copying tests/filesys/extended/grow-tell into /tmp/b15PENRRoJ.dsk...
Copying tests/filesys/extended/tar into /tmp/b15PENRRoJ.dsk...
Writing command line to /tmp/cHKOwyoqmi.dsk...
qemu -hda /tmp/cHKOwyoqmi.dsk -hdb tmp.dsk -hdc /tmp/b15PENRRoJ.dsk -hdd /tmp/u7zcI8dsGN.dsk -m 4 -net none -nographic -monitor null
Kernel command line: -q -f put grow-tell put tar run grow-tell
Pintos booting with 4,096 kB RAM...
free start is c011d000
369 pages available in kernel pool.
368 pages available in user pool.
Calibrating timer...  78,540,800 loops/s.
hd0:0: detected 153 sector (76 kB) disk, model "QEMU HARDDISK", serial "QM00001"
hd0:1: detected 4,032 sector (1 MB) disk, model "QEMU HARDDISK", serial "QM00002"
hd1:0: detected 160 sector (80 kB) disk, model "QEMU HARDDISK", serial "QM00003"
hd1:1: detected 8,064 sector (3 MB) disk, model "QEMU HARDDISK", serial "QM00004"
Formatting file system...after inode create in free_map_create
done.
Boot complete.
Putting 'grow-tell' into the file system...
Putting 'tar' into the file system...
Executing 'grow-tell':
(grow-tell) begin
(grow-tell) create "foobar"
(grow-tell) open "foobar"
(grow-tell) writing "foobar"
(grow-tell) write 37 bytes at offset 0 in "foobar" failed: FAILED
grow-tell: exit(1)
Execution of 'grow-tell' complete.
Timer: 74 ticks
Thread: 0 idle ticks, 71 kernel ticks, 3 user ticks
hd0:0: 0 reads, 0 writes
hd0:1: 358 reads, 333 writes
hd1:0: 160 reads, 0 writes
hd1:1: 0 reads, 0 writes
Console: 1144 characters output
Keyboard: 0 keys pressed
Exception: 5 page faults
Powering off...

- - - - - - - - - - - - - - - - - - - - - - - - - - - - - - - - - - - - - - 

DETAILS OF tests/filesys/extended/grow-file-size FAILURE:

run: write 37 bytes at offset 0 in "testfile" failed: FAILED

OUTPUT FROM tests/filesys/extended/grow-file-size:

Copying tests/filesys/extended/grow-file-size into /tmp/xBVEGYHt7f.dsk...
Copying tests/filesys/extended/tar into /tmp/xBVEGYHt7f.dsk...
Writing command line to /tmp/VwQ46WS2R9.dsk...
qemu -hda /tmp/VwQ46WS2R9.dsk -hdb tmp.dsk -hdc /tmp/xBVEGYHt7f.dsk -hdd /tmp/axNw3IWmPr.dsk -m 4 -net none -nographic -monitor null
Kernel command line: -q -f put grow-file-size put tar run grow-file-size
Pintos booting with 4,096 kB RAM...
free start is c011d000
369 pages available in kernel pool.
368 pages available in user pool.
Calibrating timer...  78,540,800 loops/s.
hd0:0: detected 153 sector (76 kB) disk, model "QEMU HARDDISK", serial "QM00001"
hd0:1: detected 4,032 sector (1 MB) disk, model "QEMU HARDDISK", serial "QM00002"
hd1:0: detected 160 sector (80 kB) disk, model "QEMU HARDDISK", serial "QM00003"
hd1:1: detected 8,064 sector (3 MB) disk, model "QEMU HARDDISK", serial "QM00004"
Formatting file system...after inode create in free_map_create
done.
Boot complete.
Putting 'grow-file-size' into the file system...
Putting 'tar' into the file system...
Executing 'grow-file-size':
(grow-file-size) begin
(grow-file-size) create "testfile"
(grow-file-size) open "testfile"
(grow-file-size) writing "testfile"
(grow-file-size) write 37 bytes at offset 0 in "testfile" failed: FAILED
grow-file-size: exit(1)
Execution of 'grow-file-size' complete.
Timer: 75 ticks
Thread: 0 idle ticks, 71 kernel ticks, 4 user ticks
hd0:0: 0 reads, 0 writes
hd0:1: 358 reads, 333 writes
hd1:0: 160 reads, 0 writes
hd1:1: 0 reads, 0 writes
Console: 1207 characters output
Keyboard: 0 keys pressed
Exception: 5 page faults
Powering off...

- - - - - - - - - - - - - - - - - - - - - - - - - - - - - - - - - - - - - - 

DETAILS OF tests/filesys/extended/grow-dir-lg FAILURE:

run: TIMEOUT after 61 seconds of wall-clock time - load average: 0.03, 0.29, 0.23

OUTPUT FROM tests/filesys/extended/grow-dir-lg:

Copying tests/filesys/extended/grow-dir-lg into /tmp/HSOaGK14DE.dsk...
Copying tests/filesys/extended/tar into /tmp/HSOaGK14DE.dsk...
Writing command line to /tmp/JWrCBJS6Cp.dsk...
qemu -hda /tmp/JWrCBJS6Cp.dsk -hdb tmp.dsk -hdc /tmp/HSOaGK14DE.dsk -hdd /tmp/7GBOVdN1iZ.dsk -m 4 -net none -nographic -monitor null
Kernel command line: -q -f put grow-dir-lg put tar run grow-dir-lg
Pintos booting with 4,096 kB RAM...
free start is c011d000
369 pages available in kernel pool.
368 pages available in user pool.
Calibrating timer...  78,540,800 loops/s.
hd0:0: detected 153 sector (76 kB) disk, model "QEMU HARDDISK", serial "QM00001"
hd0:1: detected 4,032 sector (1 MB) disk, model "QEMU HARDDISK", serial "QM00002"
hd1:0: detected 160 sector (80 kB) disk, model "QEMU HARDDISK", serial "QM00003"
hd1:1: detected 8,064 sector (3 MB) disk, model "QEMU HARDDISK", serial "QM00004"
Formatting file system...after inode create in free_map_create
done.
Boot complete.
Putting 'grow-dir-lg' into the file system...
Putting 'tar' into the file system...
Executing 'grow-dir-lg':
(grow-dir-lg) begin
(grow-dir-lg) mkdir /x
system call!

TIMEOUT after 61 seconds of wall-clock time - load average: 0.03, 0.29, 0.23

- - - - - - - - - - - - - - - - - - - - - - - - - - - - - - - - - - - - - - 

DETAILS OF tests/filesys/extended/grow-root-sm FAILURE:

run: create "file14": FAILED

OUTPUT FROM tests/filesys/extended/grow-root-sm:

Copying tests/filesys/extended/grow-root-sm into /tmp/0okJ63njMD.dsk...
Copying tests/filesys/extended/tar into /tmp/0okJ63njMD.dsk...
Writing command line to /tmp/L6rGQ521gF.dsk...
qemu -hda /tmp/L6rGQ521gF.dsk -hdb tmp.dsk -hdc /tmp/0okJ63njMD.dsk -hdd /tmp/YHo8HDQCLK.dsk -m 4 -net none -nographic -monitor null
Kernel command line: -q -f put grow-root-sm put tar run grow-root-sm
Pintos booting with 4,096 kB RAM...
free start is c011d000
369 pages available in kernel pool.
368 pages available in user pool.
Calibrating timer...  78,540,800 loops/s.
hd0:0: detected 153 sector (76 kB) disk, model "QEMU HARDDISK", serial "QM00001"
hd0:1: detected 4,032 sector (1 MB) disk, model "QEMU HARDDISK", serial "QM00002"
hd1:0: detected 160 sector (80 kB) disk, model "QEMU HARDDISK", serial "QM00003"
hd1:1: detected 8,064 sector (3 MB) disk, model "QEMU HARDDISK", serial "QM00004"
Formatting file system...after inode create in free_map_create
done.
Boot complete.
Putting 'grow-root-sm' into the file system...
Putting 'tar' into the file system...
Executing 'grow-root-sm':
(grow-root-sm) begin
(grow-root-sm) creating and checking "file0"
(grow-root-sm) creating and checking "file1"
(grow-root-sm) creating and checking "file2"
(grow-root-sm) creating and checking "file3"
(grow-root-sm) creating and checking "file4"
(grow-root-sm) creating and checking "file5"
(grow-root-sm) creating and checking "file6"
(grow-root-sm) creating and checking "file7"
(grow-root-sm) creating and checking "file8"
(grow-root-sm) creating and checking "file9"
(grow-root-sm) creating and checking "file10"
(grow-root-sm) creating and checking "file11"
(grow-root-sm) creating and checking "file12"
(grow-root-sm) creating and checking "file13"
(grow-root-sm) creating and checking "file14"
(grow-root-sm) create "file14": FAILED
grow-root-sm: exit(1)
Execution of 'grow-root-sm' complete.
Timer: 78 ticks
Thread: 0 idle ticks, 71 kernel ticks, 7 user ticks
hd0:0: 0 reads, 0 writes
hd0:1: 387 reads, 362 writes
hd1:0: 160 reads, 0 writes
hd1:1: 0 reads, 0 writes
Console: 1735 characters output
Keyboard: 0 keys pressed
Exception: 5 page faults
Powering off...

- - - - - - - - - - - - - - - - - - - - - - - - - - - - - - - - - - - - - - 

DETAILS OF tests/filesys/extended/grow-root-lg FAILURE:

run: create "file14": FAILED

OUTPUT FROM tests/filesys/extended/grow-root-lg:

Copying tests/filesys/extended/grow-root-lg into /tmp/QQ5dSS7tn5.dsk...
Copying tests/filesys/extended/tar into /tmp/QQ5dSS7tn5.dsk...
Writing command line to /tmp/7omNQ6gwAr.dsk...
qemu -hda /tmp/7omNQ6gwAr.dsk -hdb tmp.dsk -hdc /tmp/QQ5dSS7tn5.dsk -hdd /tmp/vRU53ctyhj.dsk -m 4 -net none -nographic -monitor null
Kernel command line: -q -f put grow-root-lg put tar run grow-root-lg
Pintos booting with 4,096 kB RAM...
free start is c011d000
369 pages available in kernel pool.
368 pages available in user pool.
Calibrating timer...  78,540,800 loops/s.
hd0:0: detected 153 sector (76 kB) disk, model "QEMU HARDDISK", serial "QM00001"
hd0:1: detected 4,032 sector (1 MB) disk, model "QEMU HARDDISK", serial "QM00002"
hd1:0: detected 160 sector (80 kB) disk, model "QEMU HARDDISK", serial "QM00003"
hd1:1: detected 8,064 sector (3 MB) disk, model "QEMU HARDDISK", serial "QM00004"
Formatting file system...after inode create in free_map_create
done.
Boot complete.
Putting 'grow-root-lg' into the file system...
Putting 'tar' into the file system...
Executing 'grow-root-lg':
(grow-root-lg) begin
(grow-root-lg) creating and checking "file0"
(grow-root-lg) creating and checking "file1"
(grow-root-lg) creating and checking "file2"
(grow-root-lg) creating and checking "file3"
(grow-root-lg) creating and checking "file4"
(grow-root-lg) creating and checking "file5"
(grow-root-lg) creating and checking "file6"
(grow-root-lg) creating and checking "file7"
(grow-root-lg) creating and checking "file8"
(grow-root-lg) creating and checking "file9"
(grow-root-lg) creating and checking "file10"
(grow-root-lg) creating and checking "file11"
(grow-root-lg) creating and checking "file12"
(grow-root-lg) creating and checking "file13"
(grow-root-lg) creating and checking "file14"
(grow-root-lg) create "file14": FAILED
grow-root-lg: exit(1)
Execution of 'grow-root-lg' complete.
Timer: 78 ticks
Thread: 0 idle ticks, 70 kernel ticks, 8 user ticks
hd0:0: 0 reads, 0 writes
hd0:1: 387 reads, 362 writes
hd1:0: 160 reads, 0 writes
hd1:1: 0 reads, 0 writes
Console: 1735 characters output
Keyboard: 0 keys pressed
Exception: 5 page faults
Powering off...

- - - - - - - - - - - - - - - - - - - - - - - - - - - - - - - - - - - - - - 

DETAILS OF tests/filesys/extended/syn-rw FAILURE:

Kernel panic in run: PANIC at ../../threads/malloc.c:274 in block_to_arena(): assertion `a->magic == ARENA_MAGIC' failed.
Call stack: 0xc01073f6 0xc010368e 0xc0103547 0xc01097e5 0xc0100cc3 0xc010b153 0xc010ba0d 0xc01018b5 0xc0101a8b 0x804a223 0x8048327 0x80481bc 0x804890b 0x8048938
Translation of call stack:
In kernel.o:
0xc01073f6: debug_panic (.../../lib/kernel/debug.c:34)
0xc010368e: block_to_arena (..../../threads/malloc.c:277)
0xc0103547: free (..../../threads/malloc.c:224)
0xc01097e5: process_exit (...../userprog/process.c:221)
0xc0100cc3: thread_exit (..../../threads/thread.c:323)
0xc010b153: exec (...../userprog/syscall.c:136)
0xc010ba0d: syscall_handler (...../userprog/syscall.c:545)
0xc01018b5: intr_handler (..../threads/interrupt.c:361)
0xc0101a8b: intr_entry (threads/intr-stubs.S:38)
In tests/filesys/extended/syn-rw:
0x0804a223: exit (.../../lib/user/syscall.c:74)
0x08048327: swap (...uild/../../tests/lib.c:53)
0x080481bc: test_main (...esys/extended/syn-rw.c:28)
0x0804890b: main (...ild/../../tests/main.c:13)
0x08048938: _start (.../../../lib/user/entry.c:9)
Translations of user virtual addresses above are based on a guess at
the binary to use.  If this guess is incorrect, then those
translations will be misleading.

OUTPUT FROM tests/filesys/extended/syn-rw:

Copying tests/filesys/extended/syn-rw into /tmp/DVwYg0O0o3.dsk...
Copying tests/filesys/extended/tar into /tmp/DVwYg0O0o3.dsk...
Copying tests/filesys/extended/child-syn-rw into /tmp/DVwYg0O0o3.dsk...
Writing command line to /tmp/268gEkaFqF.dsk...
qemu -hda /tmp/268gEkaFqF.dsk -hdb tmp.dsk -hdc /tmp/DVwYg0O0o3.dsk -hdd /tmp/rfg0Y7ba18.dsk -m 4 -net none -nographic -monitor null
Kernel command line: -q -f put syn-rw put tar put child-syn-rw run syn-rw
Pintos booting with 4,096 kB RAM...
free start is c011d000
369 pages available in kernel pool.
368 pages available in user pool.
Calibrating timer...  78,540,800 loops/s.
hd0:0: detected 153 sector (76 kB) disk, model "QEMU HARDDISK", serial "QM00001"
hd0:1: detected 4,032 sector (1 MB) disk, model "QEMU HARDDISK", serial "QM00002"
hd1:0: detected 244 sector (122 kB) disk, model "QEMU HARDDISK", serial "QM00003"
hd1:1: detected 8,064 sector (3 MB) disk, model "QEMU HARDDISK", serial "QM00004"
Formatting file system...after inode create in free_map_create
done.
Boot complete.
Putting 'syn-rw' into the file system...
Putting 'tar' into the file system...
Putting 'child-syn-rw' into the file system...
Executing 'syn-rw':
(syn-rw) begin
(syn-rw) create "logfile"
(syn-rw) open "logfile"
(syn-rw) exec child 1 of 4: "child-syn-rw 0"
(syn-rw) exec child 2 of 4: "child-syn-rw 1"
(syn-rw) exec child 3 of 4: "child-syn-rw 2"
(syn-rw) exec child 4 of 4: "child-syn-rw 3"
(syn-rw) write 8 bytes at offset 0 in "logfile": FAILED
syn-rw: exit(1)
Kernel PANIC at ../../threads/malloc.c:274 in block_to_arena(): assertion `a->magic == ARENA_MAGIC' failed.
Call stack: 0xc01073f6 0xc010368e 0xc0103547 0xc01097e5 0xc0100cc3 0xc010b153 0xc010ba0d 0xc01018b5 0xc0101a8b 0x804a223 0x8048327 0x80481bc 0x804890b 0x8048938.
The `backtrace' program can make call stacks useful.
Read "Backtraces" in the "Debugging Tools" chapter
of the Pintos documentation for more information.
Kernel PANIC recursion at ../../devices/timer.c:187 in real_time_sleep().
Kernel command line: -q -f put syn-rw put tar put child-syn-rw run syn-rw
Pintos booting with 4,096 kB RAM...
[...details of reboot(s) omitted...]

- - - - - - - - - - - - - - - - - - - - - - - - - - - - - - - - - - - - - - 

DETAILS OF tests/filesys/extended/dir-empty-name FAILURE:

run: TIMEOUT after 61 seconds of wall-clock time - load average: 0.24, 0.19, 0.07

OUTPUT FROM tests/filesys/extended/dir-empty-name:

Copying tests/filesys/extended/dir-empty-name into /tmp/w17lo7Uc1P.dsk...
Copying tests/filesys/extended/tar into /tmp/w17lo7Uc1P.dsk...
Writing command line to /tmp/KCVZjDQvDz.dsk...
qemu -hda /tmp/KCVZjDQvDz.dsk -hdb tmp.dsk -hdc /tmp/w17lo7Uc1P.dsk -hdd /tmp/nvLrkuhBwu.dsk -m 4 -net none -nographic -monitor null
Kernel command line: -q -f put dir-empty-name put tar run dir-empty-name
Pintos booting with 4,096 kB RAM...
free start is c011d000
369 pages available in kernel pool.
368 pages available in user pool.
Calibrating timer...  78,540,800 loops/s.
hd0:0: detected 153 sector (76 kB) disk, model "QEMU HARDDISK", serial "QM00001"
hd0:1: detected 4,032 sector (1 MB) disk, model "QEMU HARDDISK", serial "QM00002"
hd1:0: detected 158 sector (79 kB) disk, model "QEMU HARDDISK", serial "QM00003"
hd1:1: detected 8,064 sector (3 MB) disk, model "QEMU HARDDISK", serial "QM00004"
Formatting file system...after inode create in free_map_create
done.
Boot complete.
Putting 'dir-empty-name' into the file system...
Putting 'tar' into the file system...
Executing 'dir-empty-name':
(dir-empty-name) begin
(dir-empty-name) mkdir "" (must return false)
system call!

TIMEOUT after 61 seconds of wall-clock time - load average: 0.24, 0.19, 0.07

- - - - - - - - - - - - - - - - - - - - - - - - - - - - - - - - - - - - - - 

DETAILS OF tests/filesys/extended/dir-open FAILURE:

run: TIMEOUT after 61 seconds of wall-clock time - load average: 0.89, 0.50, 0.21

OUTPUT FROM tests/filesys/extended/dir-open:

Copying tests/filesys/extended/dir-open into /tmp/Eph6Q2GaN0.dsk...
Copying tests/filesys/extended/tar into /tmp/Eph6Q2GaN0.dsk...
Writing command line to /tmp/1InKbTlcmF.dsk...
qemu -hda /tmp/1InKbTlcmF.dsk -hdb tmp.dsk -hdc /tmp/Eph6Q2GaN0.dsk -hdd /tmp/kI4imi2NEN.dsk -m 4 -net none -nographic -monitor null
Kernel command line: -q -f put dir-open put tar run dir-open
Pintos booting with 4,096 kB RAM...
free start is c011d000
369 pages available in kernel pool.
368 pages available in user pool.
Calibrating timer...  78,540,800 loops/s.
hd0:0: detected 153 sector (76 kB) disk, model "QEMU HARDDISK", serial "QM00001"
hd0:1: detected 4,032 sector (1 MB) disk, model "QEMU HARDDISK", serial "QM00002"
hd1:0: detected 159 sector (79 kB) disk, model "QEMU HARDDISK", serial "QM00003"
hd1:1: detected 8,064 sector (3 MB) disk, model "QEMU HARDDISK", serial "QM00004"
Formatting file system...after inode create in free_map_create
done.
Boot complete.
Putting 'dir-open' into the file system...
Putting 'tar' into the file system...
Executing 'dir-open':
(dir-open) begin
(dir-open) mkdir "xyzzy"
system call!

TIMEOUT after 61 seconds of wall-clock time - load average: 0.89, 0.50, 0.21

- - - - - - - - - - - - - - - - - - - - - - - - - - - - - - - - - - - - - - 

DETAILS OF tests/filesys/extended/dir-over-file FAILURE:

run: TIMEOUT after 61 seconds of wall-clock time - load average: 0.39, 0.43, 0.20

OUTPUT FROM tests/filesys/extended/dir-over-file:

Copying tests/filesys/extended/dir-over-file into /tmp/XpaHX3mYNg.dsk...
Copying tests/filesys/extended/tar into /tmp/XpaHX3mYNg.dsk...
Writing command line to /tmp/wrwoSxq4gp.dsk...
qemu -hda /tmp/wrwoSxq4gp.dsk -hdb tmp.dsk -hdc /tmp/XpaHX3mYNg.dsk -hdd /tmp/EuH5yVthhz.dsk -m 4 -net none -nographic -monitor null
Kernel command line: -q -f put dir-over-file put tar run dir-over-file
Pintos booting with 4,096 kB RAM...
free start is c011d000
369 pages available in kernel pool.
368 pages available in user pool.
Calibrating timer...  78,540,800 loops/s.
hd0:0: detected 153 sector (76 kB) disk, model "QEMU HARDDISK", serial "QM00001"
hd0:1: detected 4,032 sector (1 MB) disk, model "QEMU HARDDISK", serial "QM00002"
hd1:0: detected 159 sector (79 kB) disk, model "QEMU HARDDISK", serial "QM00003"
hd1:1: detected 8,064 sector (3 MB) disk, model "QEMU HARDDISK", serial "QM00004"
Formatting file system...after inode create in free_map_create
done.
Boot complete.
Putting 'dir-over-file' into the file system...
Putting 'tar' into the file system...
Executing 'dir-over-file':
(dir-over-file) begin
(dir-over-file) mkdir "abc"
system call!

TIMEOUT after 61 seconds of wall-clock time - load average: 0.39, 0.43, 0.20

- - - - - - - - - - - - - - - - - - - - - - - - - - - - - - - - - - - - - - 

DETAILS OF tests/filesys/extended/dir-under-file FAILURE:

run: TIMEOUT after 61 seconds of wall-clock time - load average: 0.78, 0.52, 0.27

OUTPUT FROM tests/filesys/extended/dir-under-file:

Copying tests/filesys/extended/dir-under-file into /tmp/Egd0jtQ4b0.dsk...
Copying tests/filesys/extended/tar into /tmp/Egd0jtQ4b0.dsk...
Writing command line to /tmp/ILiH56wdoc.dsk...
qemu -hda /tmp/ILiH56wdoc.dsk -hdb tmp.dsk -hdc /tmp/Egd0jtQ4b0.dsk -hdd /tmp/Bzh8NDu67E.dsk -m 4 -net none -nographic -monitor null
Kernel command line: -q -f put dir-under-file put tar run dir-under-file
Pintos booting with 4,096 kB RAM...
free start is c011d000
369 pages available in kernel pool.
368 pages available in user pool.
Calibrating timer...  78,540,800 loops/s.
hd0:0: detected 153 sector (76 kB) disk, model "QEMU HARDDISK", serial "QM00001"
hd0:1: detected 4,032 sector (1 MB) disk, model "QEMU HARDDISK", serial "QM00002"
hd1:0: detected 159 sector (79 kB) disk, model "QEMU HARDDISK", serial "QM00003"
hd1:1: detected 8,064 sector (3 MB) disk, model "QEMU HARDDISK", serial "QM00004"
Formatting file system...after inode create in free_map_create
done.
Boot complete.
Putting 'dir-under-file' into the file system...
Putting 'tar' into the file system...
Executing 'dir-under-file':
(dir-under-file) begin
(dir-under-file) create "abc"
(dir-under-file) mkdir "abc" (must return false)
system call!

TIMEOUT after 61 seconds of wall-clock time - load average: 0.78, 0.52, 0.27

- - - - - - - - - - - - - - - - - - - - - - - - - - - - - - - - - - - - - - 

DETAILS OF tests/filesys/extended/dir-rm-cwd FAILURE:

run: open "/": FAILED

OUTPUT FROM tests/filesys/extended/dir-rm-cwd:

Copying tests/filesys/extended/dir-rm-cwd into /tmp/vZdFUHlMAj.dsk...
Copying tests/filesys/extended/tar into /tmp/vZdFUHlMAj.dsk...
Writing command line to /tmp/jHOMgady3d.dsk...
qemu -hda /tmp/jHOMgady3d.dsk -hdb tmp.dsk -hdc /tmp/vZdFUHlMAj.dsk -hdd /tmp/2tZbYAva30.dsk -m 4 -net none -nographic -monitor null
Kernel command line: -q -f put dir-rm-cwd put tar run dir-rm-cwd
Pintos booting with 4,096 kB RAM...
free start is c011d000
369 pages available in kernel pool.
368 pages available in user pool.
Calibrating timer...  78,540,800 loops/s.
hd0:0: detected 153 sector (76 kB) disk, model "QEMU HARDDISK", serial "QM00001"
hd0:1: detected 4,032 sector (1 MB) disk, model "QEMU HARDDISK", serial "QM00002"
hd1:0: detected 163 sector (81 kB) disk, model "QEMU HARDDISK", serial "QM00003"
hd1:1: detected 8,064 sector (3 MB) disk, model "QEMU HARDDISK", serial "QM00004"
Formatting file system...after inode create in free_map_create
done.
Boot complete.
Putting 'dir-rm-cwd' into the file system...
Putting 'tar' into the file system...
Executing 'dir-rm-cwd':
(dir-rm-cwd) begin
(dir-rm-cwd) open "/"
(dir-rm-cwd) open "/": FAILED
dir-rm-cwd: exit(1)
Execution of 'dir-rm-cwd' complete.
Timer: 74 ticks
Thread: 0 idle ticks, 71 kernel ticks, 3 user ticks
hd0:0: 0 reads, 0 writes
hd0:1: 363 reads, 336 writes
hd1:0: 163 reads, 0 writes
hd1:1: 0 reads, 0 writes
Console: 1054 characters output
Keyboard: 0 keys pressed
Exception: 4 page faults
Powering off...

- - - - - - - - - - - - - - - - - - - - - - - - - - - - - - - - - - - - - - 

DETAILS OF tests/filesys/extended/dir-rm-parent FAILURE:

run: TIMEOUT after 61 seconds of wall-clock time - load average: 0.16, 0.36, 0.18

OUTPUT FROM tests/filesys/extended/dir-rm-parent:

Copying tests/filesys/extended/dir-rm-parent into /tmp/gMolJheGt6.dsk...
Copying tests/filesys/extended/tar into /tmp/gMolJheGt6.dsk...
Writing command line to /tmp/IzXxeHUoij.dsk...
qemu -hda /tmp/IzXxeHUoij.dsk -hdb tmp.dsk -hdc /tmp/gMolJheGt6.dsk -hdd /tmp/gBZXZI8x2v.dsk -m 4 -net none -nographic -monitor null
Kernel command line: -q -f put dir-rm-parent put tar run dir-rm-parent
Pintos booting with 4,096 kB RAM...
free start is c011d000
369 pages available in kernel pool.
368 pages available in user pool.
Calibrating timer...  78,540,800 loops/s.
hd0:0: detected 153 sector (76 kB) disk, model "QEMU HARDDISK", serial "QM00001"
hd0:1: detected 4,032 sector (1 MB) disk, model "QEMU HARDDISK", serial "QM00002"
hd1:0: detected 159 sector (79 kB) disk, model "QEMU HARDDISK", serial "QM00003"
hd1:1: detected 8,064 sector (3 MB) disk, model "QEMU HARDDISK", serial "QM00004"
Formatting file system...after inode create in free_map_create
done.
Boot complete.
Putting 'dir-rm-parent' into the file system...
Putting 'tar' into the file system...
Executing 'dir-rm-parent':
(dir-rm-parent) begin
(dir-rm-parent) mkdir "a"
system call!

TIMEOUT after 61 seconds of wall-clock time - load average: 0.16, 0.36, 0.18

- - - - - - - - - - - - - - - - - - - - - - - - - - - - - - - - - - - - - - 

DETAILS OF tests/filesys/extended/dir-empty-name-persistence FAILURE:

Prerequisite test tests/filesys/extended/dir-empty-name failed.

OUTPUT FROM tests/filesys/extended/dir-empty-name-persistence:

Writing command line to /tmp/nHNnYu6IXC.dsk...
qemu -hda /tmp/nHNnYu6IXC.dsk -hdb tmp.dsk -hdc /tmp/NeXUAkd3Ll.dsk -hdd /tmp/Ecrt8NfukF.dsk -m 4 -net none -nographic -monitor null
Kernel command line: -q run 'tar fs.tar /' get fs.tar
Pintos booting with 4,096 kB RAM...
free start is c011d000
369 pages available in kernel pool.
368 pages available in user pool.
Calibrating timer...  78,540,800 loops/s.
hd0:0: detected 153 sector (76 kB) disk, model "QEMU HARDDISK", serial "QM00001"
hd0:1: detected 4,032 sector (1 MB) disk, model "QEMU HARDDISK", serial "QM00002"
hd1:0: detected 2,048 sector (1024 kB) disk, model "QEMU HARDDISK", serial "QM00003"
hd1:1: detected 8,064 sector (3 MB) disk, model "QEMU HARDDISK", serial "QM00004"
Boot complete.
Executing 'tar fs.tar /':
/: open failed
error writing archive
tar: exit(1)
Execution of 'tar fs.tar /' complete.
Getting 'fs.tar' from the file system...
Timer: 54 ticks
Thread: 0 idle ticks, 53 kernel ticks, 1 user ticks
hd0:0: 0 reads, 0 writes
hd0:1: 32 reads, 3 writes
hd1:0: 0 reads, 1 writes
hd1:1: 0 reads, 0 writes
Console: 894 characters output
Keyboard: 0 keys pressed
Exception: 4 page faults
Powering off...
Copying tests/filesys/extended/dir-empty-name.tar out of /tmp/NeXUAkd3Ll.dsk...

- - - - - - - - - - - - - - - - - - - - - - - - - - - - - - - - - - - - - - 

DETAILS OF tests/filesys/extended/dir-mk-tree-persistence FAILURE:

Prerequisite test tests/filesys/extended/dir-mk-tree failed.

OUTPUT FROM tests/filesys/extended/dir-mk-tree-persistence:

Writing command line to /tmp/aXQE9Tgr5q.dsk...
qemu -hda /tmp/aXQE9Tgr5q.dsk -hdb tmp.dsk -hdc /tmp/wjPu8ySFxx.dsk -hdd /tmp/bNHlKxn8ud.dsk -m 4 -net none -nographic -monitor null
Kernel command line: -q run 'tar fs.tar /' get fs.tar
Pintos booting with 4,096 kB RAM...
free start is c011d000
369 pages available in kernel pool.
368 pages available in user pool.
Calibrating timer...  78,540,800 loops/s.
hd0:0: detected 153 sector (76 kB) disk, model "QEMU HARDDISK", serial "QM00001"
hd0:1: detected 4,032 sector (1 MB) disk, model "QEMU HARDDISK", serial "QM00002"
hd1:0: detected 2,048 sector (1024 kB) disk, model "QEMU HARDDISK", serial "QM00003"
hd1:1: detected 8,064 sector (3 MB) disk, model "QEMU HARDDISK", serial "QM00004"
Boot complete.
Executing 'tar fs.tar /':
/: open failed
error writing archive
tar: exit(1)
Execution of 'tar fs.tar /' complete.
Getting 'fs.tar' from the file system...
Timer: 54 ticks
Thread: 0 idle ticks, 53 kernel ticks, 1 user ticks
hd0:0: 0 reads, 0 writes
hd0:1: 32 reads, 3 writes
hd1:0: 0 reads, 1 writes
hd1:1: 0 reads, 0 writes
Console: 894 characters output
Keyboard: 0 keys pressed
Exception: 4 page faults
Powering off...
Copying tests/filesys/extended/dir-mk-tree.tar out of /tmp/wjPu8ySFxx.dsk...

- - - - - - - - - - - - - - - - - - - - - - - - - - - - - - - - - - - - - - 

DETAILS OF tests/filesys/extended/dir-mkdir-persistence FAILURE:

Prerequisite test tests/filesys/extended/dir-mkdir failed.

OUTPUT FROM tests/filesys/extended/dir-mkdir-persistence:

Writing command line to /tmp/QXg14gINy3.dsk...
qemu -hda /tmp/QXg14gINy3.dsk -hdb tmp.dsk -hdc /tmp/Yt09q4t8Dl.dsk -hdd /tmp/poAAd2mzxk.dsk -m 4 -net none -nographic -monitor null
Kernel command line: -q run 'tar fs.tar /' get fs.tar
Pintos booting with 4,096 kB RAM...
free start is c011d000
369 pages available in kernel pool.
368 pages available in user pool.
Calibrating timer...  78,540,800 loops/s.
hd0:0: detected 153 sector (76 kB) disk, model "QEMU HARDDISK", serial "QM00001"
hd0:1: detected 4,032 sector (1 MB) disk, model "QEMU HARDDISK", serial "QM00002"
hd1:0: detected 2,048 sector (1024 kB) disk, model "QEMU HARDDISK", serial "QM00003"
hd1:1: detected 8,064 sector (3 MB) disk, model "QEMU HARDDISK", serial "QM00004"
Boot complete.
Executing 'tar fs.tar /':
/: open failed
error writing archive
tar: exit(1)
Execution of 'tar fs.tar /' complete.
Getting 'fs.tar' from the file system...
Timer: 54 ticks
Thread: 0 idle ticks, 53 kernel ticks, 1 user ticks
hd0:0: 0 reads, 0 writes
hd0:1: 32 reads, 3 writes
hd1:0: 0 reads, 1 writes
hd1:1: 0 reads, 0 writes
Console: 894 characters output
Keyboard: 0 keys pressed
Exception: 4 page faults
Powering off...
Copying tests/filesys/extended/dir-mkdir.tar out of /tmp/Yt09q4t8Dl.dsk...

- - - - - - - - - - - - - - - - - - - - - - - - - - - - - - - - - - - - - - 

DETAILS OF tests/filesys/extended/dir-open-persistence FAILURE:

Prerequisite test tests/filesys/extended/dir-open failed.

OUTPUT FROM tests/filesys/extended/dir-open-persistence:

Writing command line to /tmp/4Lv532OFW5.dsk...
qemu -hda /tmp/4Lv532OFW5.dsk -hdb tmp.dsk -hdc /tmp/3AAoyFQ2bw.dsk -hdd /tmp/tgK3Su4jAX.dsk -m 4 -net none -nographic -monitor null
Kernel command line: -q run 'tar fs.tar /' get fs.tar
Pintos booting with 4,096 kB RAM...
free start is c011d000
369 pages available in kernel pool.
368 pages available in user pool.
Calibrating timer...  78,540,800 loops/s.
hd0:0: detected 153 sector (76 kB) disk, model "QEMU HARDDISK", serial "QM00001"
hd0:1: detected 4,032 sector (1 MB) disk, model "QEMU HARDDISK", serial "QM00002"
hd1:0: detected 2,048 sector (1024 kB) disk, model "QEMU HARDDISK", serial "QM00003"
hd1:1: detected 8,064 sector (3 MB) disk, model "QEMU HARDDISK", serial "QM00004"
Boot complete.
Executing 'tar fs.tar /':
/: open failed
error writing archive
tar: exit(1)
Execution of 'tar fs.tar /' complete.
Getting 'fs.tar' from the file system...
Timer: 54 ticks
Thread: 0 idle ticks, 53 kernel ticks, 1 user ticks
hd0:0: 0 reads, 0 writes
hd0:1: 32 reads, 3 writes
hd1:0: 0 reads, 1 writes
hd1:1: 0 reads, 0 writes
Console: 894 characters output
Keyboard: 0 keys pressed
Exception: 4 page faults
Powering off...
Copying tests/filesys/extended/dir-open.tar out of /tmp/3AAoyFQ2bw.dsk...

- - - - - - - - - - - - - - - - - - - - - - - - - - - - - - - - - - - - - - 

DETAILS OF tests/filesys/extended/dir-over-file-persistence FAILURE:

Prerequisite test tests/filesys/extended/dir-over-file failed.

OUTPUT FROM tests/filesys/extended/dir-over-file-persistence:

Writing command line to /tmp/grXoiR6WBm.dsk...
qemu -hda /tmp/grXoiR6WBm.dsk -hdb tmp.dsk -hdc /tmp/UzECsqj60s.dsk -hdd /tmp/rfNBOYUwIF.dsk -m 4 -net none -nographic -monitor null
Kernel command line: -q run 'tar fs.tar /' get fs.tar
Pintos booting with 4,096 kB RAM...
free start is c011d000
369 pages available in kernel pool.
368 pages available in user pool.
Calibrating timer...  78,540,800 loops/s.
hd0:0: detected 153 sector (76 kB) disk, model "QEMU HARDDISK", serial "QM00001"
hd0:1: detected 4,032 sector (1 MB) disk, model "QEMU HARDDISK", serial "QM00002"
hd1:0: detected 2,048 sector (1024 kB) disk, model "QEMU HARDDISK", serial "QM00003"
hd1:1: detected 8,064 sector (3 MB) disk, model "QEMU HARDDISK", serial "QM00004"
Boot complete.
Executing 'tar fs.tar /':
/: open failed
error writing archive
tar: exit(1)
Execution of 'tar fs.tar /' complete.
Getting 'fs.tar' from the file system...
Timer: 54 ticks
Thread: 0 idle ticks, 53 kernel ticks, 1 user ticks
hd0:0: 0 reads, 0 writes
hd0:1: 32 reads, 3 writes
hd1:0: 0 reads, 1 writes
hd1:1: 0 reads, 0 writes
Console: 894 characters output
Keyboard: 0 keys pressed
Exception: 4 page faults
Powering off...
Copying tests/filesys/extended/dir-over-file.tar out of /tmp/UzECsqj60s.dsk...

- - - - - - - - - - - - - - - - - - - - - - - - - - - - - - - - - - - - - - 

DETAILS OF tests/filesys/extended/dir-rm-cwd-persistence FAILURE:

Prerequisite test tests/filesys/extended/dir-rm-cwd failed.

OUTPUT FROM tests/filesys/extended/dir-rm-cwd-persistence:

Writing command line to /tmp/lBeJEWXNFg.dsk...
qemu -hda /tmp/lBeJEWXNFg.dsk -hdb tmp.dsk -hdc /tmp/ocSEqkEYyZ.dsk -hdd /tmp/L3NafiMtpx.dsk -m 4 -net none -nographic -monitor null
Kernel command line: -q run 'tar fs.tar /' get fs.tar
Pintos booting with 4,096 kB RAM...
free start is c011d000
369 pages available in kernel pool.
368 pages available in user pool.
Calibrating timer...  78,540,800 loops/s.
hd0:0: detected 153 sector (76 kB) disk, model "QEMU HARDDISK", serial "QM00001"
hd0:1: detected 4,032 sector (1 MB) disk, model "QEMU HARDDISK", serial "QM00002"
hd1:0: detected 2,048 sector (1024 kB) disk, model "QEMU HARDDISK", serial "QM00003"
hd1:1: detected 8,064 sector (3 MB) disk, model "QEMU HARDDISK", serial "QM00004"
Boot complete.
Executing 'tar fs.tar /':
/: open failed
error writing archive
tar: exit(1)
Execution of 'tar fs.tar /' complete.
Getting 'fs.tar' from the file system...
Timer: 54 ticks
Thread: 0 idle ticks, 53 kernel ticks, 1 user ticks
hd0:0: 0 reads, 0 writes
hd0:1: 32 reads, 3 writes
hd1:0: 0 reads, 1 writes
hd1:1: 0 reads, 0 writes
Console: 894 characters output
Keyboard: 0 keys pressed
Exception: 4 page faults
Powering off...
Copying tests/filesys/extended/dir-rm-cwd.tar out of /tmp/ocSEqkEYyZ.dsk...

- - - - - - - - - - - - - - - - - - - - - - - - - - - - - - - - - - - - - - 

DETAILS OF tests/filesys/extended/dir-rm-parent-persistence FAILURE:

Prerequisite test tests/filesys/extended/dir-rm-parent failed.

OUTPUT FROM tests/filesys/extended/dir-rm-parent-persistence:

Writing command line to /tmp/LbfiqHxzbw.dsk...
qemu -hda /tmp/LbfiqHxzbw.dsk -hdb tmp.dsk -hdc /tmp/I3KstDBJT0.dsk -hdd /tmp/IIeWemiuQy.dsk -m 4 -net none -nographic -monitor null
Kernel command line: -q run 'tar fs.tar /' get fs.tar
Pintos booting with 4,096 kB RAM...
free start is c011d000
369 pages available in kernel pool.
368 pages available in user pool.
Calibrating timer...  78,540,800 loops/s.
hd0:0: detected 153 sector (76 kB) disk, model "QEMU HARDDISK", serial "QM00001"
hd0:1: detected 4,032 sector (1 MB) disk, model "QEMU HARDDISK", serial "QM00002"
hd1:0: detected 2,048 sector (1024 kB) disk, model "QEMU HARDDISK", serial "QM00003"
hd1:1: detected 8,064 sector (3 MB) disk, model "QEMU HARDDISK", serial "QM00004"
Boot complete.
Executing 'tar fs.tar /':
/: open failed
error writing archive
tar: exit(1)
Execution of 'tar fs.tar /' complete.
Getting 'fs.tar' from the file system...
Timer: 54 ticks
Thread: 0 idle ticks, 53 kernel ticks, 1 user ticks
hd0:0: 0 reads, 0 writes
hd0:1: 32 reads, 3 writes
hd1:0: 0 reads, 1 writes
hd1:1: 0 reads, 0 writes
Console: 894 characters output
Keyboard: 0 keys pressed
Exception: 4 page faults
Powering off...
Copying tests/filesys/extended/dir-rm-parent.tar out of /tmp/I3KstDBJT0.dsk...

- - - - - - - - - - - - - - - - - - - - - - - - - - - - - - - - - - - - - - 

DETAILS OF tests/filesys/extended/dir-rm-root-persistence FAILURE:

Error extracting file system:
/: open failed
error writing archive

OUTPUT FROM tests/filesys/extended/dir-rm-root-persistence:

Writing command line to /tmp/Cir44SGV7l.dsk...
qemu -hda /tmp/Cir44SGV7l.dsk -hdb tmp.dsk -hdc /tmp/YeVCbOeTUo.dsk -hdd /tmp/83BM70N1DW.dsk -m 4 -net none -nographic -monitor null
Kernel command line: -q run 'tar fs.tar /' get fs.tar
Pintos booting with 4,096 kB RAM...
free start is c011d000
369 pages available in kernel pool.
368 pages available in user pool.
Calibrating timer...  78,540,800 loops/s.
hd0:0: detected 153 sector (76 kB) disk, model "QEMU HARDDISK", serial "QM00001"
hd0:1: detected 4,032 sector (1 MB) disk, model "QEMU HARDDISK", serial "QM00002"
hd1:0: detected 2,048 sector (1024 kB) disk, model "QEMU HARDDISK", serial "QM00003"
hd1:1: detected 8,064 sector (3 MB) disk, model "QEMU HARDDISK", serial "QM00004"
Boot complete.
Executing 'tar fs.tar /':
/: open failed
error writing archive
tar: exit(1)
Execution of 'tar fs.tar /' complete.
Getting 'fs.tar' from the file system...
Timer: 54 ticks
Thread: 0 idle ticks, 53 kernel ticks, 1 user ticks
hd0:0: 0 reads, 0 writes
hd0:1: 32 reads, 3 writes
hd1:0: 0 reads, 1 writes
hd1:1: 0 reads, 0 writes
Console: 894 characters output
Keyboard: 0 keys pressed
Exception: 4 page faults
Powering off...
Copying tests/filesys/extended/dir-rm-root.tar out of /tmp/YeVCbOeTUo.dsk...

- - - - - - - - - - - - - - - - - - - - - - - - - - - - - - - - - - - - - - 

DETAILS OF tests/filesys/extended/dir-rm-tree-persistence FAILURE:

Prerequisite test tests/filesys/extended/dir-rm-tree failed.

OUTPUT FROM tests/filesys/extended/dir-rm-tree-persistence:

Writing command line to /tmp/XCQ0gwAMR2.dsk...
qemu -hda /tmp/XCQ0gwAMR2.dsk -hdb tmp.dsk -hdc /tmp/0Q1SkD7Q4y.dsk -hdd /tmp/HzjGZucEnn.dsk -m 4 -net none -nographic -monitor null
Kernel command line: -q run 'tar fs.tar /' get fs.tar
Pintos booting with 4,096 kB RAM...
free start is c011d000
369 pages available in kernel pool.
368 pages available in user pool.
Calibrating timer...  78,540,800 loops/s.
hd0:0: detected 153 sector (76 kB) disk, model "QEMU HARDDISK", serial "QM00001"
hd0:1: detected 4,032 sector (1 MB) disk, model "QEMU HARDDISK", serial "QM00002"
hd1:0: detected 2,048 sector (1024 kB) disk, model "QEMU HARDDISK", serial "QM00003"
hd1:1: detected 8,064 sector (3 MB) disk, model "QEMU HARDDISK", serial "QM00004"
Boot complete.
Executing 'tar fs.tar /':
/: open failed
error writing archive
tar: exit(1)
Execution of 'tar fs.tar /' complete.
Getting 'fs.tar' from the file system...
Timer: 54 ticks
Thread: 0 idle ticks, 53 kernel ticks, 1 user ticks
hd0:0: 0 reads, 0 writes
hd0:1: 32 reads, 3 writes
hd1:0: 0 reads, 1 writes
hd1:1: 0 reads, 0 writes
Console: 894 characters output
Keyboard: 0 keys pressed
Exception: 4 page faults
Powering off...
Copying tests/filesys/extended/dir-rm-tree.tar out of /tmp/0Q1SkD7Q4y.dsk...

- - - - - - - - - - - - - - - - - - - - - - - - - - - - - - - - - - - - - - 

DETAILS OF tests/filesys/extended/dir-rmdir-persistence FAILURE:

Prerequisite test tests/filesys/extended/dir-rmdir failed.

OUTPUT FROM tests/filesys/extended/dir-rmdir-persistence:

Writing command line to /tmp/clFDKIkg2N.dsk...
qemu -hda /tmp/clFDKIkg2N.dsk -hdb tmp.dsk -hdc /tmp/03oiXhLKVX.dsk -hdd /tmp/xGpqUplkCA.dsk -m 4 -net none -nographic -monitor null
Kernel command line: -q run 'tar fs.tar /' get fs.tar
Pintos booting with 4,096 kB RAM...
free start is c011d000
369 pages available in kernel pool.
368 pages available in user pool.
Calibrating timer...  78,540,800 loops/s.
hd0:0: detected 153 sector (76 kB) disk, model "QEMU HARDDISK", serial "QM00001"
hd0:1: detected 4,032 sector (1 MB) disk, model "QEMU HARDDISK", serial "QM00002"
hd1:0: detected 2,048 sector (1024 kB) disk, model "QEMU HARDDISK", serial "QM00003"
hd1:1: detected 8,064 sector (3 MB) disk, model "QEMU HARDDISK", serial "QM00004"
Boot complete.
Executing 'tar fs.tar /':
/: open failed
error writing archive
tar: exit(1)
Execution of 'tar fs.tar /' complete.
Getting 'fs.tar' from the file system...
Timer: 54 ticks
Thread: 0 idle ticks, 53 kernel ticks, 1 user ticks
hd0:0: 0 reads, 0 writes
hd0:1: 32 reads, 3 writes
hd1:0: 0 reads, 1 writes
hd1:1: 0 reads, 0 writes
Console: 894 characters output
Keyboard: 0 keys pressed
Exception: 4 page faults
Powering off...
Copying tests/filesys/extended/dir-rmdir.tar out of /tmp/03oiXhLKVX.dsk...

- - - - - - - - - - - - - - - - - - - - - - - - - - - - - - - - - - - - - - 

DETAILS OF tests/filesys/extended/dir-under-file-persistence FAILURE:

Prerequisite test tests/filesys/extended/dir-under-file failed.

OUTPUT FROM tests/filesys/extended/dir-under-file-persistence:

Writing command line to /tmp/5KuhioytNz.dsk...
qemu -hda /tmp/5KuhioytNz.dsk -hdb tmp.dsk -hdc /tmp/t0M1WGAQ3J.dsk -hdd /tmp/81C260K28j.dsk -m 4 -net none -nographic -monitor null
Kernel command line: -q run 'tar fs.tar /' get fs.tar
Pintos booting with 4,096 kB RAM...
free start is c011d000
369 pages available in kernel pool.
368 pages available in user pool.
Calibrating timer...  78,540,800 loops/s.
hd0:0: detected 153 sector (76 kB) disk, model "QEMU HARDDISK", serial "QM00001"
hd0:1: detected 4,032 sector (1 MB) disk, model "QEMU HARDDISK", serial "QM00002"
hd1:0: detected 2,048 sector (1024 kB) disk, model "QEMU HARDDISK", serial "QM00003"
hd1:1: detected 8,064 sector (3 MB) disk, model "QEMU HARDDISK", serial "QM00004"
Boot complete.
Executing 'tar fs.tar /':
/: open failed
error writing archive
tar: exit(1)
Execution of 'tar fs.tar /' complete.
Getting 'fs.tar' from the file system...
Timer: 54 ticks
Thread: 0 idle ticks, 53 kernel ticks, 1 user ticks
hd0:0: 0 reads, 0 writes
hd0:1: 32 reads, 3 writes
hd1:0: 0 reads, 1 writes
hd1:1: 0 reads, 0 writes
Console: 894 characters output
Keyboard: 0 keys pressed
Exception: 4 page faults
Powering off...
Copying tests/filesys/extended/dir-under-file.tar out of /tmp/t0M1WGAQ3J.dsk...

- - - - - - - - - - - - - - - - - - - - - - - - - - - - - - - - - - - - - - 

DETAILS OF tests/filesys/extended/dir-vine-persistence FAILURE:

Prerequisite test tests/filesys/extended/dir-vine failed.

OUTPUT FROM tests/filesys/extended/dir-vine-persistence:

Writing command line to /tmp/K5ydbxsc9C.dsk...
qemu -hda /tmp/K5ydbxsc9C.dsk -hdb tmp.dsk -hdc /tmp/RO7H5byfvG.dsk -hdd /tmp/zGrFsHJaYY.dsk -m 4 -net none -nographic -monitor null
Kernel command line: -q run 'tar fs.tar /' get fs.tar
Pintos booting with 4,096 kB RAM...
free start is c011d000
369 pages available in kernel pool.
368 pages available in user pool.
Calibrating timer...  78,540,800 loops/s.
hd0:0: detected 153 sector (76 kB) disk, model "QEMU HARDDISK", serial "QM00001"
hd0:1: detected 4,032 sector (1 MB) disk, model "QEMU HARDDISK", serial "QM00002"
hd1:0: detected 2,048 sector (1024 kB) disk, model "QEMU HARDDISK", serial "QM00003"
hd1:1: detected 8,064 sector (3 MB) disk, model "QEMU HARDDISK", serial "QM00004"
Boot complete.
Executing 'tar fs.tar /':
/: open failed
error writing archive
tar: exit(1)
Execution of 'tar fs.tar /' complete.
Getting 'fs.tar' from the file system...
Timer: 54 ticks
Thread: 0 idle ticks, 53 kernel ticks, 1 user ticks
hd0:0: 0 reads, 0 writes
hd0:1: 32 reads, 3 writes
hd1:0: 0 reads, 1 writes
hd1:1: 0 reads, 0 writes
Console: 894 characters output
Keyboard: 0 keys pressed
Exception: 4 page faults
Powering off...
Copying tests/filesys/extended/dir-vine.tar out of /tmp/RO7H5byfvG.dsk...

- - - - - - - - - - - - - - - - - - - - - - - - - - - - - - - - - - - - - - 

DETAILS OF tests/filesys/extended/grow-create-persistence FAILURE:

Error extracting file system:
/: open failed
error writing archive

OUTPUT FROM tests/filesys/extended/grow-create-persistence:

Writing command line to /tmp/xud7lK9d7O.dsk...
qemu -hda /tmp/xud7lK9d7O.dsk -hdb tmp.dsk -hdc /tmp/TNKDLFVoDE.dsk -hdd /tmp/0HOZNG8fv6.dsk -m 4 -net none -nographic -monitor null
Kernel command line: -q run 'tar fs.tar /' get fs.tar
Pintos booting with 4,096 kB RAM...
free start is c011d000
369 pages available in kernel pool.
368 pages available in user pool.
Calibrating timer...  78,540,800 loops/s.
hd0:0: detected 153 sector (76 kB) disk, model "QEMU HARDDISK", serial "QM00001"
hd0:1: detected 4,032 sector (1 MB) disk, model "QEMU HARDDISK", serial "QM00002"
hd1:0: detected 2,048 sector (1024 kB) disk, model "QEMU HARDDISK", serial "QM00003"
hd1:1: detected 8,064 sector (3 MB) disk, model "QEMU HARDDISK", serial "QM00004"
Boot complete.
Executing 'tar fs.tar /':
/: open failed
error writing archive
tar: exit(1)
Execution of 'tar fs.tar /' complete.
Getting 'fs.tar' from the file system...
Timer: 54 ticks
Thread: 0 idle ticks, 53 kernel ticks, 1 user ticks
hd0:0: 0 reads, 0 writes
hd0:1: 32 reads, 3 writes
hd1:0: 0 reads, 1 writes
hd1:1: 0 reads, 0 writes
Console: 894 characters output
Keyboard: 0 keys pressed
Exception: 4 page faults
Powering off...
Copying tests/filesys/extended/grow-create.tar out of /tmp/TNKDLFVoDE.dsk...

- - - - - - - - - - - - - - - - - - - - - - - - - - - - - - - - - - - - - - 

DETAILS OF tests/filesys/extended/grow-dir-lg-persistence FAILURE:

Prerequisite test tests/filesys/extended/grow-dir-lg failed.

OUTPUT FROM tests/filesys/extended/grow-dir-lg-persistence:

Writing command line to /tmp/b58fIY2yw3.dsk...
qemu -hda /tmp/b58fIY2yw3.dsk -hdb tmp.dsk -hdc /tmp/spkiLxYfDF.dsk -hdd /tmp/ZrUmoEuVIO.dsk -m 4 -net none -nographic -monitor null
Kernel command line: -q run 'tar fs.tar /' get fs.tar
Pintos booting with 4,096 kB RAM...
free start is c011d000
369 pages available in kernel pool.
368 pages available in user pool.
Calibrating timer...  78,540,800 loops/s.
hd0:0: detected 153 sector (76 kB) disk, model "QEMU HARDDISK", serial "QM00001"
hd0:1: detected 4,032 sector (1 MB) disk, model "QEMU HARDDISK", serial "QM00002"
hd1:0: detected 2,048 sector (1024 kB) disk, model "QEMU HARDDISK", serial "QM00003"
hd1:1: detected 8,064 sector (3 MB) disk, model "QEMU HARDDISK", serial "QM00004"
Boot complete.
Executing 'tar fs.tar /':
/: open failed
error writing archive
tar: exit(1)
Execution of 'tar fs.tar /' complete.
Getting 'fs.tar' from the file system...
Timer: 53 ticks
Thread: 0 idle ticks, 52 kernel ticks, 1 user ticks
hd0:0: 0 reads, 0 writes
hd0:1: 32 reads, 3 writes
hd1:0: 0 reads, 1 writes
hd1:1: 0 reads, 0 writes
Console: 894 characters output
Keyboard: 0 keys pressed
Exception: 4 page faults
Powering off...
Copying tests/filesys/extended/grow-dir-lg.tar out of /tmp/spkiLxYfDF.dsk...

- - - - - - - - - - - - - - - - - - - - - - - - - - - - - - - - - - - - - - 

DETAILS OF tests/filesys/extended/grow-file-size-persistence FAILURE:

Prerequisite test tests/filesys/extended/grow-file-size failed.

OUTPUT FROM tests/filesys/extended/grow-file-size-persistence:

Writing command line to /tmp/00Ox27l6BT.dsk...
qemu -hda /tmp/00Ox27l6BT.dsk -hdb tmp.dsk -hdc /tmp/hB12feQjFg.dsk -hdd /tmp/dINy8dHXEh.dsk -m 4 -net none -nographic -monitor null
Kernel command line: -q run 'tar fs.tar /' get fs.tar
Pintos booting with 4,096 kB RAM...
free start is c011d000
369 pages available in kernel pool.
368 pages available in user pool.
Calibrating timer...  78,540,800 loops/s.
hd0:0: detected 153 sector (76 kB) disk, model "QEMU HARDDISK", serial "QM00001"
hd0:1: detected 4,032 sector (1 MB) disk, model "QEMU HARDDISK", serial "QM00002"
hd1:0: detected 2,048 sector (1024 kB) disk, model "QEMU HARDDISK", serial "QM00003"
hd1:1: detected 8,064 sector (3 MB) disk, model "QEMU HARDDISK", serial "QM00004"
Boot complete.
Executing 'tar fs.tar /':
/: open failed
error writing archive
tar: exit(1)
Execution of 'tar fs.tar /' complete.
Getting 'fs.tar' from the file system...
Timer: 54 ticks
Thread: 0 idle ticks, 53 kernel ticks, 1 user ticks
hd0:0: 0 reads, 0 writes
hd0:1: 32 reads, 3 writes
hd1:0: 0 reads, 1 writes
hd1:1: 0 reads, 0 writes
Console: 894 characters output
Keyboard: 0 keys pressed
Exception: 4 page faults
Powering off...
Copying tests/filesys/extended/grow-file-size.tar out of /tmp/hB12feQjFg.dsk...

- - - - - - - - - - - - - - - - - - - - - - - - - - - - - - - - - - - - - - 

DETAILS OF tests/filesys/extended/grow-root-lg-persistence FAILURE:

Prerequisite test tests/filesys/extended/grow-root-lg failed.

OUTPUT FROM tests/filesys/extended/grow-root-lg-persistence:

Writing command line to /tmp/tRtzCjrDpi.dsk...
qemu -hda /tmp/tRtzCjrDpi.dsk -hdb tmp.dsk -hdc /tmp/ZIQbpiHiUz.dsk -hdd /tmp/g2SMeoSwKb.dsk -m 4 -net none -nographic -monitor null
Kernel command line: -q run 'tar fs.tar /' get fs.tar
Pintos booting with 4,096 kB RAM...
free start is c011d000
369 pages available in kernel pool.
368 pages available in user pool.
Calibrating timer...  78,540,800 loops/s.
hd0:0: detected 153 sector (76 kB) disk, model "QEMU HARDDISK", serial "QM00001"
hd0:1: detected 4,032 sector (1 MB) disk, model "QEMU HARDDISK", serial "QM00002"
hd1:0: detected 2,048 sector (1024 kB) disk, model "QEMU HARDDISK", serial "QM00003"
hd1:1: detected 8,064 sector (3 MB) disk, model "QEMU HARDDISK", serial "QM00004"
Boot complete.
Executing 'tar fs.tar /':
fs.tar: create failed
tar: exit(1)
Execution of 'tar fs.tar /' complete.
Getting 'fs.tar' from the file system...
Kernel PANIC at ../../filesys/fsutil.c:167 in fsutil_get(): fs.tar: open failed
Call stack: 0xc01073f6 0xc010d7ca 0xc01006b0 0xc01000d2.
The `backtrace' program can make call stacks useful.
Read "Backtraces" in the "Debugging Tools" chapter
of the Pintos documentation for more information.
Kernel PANIC recursion at ../../devices/timer.c:187 in real_time_sleep().
Kernel command line: -q run 'tar fs.tar /' get fs.tar
Pintos booting with 4,096 kB RAM...
[...details of reboot(s) omitted...]

- - - - - - - - - - - - - - - - - - - - - - - - - - - - - - - - - - - - - - 

DETAILS OF tests/filesys/extended/grow-root-sm-persistence FAILURE:

Prerequisite test tests/filesys/extended/grow-root-sm failed.

OUTPUT FROM tests/filesys/extended/grow-root-sm-persistence:

Writing command line to /tmp/r4aNZABG7a.dsk...
qemu -hda /tmp/r4aNZABG7a.dsk -hdb tmp.dsk -hdc /tmp/trzdUX7dbz.dsk -hdd /tmp/uYt5qF2kOT.dsk -m 4 -net none -nographic -monitor null
Kernel command line: -q run 'tar fs.tar /' get fs.tar
Pintos booting with 4,096 kB RAM...
free start is c011d000
369 pages available in kernel pool.
368 pages available in user pool.
Calibrating timer...  78,540,800 loops/s.
hd0:0: detected 153 sector (76 kB) disk, model "QEMU HARDDISK", serial "QM00001"
hd0:1: detected 4,032 sector (1 MB) disk, model "QEMU HARDDISK", serial "QM00002"
hd1:0: detected 2,048 sector (1024 kB) disk, model "QEMU HARDDISK", serial "QM00003"
hd1:1: detected 8,064 sector (3 MB) disk, model "QEMU HARDDISK", serial "QM00004"
Boot complete.
Executing 'tar fs.tar /':
fs.tar: create failed
tar: exit(1)
Execution of 'tar fs.tar /' complete.
Getting 'fs.tar' from the file system...
Kernel PANIC at ../../filesys/fsutil.c:167 in fsutil_get(): fs.tar: open failed
Call stack: 0xc01073f6 0xc010d7ca 0xc01006b0 0xc01000d2.
The `backtrace' program can make call stacks useful.
Read "Backtraces" in the "Debugging Tools" chapter
of the Pintos documentation for more information.
Kernel PANIC recursion at ../../devices/timer.c:187 in real_time_sleep().
Kernel command line: -q run 'tar fs.tar /' get fs.tar
Pintos booting with 4,096 kB RAM...
[...details of reboot(s) omitted...]

- - - - - - - - - - - - - - - - - - - - - - - - - - - - - - - - - - - - - - 

DETAILS OF tests/filesys/extended/grow-seq-lg-persistence FAILURE:

Prerequisite test tests/filesys/extended/grow-seq-lg failed.

OUTPUT FROM tests/filesys/extended/grow-seq-lg-persistence:

Writing command line to /tmp/kAPwPeq64V.dsk...
qemu -hda /tmp/kAPwPeq64V.dsk -hdb tmp.dsk -hdc /tmp/kWQ6RweAVy.dsk -hdd /tmp/1fvXMW3wNH.dsk -m 4 -net none -nographic -monitor null
Kernel command line: -q run 'tar fs.tar /' get fs.tar
Pintos booting with 4,096 kB RAM...
free start is c011d000
369 pages available in kernel pool.
368 pages available in user pool.
Calibrating timer...  78,540,800 loops/s.
hd0:0: detected 153 sector (76 kB) disk, model "QEMU HARDDISK", serial "QM00001"
hd0:1: detected 4,032 sector (1 MB) disk, model "QEMU HARDDISK", serial "QM00002"
hd1:0: detected 2,048 sector (1024 kB) disk, model "QEMU HARDDISK", serial "QM00003"
hd1:1: detected 8,064 sector (3 MB) disk, model "QEMU HARDDISK", serial "QM00004"
Boot complete.
Executing 'tar fs.tar /':
/: open failed
error writing archive
tar: exit(1)
Execution of 'tar fs.tar /' complete.
Getting 'fs.tar' from the file system...
Timer: 54 ticks
Thread: 0 idle ticks, 53 kernel ticks, 1 user ticks
hd0:0: 0 reads, 0 writes
hd0:1: 32 reads, 3 writes
hd1:0: 0 reads, 1 writes
hd1:1: 0 reads, 0 writes
Console: 894 characters output
Keyboard: 0 keys pressed
Exception: 4 page faults
Powering off...
Copying tests/filesys/extended/grow-seq-lg.tar out of /tmp/kWQ6RweAVy.dsk...

- - - - - - - - - - - - - - - - - - - - - - - - - - - - - - - - - - - - - - 

DETAILS OF tests/filesys/extended/grow-seq-sm-persistence FAILURE:

Prerequisite test tests/filesys/extended/grow-seq-sm failed.

OUTPUT FROM tests/filesys/extended/grow-seq-sm-persistence:

Writing command line to /tmp/Nby34vP5vI.dsk...
qemu -hda /tmp/Nby34vP5vI.dsk -hdb tmp.dsk -hdc /tmp/B9mAGBtEQC.dsk -hdd /tmp/oNDqaIWS33.dsk -m 4 -net none -nographic -monitor null
Kernel command line: -q run 'tar fs.tar /' get fs.tar
Pintos booting with 4,096 kB RAM...
free start is c011d000
369 pages available in kernel pool.
368 pages available in user pool.
Calibrating timer...  78,540,800 loops/s.
hd0:0: detected 153 sector (76 kB) disk, model "QEMU HARDDISK", serial "QM00001"
hd0:1: detected 4,032 sector (1 MB) disk, model "QEMU HARDDISK", serial "QM00002"
hd1:0: detected 2,048 sector (1024 kB) disk, model "QEMU HARDDISK", serial "QM00003"
hd1:1: detected 8,064 sector (3 MB) disk, model "QEMU HARDDISK", serial "QM00004"
Boot complete.
Executing 'tar fs.tar /':
/: open failed
error writing archive
tar: exit(1)
Execution of 'tar fs.tar /' complete.
Getting 'fs.tar' from the file system...
Timer: 54 ticks
Thread: 0 idle ticks, 53 kernel ticks, 1 user ticks
hd0:0: 0 reads, 0 writes
hd0:1: 32 reads, 3 writes
hd1:0: 0 reads, 1 writes
hd1:1: 0 reads, 0 writes
Console: 894 characters output
Keyboard: 0 keys pressed
Exception: 4 page faults
Powering off...
Copying tests/filesys/extended/grow-seq-sm.tar out of /tmp/B9mAGBtEQC.dsk...

- - - - - - - - - - - - - - - - - - - - - - - - - - - - - - - - - - - - - - 

DETAILS OF tests/filesys/extended/grow-sparse-persistence FAILURE:

Prerequisite test tests/filesys/extended/grow-sparse failed.

OUTPUT FROM tests/filesys/extended/grow-sparse-persistence:

Writing command line to /tmp/nzYBWZaZhX.dsk...
qemu -hda /tmp/nzYBWZaZhX.dsk -hdb tmp.dsk -hdc /tmp/7zHRCF5FEV.dsk -hdd /tmp/p7KRClHhgx.dsk -m 4 -net none -nographic -monitor null
Kernel command line: -q run 'tar fs.tar /' get fs.tar
Pintos booting with 4,096 kB RAM...
free start is c011d000
369 pages available in kernel pool.
368 pages available in user pool.
Calibrating timer...  78,540,800 loops/s.
hd0:0: detected 153 sector (76 kB) disk, model "QEMU HARDDISK", serial "QM00001"
hd0:1: detected 4,032 sector (1 MB) disk, model "QEMU HARDDISK", serial "QM00002"
hd1:0: detected 2,048 sector (1024 kB) disk, model "QEMU HARDDISK", serial "QM00003"
hd1:1: detected 8,064 sector (3 MB) disk, model "QEMU HARDDISK", serial "QM00004"
Boot complete.
Executing 'tar fs.tar /':
/: open failed
error writing archive
tar: exit(1)
Execution of 'tar fs.tar /' complete.
Getting 'fs.tar' from the file system...
Timer: 54 ticks
Thread: 0 idle ticks, 53 kernel ticks, 1 user ticks
hd0:0: 0 reads, 0 writes
hd0:1: 32 reads, 3 writes
hd1:0: 0 reads, 1 writes
hd1:1: 0 reads, 0 writes
Console: 894 characters output
Keyboard: 0 keys pressed
Exception: 4 page faults
Powering off...
Copying tests/filesys/extended/grow-sparse.tar out of /tmp/7zHRCF5FEV.dsk...

- - - - - - - - - - - - - - - - - - - - - - - - - - - - - - - - - - - - - - 

DETAILS OF tests/filesys/extended/grow-tell-persistence FAILURE:

Prerequisite test tests/filesys/extended/grow-tell failed.

OUTPUT FROM tests/filesys/extended/grow-tell-persistence:

Writing command line to /tmp/9wC652IXov.dsk...
qemu -hda /tmp/9wC652IXov.dsk -hdb tmp.dsk -hdc /tmp/8ExLi9zDNE.dsk -hdd /tmp/O5noQ0pfqg.dsk -m 4 -net none -nographic -monitor null
Kernel command line: -q run 'tar fs.tar /' get fs.tar
Pintos booting with 4,096 kB RAM...
free start is c011d000
369 pages available in kernel pool.
368 pages available in user pool.
Calibrating timer...  78,540,800 loops/s.
hd0:0: detected 153 sector (76 kB) disk, model "QEMU HARDDISK", serial "QM00001"
hd0:1: detected 4,032 sector (1 MB) disk, model "QEMU HARDDISK", serial "QM00002"
hd1:0: detected 2,048 sector (1024 kB) disk, model "QEMU HARDDISK", serial "QM00003"
hd1:1: detected 8,064 sector (3 MB) disk, model "QEMU HARDDISK", serial "QM00004"
Boot complete.
Executing 'tar fs.tar /':
/: open failed
error writing archive
tar: exit(1)
Execution of 'tar fs.tar /' complete.
Getting 'fs.tar' from the file system...
Timer: 54 ticks
Thread: 0 idle ticks, 53 kernel ticks, 1 user ticks
hd0:0: 0 reads, 0 writes
hd0:1: 32 reads, 3 writes
hd1:0: 0 reads, 1 writes
hd1:1: 0 reads, 0 writes
Console: 894 characters output
Keyboard: 0 keys pressed
Exception: 4 page faults
Powering off...
Copying tests/filesys/extended/grow-tell.tar out of /tmp/8ExLi9zDNE.dsk...

- - - - - - - - - - - - - - - - - - - - - - - - - - - - - - - - - - - - - - 

DETAILS OF tests/filesys/extended/grow-two-files-persistence FAILURE:

Prerequisite test tests/filesys/extended/grow-two-files failed.

OUTPUT FROM tests/filesys/extended/grow-two-files-persistence:

Writing command line to /tmp/qSssZMYLEw.dsk...
qemu -hda /tmp/qSssZMYLEw.dsk -hdb tmp.dsk -hdc /tmp/3Swms0GBip.dsk -hdd /tmp/xV66TMP9Uo.dsk -m 4 -net none -nographic -monitor null
Kernel command line: -q run 'tar fs.tar /' get fs.tar
Pintos booting with 4,096 kB RAM...
free start is c011d000
369 pages available in kernel pool.
368 pages available in user pool.
Calibrating timer...  78,540,800 loops/s.
hd0:0: detected 153 sector (76 kB) disk, model "QEMU HARDDISK", serial "QM00001"
hd0:1: detected 4,032 sector (1 MB) disk, model "QEMU HARDDISK", serial "QM00002"
hd1:0: detected 2,048 sector (1024 kB) disk, model "QEMU HARDDISK", serial "QM00003"
hd1:1: detected 8,064 sector (3 MB) disk, model "QEMU HARDDISK", serial "QM00004"
Boot complete.
Executing 'tar fs.tar /':
/: open failed
error writing archive
tar: exit(1)
Execution of 'tar fs.tar /' complete.
Getting 'fs.tar' from the file system...
Timer: 54 ticks
Thread: 0 idle ticks, 53 kernel ticks, 1 user ticks
hd0:0: 0 reads, 0 writes
hd0:1: 32 reads, 3 writes
hd1:0: 0 reads, 1 writes
hd1:1: 0 reads, 0 writes
Console: 894 characters output
Keyboard: 0 keys pressed
Exception: 4 page faults
Powering off...
Copying tests/filesys/extended/grow-two-files.tar out of /tmp/3Swms0GBip.dsk...

- - - - - - - - - - - - - - - - - - - - - - - - - - - - - - - - - - - - - - 

DETAILS OF tests/filesys/extended/syn-rw-persistence FAILURE:

Prerequisite test tests/filesys/extended/syn-rw failed.

OUTPUT FROM tests/filesys/extended/syn-rw-persistence:

Writing command line to /tmp/suREtjAbhQ.dsk...
qemu -hda /tmp/suREtjAbhQ.dsk -hdb tmp.dsk -hdc /tmp/ospNtdMG9s.dsk -hdd /tmp/5z9PaNmcJn.dsk -m 4 -net none -nographic -monitor null
Kernel command line: -q run 'tar fs.tar /' get fs.tar
Pintos booting with 4,096 kB RAM...
free start is c011d000
369 pages available in kernel pool.
368 pages available in user pool.
Calibrating timer...  78,540,800 loops/s.
hd0:0: detected 153 sector (76 kB) disk, model "QEMU HARDDISK", serial "QM00001"
hd0:1: detected 4,032 sector (1 MB) disk, model "QEMU HARDDISK", serial "QM00002"
hd1:0: detected 2,048 sector (1024 kB) disk, model "QEMU HARDDISK", serial "QM00003"
hd1:1: detected 8,064 sector (3 MB) disk, model "QEMU HARDDISK", serial "QM00004"
Boot complete.
Executing 'tar fs.tar /':
/: open failed
error writing archive
tar: exit(1)
Execution of 'tar fs.tar /' complete.
Getting 'fs.tar' from the file system...
Timer: 54 ticks
Thread: 0 idle ticks, 53 kernel ticks, 1 user ticks
hd0:0: 0 reads, 0 writes
hd0:1: 32 reads, 3 writes
hd1:0: 0 reads, 1 writes
hd1:1: 0 reads, 0 writes
Console: 894 characters output
Keyboard: 0 keys pressed
Exception: 4 page faults
Powering off...
Copying tests/filesys/extended/syn-rw.tar out of /tmp/ospNtdMG9s.dsk...

- - - - - - - - - - - - - - - - - - - - - - - - - - - - - - - - - - - - - - 

DETAILS OF tests/userprog/write-bad-ptr FAILURE:

run: TIMEOUT after 61 seconds of wall-clock time - load average: 0.17, 0.10, 0.03

OUTPUT FROM tests/userprog/write-bad-ptr:

Copying tests/userprog/write-bad-ptr into /tmp/GgDzVkGRKq.dsk...
Copying ../../tests/userprog/sample.txt into /tmp/GgDzVkGRKq.dsk...
Writing command line to /tmp/t9IWxlEM4J.dsk...
qemu -hda /tmp/t9IWxlEM4J.dsk -hdb /tmp/QUC3s5UbrV.dsk -hdc /tmp/GgDzVkGRKq.dsk -hdd /tmp/qznotqWDAL.dsk -m 4 -net none -nographic -monitor null
Kernel command line: -q -f put write-bad-ptr put sample.txt run write-bad-ptr
Pintos booting with 4,096 kB RAM...
free start is c011d000
369 pages available in kernel pool.
368 pages available in user pool.
Calibrating timer...  78,540,800 loops/s.
hd0:0: detected 153 sector (76 kB) disk, model "QEMU HARDDISK", serial "QM00001"
hd0:1: detected 4,032 sector (1 MB) disk, model "QEMU HARDDISK", serial "QM00002"
hd1:0: detected 75 sector (37 kB) disk, model "QEMU HARDDISK", serial "QM00003"
hd1:1: detected 8,064 sector (3 MB) disk, model "QEMU HARDDISK", serial "QM00004"
Formatting file system...after inode create in free_map_create
done.
Boot complete.
Putting 'write-bad-ptr' into the file system...
Putting 'sample.txt' into the file system...
Executing 'write-bad-ptr':
(write-bad-ptr) begin
(write-bad-ptr) open "sample.txt"
write-bad-ptr: exit(-1)
Execution of 'write-bad-ptr' complete.

TIMEOUT after 61 seconds of wall-clock time - load average: 0.17, 0.10, 0.03

- - - - - - - - - - - - - - - - - - - - - - - - - - - - - - - - - - - - - - 

DETAILS OF tests/vm/pt-bad-read FAILURE:

run: TIMEOUT after 61 seconds of wall-clock time - load average: 0.21, 0.32, 0.25

OUTPUT FROM tests/vm/pt-bad-read:

Copying tests/vm/pt-bad-read into /tmp/ks0tMduiKQ.dsk...
Copying ../../tests/vm/sample.txt into /tmp/ks0tMduiKQ.dsk...
Writing command line to /tmp/2G1k41ft8f.dsk...
qemu -hda /tmp/2G1k41ft8f.dsk -hdb /tmp/qS1rTnuhbZ.dsk -hdc /tmp/ks0tMduiKQ.dsk -hdd /tmp/9uKXnDAEWo.dsk -m 4 -net none -nographic -monitor null
Kernel command line: -q -f put pt-bad-read put sample.txt run pt-bad-read
Pintos booting with 4,096 kB RAM...
free start is c011d000
369 pages available in kernel pool.
368 pages available in user pool.
Calibrating timer...  78,540,800 loops/s.
hd0:0: detected 153 sector (76 kB) disk, model "QEMU HARDDISK", serial "QM00001"
hd0:1: detected 4,032 sector (1 MB) disk, model "QEMU HARDDISK", serial "QM00002"
hd1:0: detected 76 sector (38 kB) disk, model "QEMU HARDDISK", serial "QM00003"
hd1:1: detected 8,064 sector (3 MB) disk, model "QEMU HARDDISK", serial "QM00004"
Formatting file system...after inode create in free_map_create
done.
Boot complete.
Putting 'pt-bad-read' into the file system...
Putting 'sample.txt' into the file system...
Executing 'pt-bad-read':
(pt-bad-read) begin
(pt-bad-read) open "sample.txt"
pt-bad-read: exit(-1)
Execution of 'pt-bad-read' complete.

TIMEOUT after 61 seconds of wall-clock time - load average: 0.21, 0.32, 0.25
make[1]: Leaving directory `/home/19a/pintos/src/filesys/build'
